INFO: [XSIM 43-3496] Using init file passed via -initfile option "/opt/Xilinx/Vivado/2018.2/data/xsim/ip/xsim_ip.ini".
Vivado Simulator 2018.2
Copyright 1986-1999, 2001-2018 Xilinx, Inc. All Rights Reserved.
Running: /opt/Xilinx/Vivado/2018.2/bin/unwrapped/lnx64.o/xelab xil_defaultlib.apatb_int_div2_top glbl -prj int_div2.prj -L smartconnect_v1_0 -L axi_protocol_checker_v1_1_12 -L axi_protocol_checker_v1_1_13 -L axis_protocol_checker_v1_1_11 -L axis_protocol_checker_v1_1_12 -L xil_defaultlib -L unisims -L xpm --initfile /opt/Xilinx/Vivado/2018.2/data/xsim/ip/xsim_ip.ini --lib ieee_proposed=./ieee_proposed -s int_div2 
Multi-threading is on. Using 2 slave threads.
Determining compilation order of HDL files.
WARNING: [XSIM 43-3431] One or more environment variables have been detected which affect the operation of the C compiler. These are typically not set in standard installations and are not tested by Xilinx, however they may be appropriate for your system, so the flow will attempt to continue.  If errors occur, try running xelab with the "-mt off -v 1" switches to see more information from the C compiler. The following environment variables have been detected:
INFO: [VRFC 10-2263] Analyzing SystemVerilog file "/home/duazel/Documents/stage3IF/High_Level_Synthesis_Trainee/operator_Vivado/int_div2/fir_prj/solution1/sim/vhdl/glbl.v" into library work
INFO: [VRFC 10-311] analyzing module glbl
INFO: [VRFC 10-163] Analyzing VHDL file "/home/duazel/Documents/stage3IF/High_Level_Synthesis_Trainee/operator_Vivado/int_div2/fir_prj/solution1/sim/vhdl/AESL_sim_pkg.vhd" into library xil_defaultlib
INFO: [VRFC 10-163] Analyzing VHDL file "/home/duazel/Documents/stage3IF/High_Level_Synthesis_Trainee/operator_Vivado/int_div2/fir_prj/solution1/sim/vhdl/int_div2.vhd" into library xil_defaultlib
INFO: [VRFC 10-307] analyzing entity int_div2
INFO: [VRFC 10-163] Analyzing VHDL file "/home/duazel/Documents/stage3IF/High_Level_Synthesis_Trainee/operator_Vivado/int_div2/fir_prj/solution1/sim/vhdl/int_div2.autotb.vhd" into library xil_defaultlib
INFO: [VRFC 10-307] analyzing entity apatb_int_div2_top
Starting static elaboration
Completed static elaboration
Starting simulation data flow analysis
Completed simulation data flow analysis
Time Resolution for simulation is 1ps
Compiling package std.standard
Compiling package std.textio
Compiling package ieee.std_logic_1164
Compiling package ieee.std_logic_arith
Compiling package ieee.std_logic_unsigned
Compiling package ieee.numeric_std
Compiling package ieee.std_logic_textio
Compiling module work.glbl
Compiling architecture behav of entity xil_defaultlib.int_div2 [int_div2_default]
Compiling architecture behav of entity xil_defaultlib.apatb_int_div2_top
Built simulation snapshot int_div2
