#-----------------------------------------------------------
# xsim v2018.2 (64-bit)
# SW Build 2258646 on Thu Jun 14 20:02:38 MDT 2018
# IP Build 2256618 on Thu Jun 14 22:10:49 MDT 2018
# Start of session at: Mon Jul 23 16:58:56 2018
# Process ID: 11139
# Current directory: /home/duazel/Documents/stage3IF/High_Level_Synthesis_Trainee/operator_Vivado/int_div2/fir_prj/solution1/sim/vhdl
# Command line: xsim -mode tcl -source {xsim.dir/int_div2/xsim_script.tcl}
# Log file: /home/duazel/Documents/stage3IF/High_Level_Synthesis_Trainee/operator_Vivado/int_div2/fir_prj/solution1/sim/vhdl/xsim.log
# Journal file: /home/duazel/Documents/stage3IF/High_Level_Synthesis_Trainee/operator_Vivado/int_div2/fir_prj/solution1/sim/vhdl/xsim.jou
#-----------------------------------------------------------
source xsim.dir/int_div2/xsim_script.tcl
# xsim {int_div2} -autoloadwcfg -tclbatch {int_div2.tcl}
Vivado Simulator 2018.2
Time resolution is 1 ps
source int_div2.tcl
## run all
Note: simulation done!
Time: 1000175 ns  Iteration: 1  Process: /apatb_int_div2_top/generate_sim_done_proc  File: /home/duazel/Documents/stage3IF/High_Level_Synthesis_Trainee/operator_Vivado/int_div2/fir_prj/solution1/sim/vhdl/int_div2.autotb.vhd
Failure: NORMAL EXIT (note: failure is to force the simulator to stop)
Time: 1000175 ns  Iteration: 1  Process: /apatb_int_div2_top/generate_sim_done_proc  File: /home/duazel/Documents/stage3IF/High_Level_Synthesis_Trainee/operator_Vivado/int_div2/fir_prj/solution1/sim/vhdl/int_div2.autotb.vhd
$finish called at time : 1000175 ns
## quit
INFO: [Common 17-206] Exiting xsim at Mon Jul 23 16:59:11 2018...
