Copyright 1986-2018 Xilinx, Inc. All Rights Reserved.
------------------------------------------------------------------------------------
| Tool Version : Vivado v.2018.2 (lin64) Build 2258646 Thu Jun 14 20:02:38 MDT 2018
| Date         : Mon Jul 23 09:42:59 2018
| Host         : duazel-portable running 64-bit Ubuntu 16.04.5 LTS
| Command      : report_timing -file ./report/top_timing_synth.rpt
| Design       : top
| Device       : 7k160t-fbg484
| Speed File   : -1  PRODUCTION 1.12 2017-02-17
------------------------------------------------------------------------------------

Timing Report

Slack (MET) :             7.126ns  (required time - arrival time)
  Source:                 a_V[1]
                            (input port)
  Destination:            ap_return[0]
  Path Group:             **default**
  Path Type:              Max at Slow Process Corner
  Requirement:            10.000ns  (MaxDelay Path 10.000ns)
  Data Path Delay:        2.874ns  (logic 1.062ns (36.952%)  route 1.812ns (63.048%))
  Logic Levels:           4  (CARRY4=3 LUT1=1)
  Output Delay:           0.000ns
  Timing Exception:       MaxDelay Path 10.000ns

    Location             Delay type                Incr(ns)  Path(ns)    Netlist Resource(s)
  -------------------------------------------------------------------    -------------------
                                                      0.000     0.000 f  a_V[1] (IN)
                         net (fo=6, unset)            0.672     0.672    a_V[1]
                         LUT1 (Prop_lut1_I0_O)        0.053     0.725 r  ap_return[0]_INST_0_i_16/O
                         net (fo=1, unplaced)         0.000     0.725    ap_return[0]_INST_0_i_16_n_0
                         CARRY4 (Prop_carry4_S[1]_O[2])
                                                      0.340     1.065 r  ap_return[0]_INST_0_i_6/O[2]
                         net (fo=1, unplaced)         0.460     1.525    ap_return[0]_INST_0_i_6_n_5
                         CARRY4 (Prop_carry4_S[0]_CO[3])
                                                      0.449     1.974 r  ap_return[0]_INST_0_i_1/CO[3]
                         net (fo=1, unplaced)         0.008     1.982    ap_return[0]_INST_0_i_1_n_0
                         CARRY4 (Prop_carry4_CI_O[1])
                                                      0.220     2.202 r  ap_return[0]_INST_0/O[1]
                         net (fo=0)                   0.672     2.874    ap_return[0]
                                                                      r  ap_return[0] (OUT)
  -------------------------------------------------------------------    -------------------

                         max delay                   10.000    10.000    
                         clock pessimism              0.000    10.000    
                         output delay                -0.000    10.000    
  -------------------------------------------------------------------
                         required time                         10.000    
                         arrival time                          -2.874    
  -------------------------------------------------------------------
                         slack                                  7.126    




