Copyright 1986-2018 Xilinx, Inc. All Rights Reserved.
--------------------------------------------------------------------------------------
| Tool Version : Vivado v.2018.2 (lin64) Build 2258646 Thu Jun 14 20:02:38 MDT 2018
| Date         : Mon Jul 23 16:27:11 2018
| Host         : duazel-portable running 64-bit Ubuntu 16.04.5 LTS
| Command      : report_control_sets -verbose -file long_div3_control_sets_placed.rpt
| Design       : long_div3
| Device       : xc7k160t
--------------------------------------------------------------------------------------

Control Set Information

Table of Contents
-----------------
1. Summary
2. Histogram
3. Flip-Flop Distribution
4. Detailed Control Set Information

1. Summary
----------

+----------------------------------------------------------+-------+
|                          Status                          | Count |
+----------------------------------------------------------+-------+
| Number of unique control sets                            |     9 |
| Unused register locations in slices containing registers |     4 |
+----------------------------------------------------------+-------+


2. Histogram
------------

+--------+--------------+
| Fanout | Control Sets |
+--------+--------------+
|      4 |            1 |
|    16+ |            8 |
+--------+--------------+


3. Flip-Flop Distribution
-------------------------

+--------------+-----------------------+------------------------+-----------------+--------------+
| Clock Enable | Synchronous Set/Reset | Asynchronous Set/Reset | Total Registers | Total Slices |
+--------------+-----------------------+------------------------+-----------------+--------------+
| No           | No                    | No                     |               4 |            2 |
| No           | No                    | Yes                    |               0 |            0 |
| No           | Yes                   | No                     |              16 |            2 |
| Yes          | No                    | No                     |             224 |           27 |
| Yes          | No                    | Yes                    |               0 |            0 |
| Yes          | Yes                   | No                     |               0 |            0 |
+--------------+-----------------------+------------------------+-----------------+--------------+


4. Detailed Control Set Information
-----------------------------------

+--------------+------------------+------------------+------------------+----------------+
| Clock Signal |   Enable Signal  | Set/Reset Signal | Slice Load Count | Bel Load Count |
+--------------+------------------+------------------+------------------+----------------+
|  ap_clk      |                  |                  |                2 |              4 |
|  ap_clk      |                  | ap_rst           |                2 |             16 |
|  ap_clk      | ap_CS_fsm_state6 |                  |                2 |             16 |
|  ap_clk      | ap_CS_fsm_state3 |                  |                2 |             16 |
|  ap_clk      | ap_CS_fsm_state4 |                  |                2 |             16 |
|  ap_clk      | ap_CS_fsm_state2 |                  |                2 |             16 |
|  ap_clk      | ap_CS_fsm_state7 |                  |                2 |             16 |
|  ap_clk      | ap_CS_fsm_state5 |                  |                2 |             16 |
|  ap_clk      | ap_NS_fsm1       |                  |               15 |            128 |
+--------------+------------------+------------------+------------------+----------------+


