Copyright 1986-2018 Xilinx, Inc. All Rights Reserved.
-----------------------------------------------------------------------------------------------------------------------------------------------------------------------------------------------------
| Tool Version : Vivado v.2018.2 (lin64) Build 2258646 Thu Jun 14 20:02:38 MDT 2018
| Date         : Mon Jul 30 12:03:31 2018
| Host         : duazel-portable running 64-bit Ubuntu 16.04.5 LTS
| Command      : report_timing_summary -max_paths 10 -file float_div3_timing_summary_routed.rpt -pb float_div3_timing_summary_routed.pb -rpx float_div3_timing_summary_routed.rpx -warn_on_violation
| Design       : float_div3
| Device       : 7k160t-fbg484
| Speed File   : -1  PRODUCTION 1.12 2017-02-17
-----------------------------------------------------------------------------------------------------------------------------------------------------------------------------------------------------

Timing Summary Report

------------------------------------------------------------------------------------------------
| Timer Settings
| --------------
------------------------------------------------------------------------------------------------

  Enable Multi Corner Analysis               :  Yes
  Enable Pessimism Removal                   :  Yes
  Pessimism Removal Resolution               :  Nearest Common Node
  Enable Input Delay Default Clock           :  No
  Enable Preset / Clear Arcs                 :  No
  Disable Flight Delays                      :  No
  Ignore I/O Paths                           :  No
  Timing Early Launch at Borrowing Latches   :  false

  Corner  Analyze    Analyze    
  Name    Max Paths  Min Paths  
  ------  ---------  ---------  
  Slow    Yes        Yes        
  Fast    Yes        Yes        



check_timing report

Table of Contents
-----------------
1. checking no_clock
2. checking constant_clock
3. checking pulse_width_clock
4. checking unconstrained_internal_endpoints
5. checking no_input_delay
6. checking no_output_delay
7. checking multiple_clock
8. checking generated_clocks
9. checking loops
10. checking partial_input_delay
11. checking partial_output_delay
12. checking latch_loops

1. checking no_clock
--------------------
 There are 0 register/latch pins with no clock.


2. checking constant_clock
--------------------------
 There are 0 register/latch pins with constant_clock.


3. checking pulse_width_clock
-----------------------------
 There are 0 register/latch pins which need pulse_width check


4. checking unconstrained_internal_endpoints
--------------------------------------------
 There are 0 pins that are not constrained for maximum delay.

 There are 0 pins that are not constrained for maximum delay due to constant clock.


5. checking no_input_delay
--------------------------
 There are 34 input ports with no input delay specified. (HIGH)

 There are 0 input ports with no input delay but user has a false path constraint.


6. checking no_output_delay
---------------------------
 There are 35 ports with no output delay specified. (HIGH)

 There are 0 ports with no output delay but user has a false path constraint

 There are 0 ports with no output delay but with a timing clock defined on it or propagating through it


7. checking multiple_clock
--------------------------
 There are 0 register/latch pins with multiple clocks.


8. checking generated_clocks
----------------------------
 There are 0 generated clocks that are not connected to a clock source.


9. checking loops
-----------------
 There are 0 combinational loops in the design.


10. checking partial_input_delay
--------------------------------
 There are 0 input ports with partial input delay specified.


11. checking partial_output_delay
---------------------------------
 There are 0 ports with partial output delay specified.


12. checking latch_loops
------------------------
 There are 0 combinational latch loops in the design through latch input



------------------------------------------------------------------------------------------------
| Design Timing Summary
| ---------------------
------------------------------------------------------------------------------------------------

    WNS(ns)      TNS(ns)  TNS Failing Endpoints  TNS Total Endpoints      WHS(ns)      THS(ns)  THS Failing Endpoints  THS Total Endpoints     WPWS(ns)     TPWS(ns)  TPWS Failing Endpoints  TPWS Total Endpoints  
    -------      -------  ---------------------  -------------------      -------      -------  ---------------------  -------------------     --------     --------  ----------------------  --------------------  
      5.332        0.000                      0                  120        0.134        0.000                      0                  120        4.600        0.000                       0                    92  


All user specified timing constraints are met.


------------------------------------------------------------------------------------------------
| Clock Summary
| -------------
------------------------------------------------------------------------------------------------

Clock   Waveform(ns)       Period(ns)      Frequency(MHz)
-----   ------------       ----------      --------------
ap_clk  {0.000 5.000}      10.000          100.000         


------------------------------------------------------------------------------------------------
| Intra Clock Table
| -----------------
------------------------------------------------------------------------------------------------

Clock             WNS(ns)      TNS(ns)  TNS Failing Endpoints  TNS Total Endpoints      WHS(ns)      THS(ns)  THS Failing Endpoints  THS Total Endpoints     WPWS(ns)     TPWS(ns)  TPWS Failing Endpoints  TPWS Total Endpoints  
-----             -------      -------  ---------------------  -------------------      -------      -------  ---------------------  -------------------     --------     --------  ----------------------  --------------------  
ap_clk              5.332        0.000                      0                  120        0.134        0.000                      0                  120        4.600        0.000                       0                    92  


------------------------------------------------------------------------------------------------
| Inter Clock Table
| -----------------
------------------------------------------------------------------------------------------------

From Clock    To Clock          WNS(ns)      TNS(ns)  TNS Failing Endpoints  TNS Total Endpoints      WHS(ns)      THS(ns)  THS Failing Endpoints  THS Total Endpoints  
----------    --------          -------      -------  ---------------------  -------------------      -------      -------  ---------------------  -------------------  


------------------------------------------------------------------------------------------------
| Other Path Groups Table
| -----------------------
------------------------------------------------------------------------------------------------

Path Group    From Clock    To Clock          WNS(ns)      TNS(ns)  TNS Failing Endpoints  TNS Total Endpoints      WHS(ns)      THS(ns)  THS Failing Endpoints  THS Total Endpoints  
----------    ----------    --------          -------      -------  ---------------------  -------------------      -------      -------  ---------------------  -------------------  


------------------------------------------------------------------------------------------------
| Timing Details
| --------------
------------------------------------------------------------------------------------------------


---------------------------------------------------------------------------------------------------
From Clock:  ap_clk
  To Clock:  ap_clk

Setup :            0  Failing Endpoints,  Worst Slack        5.332ns,  Total Violation        0.000ns
Hold  :            0  Failing Endpoints,  Worst Slack        0.134ns,  Total Violation        0.000ns
PW    :            0  Failing Endpoints,  Worst Slack        4.600ns,  Total Violation        0.000ns
---------------------------------------------------------------------------------------------------


Max Delay Paths
--------------------------------------------------------------------------------------
Slack (MET) :             5.332ns  (required time - arrival time)
  Source:                 ap_CS_fsm_reg[6]/C
                            (rising edge-triggered cell FDRE clocked by ap_clk  {rise@0.000ns fall@5.000ns period=10.000ns})
  Destination:            p_Repl2_s_reg_112_reg[0]/D
                            (rising edge-triggered cell FDRE clocked by ap_clk  {rise@0.000ns fall@5.000ns period=10.000ns})
  Path Group:             ap_clk
  Path Type:              Setup (Max at Slow Process Corner)
  Requirement:            10.000ns  (ap_clk rise@10.000ns - ap_clk rise@0.000ns)
  Data Path Delay:        4.671ns  (logic 0.753ns (16.122%)  route 3.918ns (83.878%))
  Logic Levels:           6  (LUT3=1 LUT5=1 LUT6=4)
  Clock Path Skew:        -0.034ns (DCD - SCD + CPR)
    Destination Clock Delay (DCD):    0.638ns = ( 10.638 - 10.000 ) 
    Source Clock Delay      (SCD):    0.672ns
    Clock Pessimism Removal (CPR):    0.000ns
  Clock Uncertainty:      0.035ns  ((TSJ^2 + TIJ^2)^1/2 + DJ) / 2 + PE
    Total System Jitter     (TSJ):    0.071ns
    Total Input Jitter      (TIJ):    0.000ns
    Discrete Jitter          (DJ):    0.000ns
    Phase Error              (PE):    0.000ns

    Location             Delay type                Incr(ns)  Path(ns)    Netlist Resource(s)
  -------------------------------------------------------------------    -------------------
                         (clock ap_clk rise edge)     0.000     0.000 r  
                                                      0.000     0.000 r  ap_clk (IN)
                         net (fo=91, unset)           0.672     0.672    ap_clk
    SLICE_X16Y136        FDRE                                         r  ap_CS_fsm_reg[6]/C
  -------------------------------------------------------------------    -------------------
    SLICE_X16Y136        FDRE (Prop_fdre_C_Q)         0.308     0.980 r  ap_CS_fsm_reg[6]/Q
                         net (fo=19, routed)          0.854     1.834    ap_CS_fsm_state7
    SLICE_X15Y137        LUT3 (Prop_lut3_I0_O)        0.063     1.897 r  ap_return[2]_INST_0_i_10/O
                         net (fo=1, routed)           0.548     2.445    ap_return[2]_INST_0_i_10_n_0
    SLICE_X16Y137        LUT6 (Prop_lut6_I4_O)        0.170     2.615 f  ap_return[2]_INST_0_i_6/O
                         net (fo=12, routed)          0.728     3.343    ap_return[2]_INST_0_i_6_n_0
    SLICE_X16Y138        LUT5 (Prop_lut5_I0_O)        0.053     3.396 r  ap_return[1]_INST_0_i_15/O
                         net (fo=1, routed)           0.801     4.197    ap_return[1]_INST_0_i_15_n_0
    SLICE_X17Y137        LUT6 (Prop_lut6_I2_O)        0.053     4.250 r  ap_return[1]_INST_0_i_5/O
                         net (fo=6, routed)           0.385     4.636    ap_return[1]_INST_0_i_5_n_0
    SLICE_X18Y137        LUT6 (Prop_lut6_I3_O)        0.053     4.689 r  ap_return[0]_INST_0_i_1/O
                         net (fo=7, routed)           0.601     5.290    grp_lut_div9_chunk_fu_128_ap_return_0[0]
    SLICE_X20Y139        LUT6 (Prop_lut6_I2_O)        0.053     5.343 r  p_Repl2_s_reg_112[0]_i_1/O
                         net (fo=1, routed)           0.000     5.343    p_Repl2_s_reg_112[0]_i_1_n_0
    SLICE_X20Y139        FDRE                                         r  p_Repl2_s_reg_112_reg[0]/D
  -------------------------------------------------------------------    -------------------

                         (clock ap_clk rise edge)    10.000    10.000 r  
                                                      0.000    10.000 r  ap_clk (IN)
                         net (fo=91, unset)           0.638    10.638    ap_clk
    SLICE_X20Y139        FDRE                                         r  p_Repl2_s_reg_112_reg[0]/C
                         clock pessimism              0.000    10.638    
                         clock uncertainty           -0.035    10.603    
    SLICE_X20Y139        FDRE (Setup_fdre_C_D)        0.072    10.675    p_Repl2_s_reg_112_reg[0]
  -------------------------------------------------------------------
                         required time                         10.675    
                         arrival time                          -5.343    
  -------------------------------------------------------------------
                         slack                                  5.332    

Slack (MET) :             5.341ns  (required time - arrival time)
  Source:                 ap_CS_fsm_reg[6]/C
                            (rising edge-triggered cell FDRE clocked by ap_clk  {rise@0.000ns fall@5.000ns period=10.000ns})
  Destination:            q_chunk_V_0_7_i_i_reg_689_reg[1]/D
                            (rising edge-triggered cell FDRE clocked by ap_clk  {rise@0.000ns fall@5.000ns period=10.000ns})
  Path Group:             ap_clk
  Path Type:              Setup (Max at Slow Process Corner)
  Requirement:            10.000ns  (ap_clk rise@10.000ns - ap_clk rise@0.000ns)
  Data Path Delay:        4.583ns  (logic 0.700ns (15.273%)  route 3.883ns (84.727%))
  Logic Levels:           5  (LUT3=1 LUT5=2 LUT6=2)
  Clock Path Skew:        -0.034ns (DCD - SCD + CPR)
    Destination Clock Delay (DCD):    0.638ns = ( 10.638 - 10.000 ) 
    Source Clock Delay      (SCD):    0.672ns
    Clock Pessimism Removal (CPR):    0.000ns
  Clock Uncertainty:      0.035ns  ((TSJ^2 + TIJ^2)^1/2 + DJ) / 2 + PE
    Total System Jitter     (TSJ):    0.071ns
    Total Input Jitter      (TIJ):    0.000ns
    Discrete Jitter          (DJ):    0.000ns
    Phase Error              (PE):    0.000ns

    Location             Delay type                Incr(ns)  Path(ns)    Netlist Resource(s)
  -------------------------------------------------------------------    -------------------
                         (clock ap_clk rise edge)     0.000     0.000 r  
                                                      0.000     0.000 r  ap_clk (IN)
                         net (fo=91, unset)           0.672     0.672    ap_clk
    SLICE_X16Y136        FDRE                                         r  ap_CS_fsm_reg[6]/C
  -------------------------------------------------------------------    -------------------
    SLICE_X16Y136        FDRE (Prop_fdre_C_Q)         0.308     0.980 r  ap_CS_fsm_reg[6]/Q
                         net (fo=19, routed)          0.854     1.834    ap_CS_fsm_state7
    SLICE_X15Y137        LUT3 (Prop_lut3_I0_O)        0.063     1.897 r  ap_return[2]_INST_0_i_10/O
                         net (fo=1, routed)           0.548     2.445    ap_return[2]_INST_0_i_10_n_0
    SLICE_X16Y137        LUT6 (Prop_lut6_I4_O)        0.170     2.615 f  ap_return[2]_INST_0_i_6/O
                         net (fo=12, routed)          0.728     3.343    ap_return[2]_INST_0_i_6_n_0
    SLICE_X16Y138        LUT5 (Prop_lut5_I0_O)        0.053     3.396 r  ap_return[1]_INST_0_i_15/O
                         net (fo=1, routed)           0.801     4.197    ap_return[1]_INST_0_i_15_n_0
    SLICE_X17Y137        LUT6 (Prop_lut6_I2_O)        0.053     4.250 r  ap_return[1]_INST_0_i_5/O
                         net (fo=6, routed)           0.337     4.587    ap_return[1]_INST_0_i_5_n_0
    SLICE_X17Y137        LUT5 (Prop_lut5_I3_O)        0.053     4.640 r  ap_return[1]_INST_0_i_1/O
                         net (fo=7, routed)           0.615     5.255    grp_lut_div9_chunk_fu_128_ap_return_0[1]
    SLICE_X20Y140        FDRE                                         r  q_chunk_V_0_7_i_i_reg_689_reg[1]/D
  -------------------------------------------------------------------    -------------------

                         (clock ap_clk rise edge)    10.000    10.000 r  
                                                      0.000    10.000 r  ap_clk (IN)
                         net (fo=91, unset)           0.638    10.638    ap_clk
    SLICE_X20Y140        FDRE                                         r  q_chunk_V_0_7_i_i_reg_689_reg[1]/C
                         clock pessimism              0.000    10.638    
                         clock uncertainty           -0.035    10.603    
    SLICE_X20Y140        FDRE (Setup_fdre_C_D)       -0.007    10.596    q_chunk_V_0_7_i_i_reg_689_reg[1]
  -------------------------------------------------------------------
                         required time                         10.596    
                         arrival time                          -5.255    
  -------------------------------------------------------------------
                         slack                                  5.341    

Slack (MET) :             5.366ns  (required time - arrival time)
  Source:                 ap_CS_fsm_reg[6]/C
                            (rising edge-triggered cell FDRE clocked by ap_clk  {rise@0.000ns fall@5.000ns period=10.000ns})
  Destination:            q_chunk_V_0_7_i_i_reg_689_reg[0]/D
                            (rising edge-triggered cell FDRE clocked by ap_clk  {rise@0.000ns fall@5.000ns period=10.000ns})
  Path Group:             ap_clk
  Path Type:              Setup (Max at Slow Process Corner)
  Requirement:            10.000ns  (ap_clk rise@10.000ns - ap_clk rise@0.000ns)
  Data Path Delay:        4.547ns  (logic 0.700ns (15.395%)  route 3.847ns (84.605%))
  Logic Levels:           5  (LUT3=1 LUT5=1 LUT6=3)
  Clock Path Skew:        -0.034ns (DCD - SCD + CPR)
    Destination Clock Delay (DCD):    0.638ns = ( 10.638 - 10.000 ) 
    Source Clock Delay      (SCD):    0.672ns
    Clock Pessimism Removal (CPR):    0.000ns
  Clock Uncertainty:      0.035ns  ((TSJ^2 + TIJ^2)^1/2 + DJ) / 2 + PE
    Total System Jitter     (TSJ):    0.071ns
    Total Input Jitter      (TIJ):    0.000ns
    Discrete Jitter          (DJ):    0.000ns
    Phase Error              (PE):    0.000ns

    Location             Delay type                Incr(ns)  Path(ns)    Netlist Resource(s)
  -------------------------------------------------------------------    -------------------
                         (clock ap_clk rise edge)     0.000     0.000 r  
                                                      0.000     0.000 r  ap_clk (IN)
                         net (fo=91, unset)           0.672     0.672    ap_clk
    SLICE_X16Y136        FDRE                                         r  ap_CS_fsm_reg[6]/C
  -------------------------------------------------------------------    -------------------
    SLICE_X16Y136        FDRE (Prop_fdre_C_Q)         0.308     0.980 r  ap_CS_fsm_reg[6]/Q
                         net (fo=19, routed)          0.854     1.834    ap_CS_fsm_state7
    SLICE_X15Y137        LUT3 (Prop_lut3_I0_O)        0.063     1.897 r  ap_return[2]_INST_0_i_10/O
                         net (fo=1, routed)           0.548     2.445    ap_return[2]_INST_0_i_10_n_0
    SLICE_X16Y137        LUT6 (Prop_lut6_I4_O)        0.170     2.615 f  ap_return[2]_INST_0_i_6/O
                         net (fo=12, routed)          0.728     3.343    ap_return[2]_INST_0_i_6_n_0
    SLICE_X16Y138        LUT5 (Prop_lut5_I0_O)        0.053     3.396 r  ap_return[1]_INST_0_i_15/O
                         net (fo=1, routed)           0.801     4.197    ap_return[1]_INST_0_i_15_n_0
    SLICE_X17Y137        LUT6 (Prop_lut6_I2_O)        0.053     4.250 r  ap_return[1]_INST_0_i_5/O
                         net (fo=6, routed)           0.385     4.636    ap_return[1]_INST_0_i_5_n_0
    SLICE_X18Y137        LUT6 (Prop_lut6_I3_O)        0.053     4.689 r  ap_return[0]_INST_0_i_1/O
                         net (fo=7, routed)           0.531     5.219    grp_lut_div9_chunk_fu_128_ap_return_0[0]
    SLICE_X20Y140        FDRE                                         r  q_chunk_V_0_7_i_i_reg_689_reg[0]/D
  -------------------------------------------------------------------    -------------------

                         (clock ap_clk rise edge)    10.000    10.000 r  
                                                      0.000    10.000 r  ap_clk (IN)
                         net (fo=91, unset)           0.638    10.638    ap_clk
    SLICE_X20Y140        FDRE                                         r  q_chunk_V_0_7_i_i_reg_689_reg[0]/C
                         clock pessimism              0.000    10.638    
                         clock uncertainty           -0.035    10.603    
    SLICE_X20Y140        FDRE (Setup_fdre_C_D)       -0.018    10.585    q_chunk_V_0_7_i_i_reg_689_reg[0]
  -------------------------------------------------------------------
                         required time                         10.585    
                         arrival time                          -5.219    
  -------------------------------------------------------------------
                         slack                                  5.366    

Slack (MET) :             5.370ns  (required time - arrival time)
  Source:                 ap_CS_fsm_reg[6]/C
                            (rising edge-triggered cell FDRE clocked by ap_clk  {rise@0.000ns fall@5.000ns period=10.000ns})
  Destination:            q_chunk_V_0_3_i_i_reg_664_reg[1]/D
                            (rising edge-triggered cell FDRE clocked by ap_clk  {rise@0.000ns fall@5.000ns period=10.000ns})
  Path Group:             ap_clk
  Path Type:              Setup (Max at Slow Process Corner)
  Requirement:            10.000ns  (ap_clk rise@10.000ns - ap_clk rise@0.000ns)
  Data Path Delay:        4.624ns  (logic 0.768ns (16.611%)  route 3.856ns (83.389%))
  Logic Levels:           6  (LUT3=2 LUT5=2 LUT6=2)
  Clock Path Skew:        -0.034ns (DCD - SCD + CPR)
    Destination Clock Delay (DCD):    0.638ns = ( 10.638 - 10.000 ) 
    Source Clock Delay      (SCD):    0.672ns
    Clock Pessimism Removal (CPR):    0.000ns
  Clock Uncertainty:      0.035ns  ((TSJ^2 + TIJ^2)^1/2 + DJ) / 2 + PE
    Total System Jitter     (TSJ):    0.071ns
    Total Input Jitter      (TIJ):    0.000ns
    Discrete Jitter          (DJ):    0.000ns
    Phase Error              (PE):    0.000ns

    Location             Delay type                Incr(ns)  Path(ns)    Netlist Resource(s)
  -------------------------------------------------------------------    -------------------
                         (clock ap_clk rise edge)     0.000     0.000 r  
                                                      0.000     0.000 r  ap_clk (IN)
                         net (fo=91, unset)           0.672     0.672    ap_clk
    SLICE_X16Y136        FDRE                                         r  ap_CS_fsm_reg[6]/C
  -------------------------------------------------------------------    -------------------
    SLICE_X16Y136        FDRE (Prop_fdre_C_Q)         0.308     0.980 r  ap_CS_fsm_reg[6]/Q
                         net (fo=19, routed)          0.854     1.834    ap_CS_fsm_state7
    SLICE_X15Y137        LUT3 (Prop_lut3_I0_O)        0.063     1.897 r  ap_return[2]_INST_0_i_10/O
                         net (fo=1, routed)           0.548     2.445    ap_return[2]_INST_0_i_10_n_0
    SLICE_X16Y137        LUT6 (Prop_lut6_I4_O)        0.170     2.615 f  ap_return[2]_INST_0_i_6/O
                         net (fo=12, routed)          0.728     3.343    ap_return[2]_INST_0_i_6_n_0
    SLICE_X16Y138        LUT5 (Prop_lut5_I0_O)        0.053     3.396 r  ap_return[1]_INST_0_i_15/O
                         net (fo=1, routed)           0.801     4.197    ap_return[1]_INST_0_i_15_n_0
    SLICE_X17Y137        LUT6 (Prop_lut6_I2_O)        0.053     4.250 r  ap_return[1]_INST_0_i_5/O
                         net (fo=6, routed)           0.337     4.587    ap_return[1]_INST_0_i_5_n_0
    SLICE_X17Y137        LUT5 (Prop_lut5_I3_O)        0.053     4.640 r  ap_return[1]_INST_0_i_1/O
                         net (fo=7, routed)           0.587     5.228    grp_lut_div9_chunk_fu_128_ap_return_0[1]
    SLICE_X17Y139        LUT3 (Prop_lut3_I0_O)        0.068     5.296 r  q_chunk_V_0_3_i_i_reg_664[1]_i_1/O
                         net (fo=1, routed)           0.000     5.296    q_chunk_V_0_3_i_i_reg_664[1]_i_1_n_0
    SLICE_X17Y139        FDRE                                         r  q_chunk_V_0_3_i_i_reg_664_reg[1]/D
  -------------------------------------------------------------------    -------------------

                         (clock ap_clk rise edge)    10.000    10.000 r  
                                                      0.000    10.000 r  ap_clk (IN)
                         net (fo=91, unset)           0.638    10.638    ap_clk
    SLICE_X17Y139        FDRE                                         r  q_chunk_V_0_3_i_i_reg_664_reg[1]/C
                         clock pessimism              0.000    10.638    
                         clock uncertainty           -0.035    10.603    
    SLICE_X17Y139        FDRE (Setup_fdre_C_D)        0.063    10.666    q_chunk_V_0_3_i_i_reg_664_reg[1]
  -------------------------------------------------------------------
                         required time                         10.666    
                         arrival time                          -5.296    
  -------------------------------------------------------------------
                         slack                                  5.370    

Slack (MET) :             5.396ns  (required time - arrival time)
  Source:                 ap_CS_fsm_reg[6]/C
                            (rising edge-triggered cell FDRE clocked by ap_clk  {rise@0.000ns fall@5.000ns period=10.000ns})
  Destination:            q_chunk_V_0_9_i_i_reg_699_reg[0]/D
                            (rising edge-triggered cell FDRE clocked by ap_clk  {rise@0.000ns fall@5.000ns period=10.000ns})
  Path Group:             ap_clk
  Path Type:              Setup (Max at Slow Process Corner)
  Requirement:            10.000ns  (ap_clk rise@10.000ns - ap_clk rise@0.000ns)
  Data Path Delay:        4.528ns  (logic 0.700ns (15.458%)  route 3.828ns (84.542%))
  Logic Levels:           5  (LUT3=1 LUT5=1 LUT6=3)
  Clock Path Skew:        -0.034ns (DCD - SCD + CPR)
    Destination Clock Delay (DCD):    0.638ns = ( 10.638 - 10.000 ) 
    Source Clock Delay      (SCD):    0.672ns
    Clock Pessimism Removal (CPR):    0.000ns
  Clock Uncertainty:      0.035ns  ((TSJ^2 + TIJ^2)^1/2 + DJ) / 2 + PE
    Total System Jitter     (TSJ):    0.071ns
    Total Input Jitter      (TIJ):    0.000ns
    Discrete Jitter          (DJ):    0.000ns
    Phase Error              (PE):    0.000ns

    Location             Delay type                Incr(ns)  Path(ns)    Netlist Resource(s)
  -------------------------------------------------------------------    -------------------
                         (clock ap_clk rise edge)     0.000     0.000 r  
                                                      0.000     0.000 r  ap_clk (IN)
                         net (fo=91, unset)           0.672     0.672    ap_clk
    SLICE_X16Y136        FDRE                                         r  ap_CS_fsm_reg[6]/C
  -------------------------------------------------------------------    -------------------
    SLICE_X16Y136        FDRE (Prop_fdre_C_Q)         0.308     0.980 r  ap_CS_fsm_reg[6]/Q
                         net (fo=19, routed)          0.854     1.834    ap_CS_fsm_state7
    SLICE_X15Y137        LUT3 (Prop_lut3_I0_O)        0.063     1.897 r  ap_return[2]_INST_0_i_10/O
                         net (fo=1, routed)           0.548     2.445    ap_return[2]_INST_0_i_10_n_0
    SLICE_X16Y137        LUT6 (Prop_lut6_I4_O)        0.170     2.615 f  ap_return[2]_INST_0_i_6/O
                         net (fo=12, routed)          0.728     3.343    ap_return[2]_INST_0_i_6_n_0
    SLICE_X16Y138        LUT5 (Prop_lut5_I0_O)        0.053     3.396 r  ap_return[1]_INST_0_i_15/O
                         net (fo=1, routed)           0.801     4.197    ap_return[1]_INST_0_i_15_n_0
    SLICE_X17Y137        LUT6 (Prop_lut6_I2_O)        0.053     4.250 r  ap_return[1]_INST_0_i_5/O
                         net (fo=6, routed)           0.385     4.636    ap_return[1]_INST_0_i_5_n_0
    SLICE_X18Y137        LUT6 (Prop_lut6_I3_O)        0.053     4.689 r  ap_return[0]_INST_0_i_1/O
                         net (fo=7, routed)           0.512     5.200    grp_lut_div9_chunk_fu_128_ap_return_0[0]
    SLICE_X20Y137        FDRE                                         r  q_chunk_V_0_9_i_i_reg_699_reg[0]/D
  -------------------------------------------------------------------    -------------------

                         (clock ap_clk rise edge)    10.000    10.000 r  
                                                      0.000    10.000 r  ap_clk (IN)
                         net (fo=91, unset)           0.638    10.638    ap_clk
    SLICE_X20Y137        FDRE                                         r  q_chunk_V_0_9_i_i_reg_699_reg[0]/C
                         clock pessimism              0.000    10.638    
                         clock uncertainty           -0.035    10.603    
    SLICE_X20Y137        FDRE (Setup_fdre_C_D)       -0.007    10.596    q_chunk_V_0_9_i_i_reg_699_reg[0]
  -------------------------------------------------------------------
                         required time                         10.596    
                         arrival time                          -5.200    
  -------------------------------------------------------------------
                         slack                                  5.396    

Slack (MET) :             5.420ns  (required time - arrival time)
  Source:                 ap_CS_fsm_reg[6]/C
                            (rising edge-triggered cell FDRE clocked by ap_clk  {rise@0.000ns fall@5.000ns period=10.000ns})
  Destination:            q_chunk_V_0_5_i_i_reg_679_reg[1]/D
                            (rising edge-triggered cell FDRE clocked by ap_clk  {rise@0.000ns fall@5.000ns period=10.000ns})
  Path Group:             ap_clk
  Path Type:              Setup (Max at Slow Process Corner)
  Requirement:            10.000ns  (ap_clk rise@10.000ns - ap_clk rise@0.000ns)
  Data Path Delay:        4.479ns  (logic 0.700ns (15.628%)  route 3.779ns (84.372%))
  Logic Levels:           5  (LUT3=1 LUT5=2 LUT6=2)
  Clock Path Skew:        -0.034ns (DCD - SCD + CPR)
    Destination Clock Delay (DCD):    0.638ns = ( 10.638 - 10.000 ) 
    Source Clock Delay      (SCD):    0.672ns
    Clock Pessimism Removal (CPR):    0.000ns
  Clock Uncertainty:      0.035ns  ((TSJ^2 + TIJ^2)^1/2 + DJ) / 2 + PE
    Total System Jitter     (TSJ):    0.071ns
    Total Input Jitter      (TIJ):    0.000ns
    Discrete Jitter          (DJ):    0.000ns
    Phase Error              (PE):    0.000ns

    Location             Delay type                Incr(ns)  Path(ns)    Netlist Resource(s)
  -------------------------------------------------------------------    -------------------
                         (clock ap_clk rise edge)     0.000     0.000 r  
                                                      0.000     0.000 r  ap_clk (IN)
                         net (fo=91, unset)           0.672     0.672    ap_clk
    SLICE_X16Y136        FDRE                                         r  ap_CS_fsm_reg[6]/C
  -------------------------------------------------------------------    -------------------
    SLICE_X16Y136        FDRE (Prop_fdre_C_Q)         0.308     0.980 r  ap_CS_fsm_reg[6]/Q
                         net (fo=19, routed)          0.854     1.834    ap_CS_fsm_state7
    SLICE_X15Y137        LUT3 (Prop_lut3_I0_O)        0.063     1.897 r  ap_return[2]_INST_0_i_10/O
                         net (fo=1, routed)           0.548     2.445    ap_return[2]_INST_0_i_10_n_0
    SLICE_X16Y137        LUT6 (Prop_lut6_I4_O)        0.170     2.615 f  ap_return[2]_INST_0_i_6/O
                         net (fo=12, routed)          0.728     3.343    ap_return[2]_INST_0_i_6_n_0
    SLICE_X16Y138        LUT5 (Prop_lut5_I0_O)        0.053     3.396 r  ap_return[1]_INST_0_i_15/O
                         net (fo=1, routed)           0.801     4.197    ap_return[1]_INST_0_i_15_n_0
    SLICE_X17Y137        LUT6 (Prop_lut6_I2_O)        0.053     4.250 r  ap_return[1]_INST_0_i_5/O
                         net (fo=6, routed)           0.337     4.587    ap_return[1]_INST_0_i_5_n_0
    SLICE_X17Y137        LUT5 (Prop_lut5_I3_O)        0.053     4.640 r  ap_return[1]_INST_0_i_1/O
                         net (fo=7, routed)           0.511     5.151    grp_lut_div9_chunk_fu_128_ap_return_0[1]
    SLICE_X21Y139        FDRE                                         r  q_chunk_V_0_5_i_i_reg_679_reg[1]/D
  -------------------------------------------------------------------    -------------------

                         (clock ap_clk rise edge)    10.000    10.000 r  
                                                      0.000    10.000 r  ap_clk (IN)
                         net (fo=91, unset)           0.638    10.638    ap_clk
    SLICE_X21Y139        FDRE                                         r  q_chunk_V_0_5_i_i_reg_679_reg[1]/C
                         clock pessimism              0.000    10.638    
                         clock uncertainty           -0.035    10.603    
    SLICE_X21Y139        FDRE (Setup_fdre_C_D)       -0.032    10.571    q_chunk_V_0_5_i_i_reg_679_reg[1]
  -------------------------------------------------------------------
                         required time                         10.571    
                         arrival time                          -5.151    
  -------------------------------------------------------------------
                         slack                                  5.420    

Slack (MET) :             5.442ns  (required time - arrival time)
  Source:                 ap_CS_fsm_reg[6]/C
                            (rising edge-triggered cell FDRE clocked by ap_clk  {rise@0.000ns fall@5.000ns period=10.000ns})
  Destination:            q_chunk_V_0_5_i_i_reg_679_reg[0]/D
                            (rising edge-triggered cell FDRE clocked by ap_clk  {rise@0.000ns fall@5.000ns period=10.000ns})
  Path Group:             ap_clk
  Path Type:              Setup (Max at Slow Process Corner)
  Requirement:            10.000ns  (ap_clk rise@10.000ns - ap_clk rise@0.000ns)
  Data Path Delay:        4.444ns  (logic 0.700ns (15.753%)  route 3.744ns (84.247%))
  Logic Levels:           5  (LUT3=1 LUT5=1 LUT6=3)
  Clock Path Skew:        -0.034ns (DCD - SCD + CPR)
    Destination Clock Delay (DCD):    0.638ns = ( 10.638 - 10.000 ) 
    Source Clock Delay      (SCD):    0.672ns
    Clock Pessimism Removal (CPR):    0.000ns
  Clock Uncertainty:      0.035ns  ((TSJ^2 + TIJ^2)^1/2 + DJ) / 2 + PE
    Total System Jitter     (TSJ):    0.071ns
    Total Input Jitter      (TIJ):    0.000ns
    Discrete Jitter          (DJ):    0.000ns
    Phase Error              (PE):    0.000ns

    Location             Delay type                Incr(ns)  Path(ns)    Netlist Resource(s)
  -------------------------------------------------------------------    -------------------
                         (clock ap_clk rise edge)     0.000     0.000 r  
                                                      0.000     0.000 r  ap_clk (IN)
                         net (fo=91, unset)           0.672     0.672    ap_clk
    SLICE_X16Y136        FDRE                                         r  ap_CS_fsm_reg[6]/C
  -------------------------------------------------------------------    -------------------
    SLICE_X16Y136        FDRE (Prop_fdre_C_Q)         0.308     0.980 r  ap_CS_fsm_reg[6]/Q
                         net (fo=19, routed)          0.854     1.834    ap_CS_fsm_state7
    SLICE_X15Y137        LUT3 (Prop_lut3_I0_O)        0.063     1.897 r  ap_return[2]_INST_0_i_10/O
                         net (fo=1, routed)           0.548     2.445    ap_return[2]_INST_0_i_10_n_0
    SLICE_X16Y137        LUT6 (Prop_lut6_I4_O)        0.170     2.615 f  ap_return[2]_INST_0_i_6/O
                         net (fo=12, routed)          0.728     3.343    ap_return[2]_INST_0_i_6_n_0
    SLICE_X16Y138        LUT5 (Prop_lut5_I0_O)        0.053     3.396 r  ap_return[1]_INST_0_i_15/O
                         net (fo=1, routed)           0.801     4.197    ap_return[1]_INST_0_i_15_n_0
    SLICE_X17Y137        LUT6 (Prop_lut6_I2_O)        0.053     4.250 r  ap_return[1]_INST_0_i_5/O
                         net (fo=6, routed)           0.385     4.636    ap_return[1]_INST_0_i_5_n_0
    SLICE_X18Y137        LUT6 (Prop_lut6_I3_O)        0.053     4.689 r  ap_return[0]_INST_0_i_1/O
                         net (fo=7, routed)           0.427     5.116    grp_lut_div9_chunk_fu_128_ap_return_0[0]
    SLICE_X21Y139        FDRE                                         r  q_chunk_V_0_5_i_i_reg_679_reg[0]/D
  -------------------------------------------------------------------    -------------------

                         (clock ap_clk rise edge)    10.000    10.000 r  
                                                      0.000    10.000 r  ap_clk (IN)
                         net (fo=91, unset)           0.638    10.638    ap_clk
    SLICE_X21Y139        FDRE                                         r  q_chunk_V_0_5_i_i_reg_679_reg[0]/C
                         clock pessimism              0.000    10.638    
                         clock uncertainty           -0.035    10.603    
    SLICE_X21Y139        FDRE (Setup_fdre_C_D)       -0.045    10.558    q_chunk_V_0_5_i_i_reg_679_reg[0]
  -------------------------------------------------------------------
                         required time                         10.558    
                         arrival time                          -5.116    
  -------------------------------------------------------------------
                         slack                                  5.442    

Slack (MET) :             5.446ns  (required time - arrival time)
  Source:                 ap_CS_fsm_reg[6]/C
                            (rising edge-triggered cell FDRE clocked by ap_clk  {rise@0.000ns fall@5.000ns period=10.000ns})
  Destination:            q_chunk_V_0_10_i_i_reg_709_reg[0]/D
                            (rising edge-triggered cell FDRE clocked by ap_clk  {rise@0.000ns fall@5.000ns period=10.000ns})
  Path Group:             ap_clk
  Path Type:              Setup (Max at Slow Process Corner)
  Requirement:            10.000ns  (ap_clk rise@10.000ns - ap_clk rise@0.000ns)
  Data Path Delay:        4.451ns  (logic 0.700ns (15.725%)  route 3.751ns (84.275%))
  Logic Levels:           5  (LUT3=1 LUT5=1 LUT6=3)
  Clock Path Skew:        -0.034ns (DCD - SCD + CPR)
    Destination Clock Delay (DCD):    0.638ns = ( 10.638 - 10.000 ) 
    Source Clock Delay      (SCD):    0.672ns
    Clock Pessimism Removal (CPR):    0.000ns
  Clock Uncertainty:      0.035ns  ((TSJ^2 + TIJ^2)^1/2 + DJ) / 2 + PE
    Total System Jitter     (TSJ):    0.071ns
    Total Input Jitter      (TIJ):    0.000ns
    Discrete Jitter          (DJ):    0.000ns
    Phase Error              (PE):    0.000ns

    Location             Delay type                Incr(ns)  Path(ns)    Netlist Resource(s)
  -------------------------------------------------------------------    -------------------
                         (clock ap_clk rise edge)     0.000     0.000 r  
                                                      0.000     0.000 r  ap_clk (IN)
                         net (fo=91, unset)           0.672     0.672    ap_clk
    SLICE_X16Y136        FDRE                                         r  ap_CS_fsm_reg[6]/C
  -------------------------------------------------------------------    -------------------
    SLICE_X16Y136        FDRE (Prop_fdre_C_Q)         0.308     0.980 r  ap_CS_fsm_reg[6]/Q
                         net (fo=19, routed)          0.854     1.834    ap_CS_fsm_state7
    SLICE_X15Y137        LUT3 (Prop_lut3_I0_O)        0.063     1.897 r  ap_return[2]_INST_0_i_10/O
                         net (fo=1, routed)           0.548     2.445    ap_return[2]_INST_0_i_10_n_0
    SLICE_X16Y137        LUT6 (Prop_lut6_I4_O)        0.170     2.615 f  ap_return[2]_INST_0_i_6/O
                         net (fo=12, routed)          0.728     3.343    ap_return[2]_INST_0_i_6_n_0
    SLICE_X16Y138        LUT5 (Prop_lut5_I0_O)        0.053     3.396 r  ap_return[1]_INST_0_i_15/O
                         net (fo=1, routed)           0.801     4.197    ap_return[1]_INST_0_i_15_n_0
    SLICE_X17Y137        LUT6 (Prop_lut6_I2_O)        0.053     4.250 r  ap_return[1]_INST_0_i_5/O
                         net (fo=6, routed)           0.385     4.636    ap_return[1]_INST_0_i_5_n_0
    SLICE_X18Y137        LUT6 (Prop_lut6_I3_O)        0.053     4.689 r  ap_return[0]_INST_0_i_1/O
                         net (fo=7, routed)           0.435     5.123    grp_lut_div9_chunk_fu_128_ap_return_0[0]
    SLICE_X21Y137        FDRE                                         r  q_chunk_V_0_10_i_i_reg_709_reg[0]/D
  -------------------------------------------------------------------    -------------------

                         (clock ap_clk rise edge)    10.000    10.000 r  
                                                      0.000    10.000 r  ap_clk (IN)
                         net (fo=91, unset)           0.638    10.638    ap_clk
    SLICE_X21Y137        FDRE                                         r  q_chunk_V_0_10_i_i_reg_709_reg[0]/C
                         clock pessimism              0.000    10.638    
                         clock uncertainty           -0.035    10.603    
    SLICE_X21Y137        FDRE (Setup_fdre_C_D)       -0.034    10.569    q_chunk_V_0_10_i_i_reg_709_reg[0]
  -------------------------------------------------------------------
                         required time                         10.569    
                         arrival time                          -5.123    
  -------------------------------------------------------------------
                         slack                                  5.446    

Slack (MET) :             5.452ns  (required time - arrival time)
  Source:                 ap_CS_fsm_reg[6]/C
                            (rising edge-triggered cell FDRE clocked by ap_clk  {rise@0.000ns fall@5.000ns period=10.000ns})
  Destination:            q_chunk_V_0_9_i_i_reg_699_reg[1]/D
                            (rising edge-triggered cell FDRE clocked by ap_clk  {rise@0.000ns fall@5.000ns period=10.000ns})
  Path Group:             ap_clk
  Path Type:              Setup (Max at Slow Process Corner)
  Requirement:            10.000ns  (ap_clk rise@10.000ns - ap_clk rise@0.000ns)
  Data Path Delay:        4.472ns  (logic 0.700ns (15.653%)  route 3.772ns (84.347%))
  Logic Levels:           5  (LUT3=1 LUT5=2 LUT6=2)
  Clock Path Skew:        -0.034ns (DCD - SCD + CPR)
    Destination Clock Delay (DCD):    0.638ns = ( 10.638 - 10.000 ) 
    Source Clock Delay      (SCD):    0.672ns
    Clock Pessimism Removal (CPR):    0.000ns
  Clock Uncertainty:      0.035ns  ((TSJ^2 + TIJ^2)^1/2 + DJ) / 2 + PE
    Total System Jitter     (TSJ):    0.071ns
    Total Input Jitter      (TIJ):    0.000ns
    Discrete Jitter          (DJ):    0.000ns
    Phase Error              (PE):    0.000ns

    Location             Delay type                Incr(ns)  Path(ns)    Netlist Resource(s)
  -------------------------------------------------------------------    -------------------
                         (clock ap_clk rise edge)     0.000     0.000 r  
                                                      0.000     0.000 r  ap_clk (IN)
                         net (fo=91, unset)           0.672     0.672    ap_clk
    SLICE_X16Y136        FDRE                                         r  ap_CS_fsm_reg[6]/C
  -------------------------------------------------------------------    -------------------
    SLICE_X16Y136        FDRE (Prop_fdre_C_Q)         0.308     0.980 r  ap_CS_fsm_reg[6]/Q
                         net (fo=19, routed)          0.854     1.834    ap_CS_fsm_state7
    SLICE_X15Y137        LUT3 (Prop_lut3_I0_O)        0.063     1.897 r  ap_return[2]_INST_0_i_10/O
                         net (fo=1, routed)           0.548     2.445    ap_return[2]_INST_0_i_10_n_0
    SLICE_X16Y137        LUT6 (Prop_lut6_I4_O)        0.170     2.615 f  ap_return[2]_INST_0_i_6/O
                         net (fo=12, routed)          0.728     3.343    ap_return[2]_INST_0_i_6_n_0
    SLICE_X16Y138        LUT5 (Prop_lut5_I0_O)        0.053     3.396 r  ap_return[1]_INST_0_i_15/O
                         net (fo=1, routed)           0.801     4.197    ap_return[1]_INST_0_i_15_n_0
    SLICE_X17Y137        LUT6 (Prop_lut6_I2_O)        0.053     4.250 r  ap_return[1]_INST_0_i_5/O
                         net (fo=6, routed)           0.337     4.587    ap_return[1]_INST_0_i_5_n_0
    SLICE_X17Y137        LUT5 (Prop_lut5_I3_O)        0.053     4.640 r  ap_return[1]_INST_0_i_1/O
                         net (fo=7, routed)           0.504     5.144    grp_lut_div9_chunk_fu_128_ap_return_0[1]
    SLICE_X20Y137        FDRE                                         r  q_chunk_V_0_9_i_i_reg_699_reg[1]/D
  -------------------------------------------------------------------    -------------------

                         (clock ap_clk rise edge)    10.000    10.000 r  
                                                      0.000    10.000 r  ap_clk (IN)
                         net (fo=91, unset)           0.638    10.638    ap_clk
    SLICE_X20Y137        FDRE                                         r  q_chunk_V_0_9_i_i_reg_699_reg[1]/C
                         clock pessimism              0.000    10.638    
                         clock uncertainty           -0.035    10.603    
    SLICE_X20Y137        FDRE (Setup_fdre_C_D)       -0.007    10.596    q_chunk_V_0_9_i_i_reg_699_reg[1]
  -------------------------------------------------------------------
                         required time                         10.596    
                         arrival time                          -5.144    
  -------------------------------------------------------------------
                         slack                                  5.452    

Slack (MET) :             5.456ns  (required time - arrival time)
  Source:                 ap_CS_fsm_reg[6]/C
                            (rising edge-triggered cell FDRE clocked by ap_clk  {rise@0.000ns fall@5.000ns period=10.000ns})
  Destination:            q_chunk_V_0_3_i_i_reg_664_reg[0]/D
                            (rising edge-triggered cell FDRE clocked by ap_clk  {rise@0.000ns fall@5.000ns period=10.000ns})
  Path Group:             ap_clk
  Path Type:              Setup (Max at Slow Process Corner)
  Requirement:            10.000ns  (ap_clk rise@10.000ns - ap_clk rise@0.000ns)
  Data Path Delay:        4.509ns  (logic 0.753ns (16.699%)  route 3.756ns (83.301%))
  Logic Levels:           6  (LUT3=2 LUT5=1 LUT6=3)
  Clock Path Skew:        -0.034ns (DCD - SCD + CPR)
    Destination Clock Delay (DCD):    0.638ns = ( 10.638 - 10.000 ) 
    Source Clock Delay      (SCD):    0.672ns
    Clock Pessimism Removal (CPR):    0.000ns
  Clock Uncertainty:      0.035ns  ((TSJ^2 + TIJ^2)^1/2 + DJ) / 2 + PE
    Total System Jitter     (TSJ):    0.071ns
    Total Input Jitter      (TIJ):    0.000ns
    Discrete Jitter          (DJ):    0.000ns
    Phase Error              (PE):    0.000ns

    Location             Delay type                Incr(ns)  Path(ns)    Netlist Resource(s)
  -------------------------------------------------------------------    -------------------
                         (clock ap_clk rise edge)     0.000     0.000 r  
                                                      0.000     0.000 r  ap_clk (IN)
                         net (fo=91, unset)           0.672     0.672    ap_clk
    SLICE_X16Y136        FDRE                                         r  ap_CS_fsm_reg[6]/C
  -------------------------------------------------------------------    -------------------
    SLICE_X16Y136        FDRE (Prop_fdre_C_Q)         0.308     0.980 r  ap_CS_fsm_reg[6]/Q
                         net (fo=19, routed)          0.854     1.834    ap_CS_fsm_state7
    SLICE_X15Y137        LUT3 (Prop_lut3_I0_O)        0.063     1.897 r  ap_return[2]_INST_0_i_10/O
                         net (fo=1, routed)           0.548     2.445    ap_return[2]_INST_0_i_10_n_0
    SLICE_X16Y137        LUT6 (Prop_lut6_I4_O)        0.170     2.615 f  ap_return[2]_INST_0_i_6/O
                         net (fo=12, routed)          0.728     3.343    ap_return[2]_INST_0_i_6_n_0
    SLICE_X16Y138        LUT5 (Prop_lut5_I0_O)        0.053     3.396 r  ap_return[1]_INST_0_i_15/O
                         net (fo=1, routed)           0.801     4.197    ap_return[1]_INST_0_i_15_n_0
    SLICE_X17Y137        LUT6 (Prop_lut6_I2_O)        0.053     4.250 r  ap_return[1]_INST_0_i_5/O
                         net (fo=6, routed)           0.385     4.636    ap_return[1]_INST_0_i_5_n_0
    SLICE_X18Y137        LUT6 (Prop_lut6_I3_O)        0.053     4.689 r  ap_return[0]_INST_0_i_1/O
                         net (fo=7, routed)           0.440     5.128    grp_lut_div9_chunk_fu_128_ap_return_0[0]
    SLICE_X17Y139        LUT3 (Prop_lut3_I0_O)        0.053     5.181 r  q_chunk_V_0_3_i_i_reg_664[0]_i_1/O
                         net (fo=1, routed)           0.000     5.181    q_chunk_V_0_3_i_i_reg_664[0]_i_1_n_0
    SLICE_X17Y139        FDRE                                         r  q_chunk_V_0_3_i_i_reg_664_reg[0]/D
  -------------------------------------------------------------------    -------------------

                         (clock ap_clk rise edge)    10.000    10.000 r  
                                                      0.000    10.000 r  ap_clk (IN)
                         net (fo=91, unset)           0.638    10.638    ap_clk
    SLICE_X17Y139        FDRE                                         r  q_chunk_V_0_3_i_i_reg_664_reg[0]/C
                         clock pessimism              0.000    10.638    
                         clock uncertainty           -0.035    10.603    
    SLICE_X17Y139        FDRE (Setup_fdre_C_D)        0.034    10.637    q_chunk_V_0_3_i_i_reg_664_reg[0]
  -------------------------------------------------------------------
                         required time                         10.637    
                         arrival time                          -5.181    
  -------------------------------------------------------------------
                         slack                                  5.456    





Min Delay Paths
--------------------------------------------------------------------------------------
Slack (MET) :             0.134ns  (arrival time - required time)
  Source:                 q_chunk_V_0_7_i_i_reg_689_reg[1]/C
                            (rising edge-triggered cell FDRE clocked by ap_clk  {rise@0.000ns fall@5.000ns period=10.000ns})
  Destination:            p_Repl2_s_reg_112_reg[13]/D
                            (rising edge-triggered cell FDRE clocked by ap_clk  {rise@0.000ns fall@5.000ns period=10.000ns})
  Path Group:             ap_clk
  Path Type:              Hold (Min at Fast Process Corner)
  Requirement:            0.000ns  (ap_clk rise@0.000ns - ap_clk rise@0.000ns)
  Data Path Delay:        0.209ns  (logic 0.146ns (70.002%)  route 0.063ns (29.998%))
  Logic Levels:           1  (LUT6=1)
  Clock Path Skew:        0.015ns (DCD - SCD - CPR)
    Destination Clock Delay (DCD):    0.298ns
    Source Clock Delay      (SCD):    0.283ns
    Clock Pessimism Removal (CPR):    -0.000ns

    Location             Delay type                Incr(ns)  Path(ns)    Netlist Resource(s)
  -------------------------------------------------------------------    -------------------
                         (clock ap_clk rise edge)     0.000     0.000 r  
                                                      0.000     0.000 r  ap_clk (IN)
                         net (fo=91, unset)           0.283     0.283    ap_clk
    SLICE_X20Y140        FDRE                                         r  q_chunk_V_0_7_i_i_reg_689_reg[1]/C
  -------------------------------------------------------------------    -------------------
    SLICE_X20Y140        FDRE (Prop_fdre_C_Q)         0.118     0.401 r  q_chunk_V_0_7_i_i_reg_689_reg[1]/Q
                         net (fo=2, routed)           0.063     0.464    q_chunk_V_0_7_i_i_reg_689[1]
    SLICE_X21Y140        LUT6 (Prop_lut6_I2_O)        0.028     0.492 r  p_Repl2_s_reg_112[13]_i_1/O
                         net (fo=1, routed)           0.000     0.492    p_Repl2_s_reg_112[13]_i_1_n_0
    SLICE_X21Y140        FDRE                                         r  p_Repl2_s_reg_112_reg[13]/D
  -------------------------------------------------------------------    -------------------

                         (clock ap_clk rise edge)     0.000     0.000 r  
                                                      0.000     0.000 r  ap_clk (IN)
                         net (fo=91, unset)           0.298     0.298    ap_clk
    SLICE_X21Y140        FDRE                                         r  p_Repl2_s_reg_112_reg[13]/C
                         clock pessimism              0.000     0.298    
    SLICE_X21Y140        FDRE (Hold_fdre_C_D)         0.060     0.358    p_Repl2_s_reg_112_reg[13]
  -------------------------------------------------------------------
                         required time                         -0.358    
                         arrival time                           0.492    
  -------------------------------------------------------------------
                         slack                                  0.134    

Slack (MET) :             0.166ns  (arrival time - required time)
  Source:                 ap_CS_fsm_reg[1]/C
                            (rising edge-triggered cell FDRE clocked by ap_clk  {rise@0.000ns fall@5.000ns period=10.000ns})
  Destination:            ap_CS_fsm_reg[2]/D
                            (rising edge-triggered cell FDRE clocked by ap_clk  {rise@0.000ns fall@5.000ns period=10.000ns})
  Path Group:             ap_clk
  Path Type:              Hold (Min at Fast Process Corner)
  Requirement:            0.000ns  (ap_clk rise@0.000ns - ap_clk rise@0.000ns)
  Data Path Delay:        0.219ns  (logic 0.100ns (45.633%)  route 0.119ns (54.367%))
  Logic Levels:           0  
  Clock Path Skew:        0.015ns (DCD - SCD - CPR)
    Destination Clock Delay (DCD):    0.298ns
    Source Clock Delay      (SCD):    0.283ns
    Clock Pessimism Removal (CPR):    -0.000ns

    Location             Delay type                Incr(ns)  Path(ns)    Netlist Resource(s)
  -------------------------------------------------------------------    -------------------
                         (clock ap_clk rise edge)     0.000     0.000 r  
                                                      0.000     0.000 r  ap_clk (IN)
                         net (fo=91, unset)           0.283     0.283    ap_clk
    SLICE_X17Y136        FDRE                                         r  ap_CS_fsm_reg[1]/C
  -------------------------------------------------------------------    -------------------
    SLICE_X17Y136        FDRE (Prop_fdre_C_Q)         0.100     0.383 r  ap_CS_fsm_reg[1]/Q
                         net (fo=2, routed)           0.119     0.502    ap_CS_fsm_state2
    SLICE_X17Y136        FDRE                                         r  ap_CS_fsm_reg[2]/D
  -------------------------------------------------------------------    -------------------

                         (clock ap_clk rise edge)     0.000     0.000 r  
                                                      0.000     0.000 r  ap_clk (IN)
                         net (fo=91, unset)           0.298     0.298    ap_clk
    SLICE_X17Y136        FDRE                                         r  ap_CS_fsm_reg[2]/C
                         clock pessimism              0.000     0.298    
    SLICE_X17Y136        FDRE (Hold_fdre_C_D)         0.038     0.336    ap_CS_fsm_reg[2]
  -------------------------------------------------------------------
                         required time                         -0.336    
                         arrival time                           0.502    
  -------------------------------------------------------------------
                         slack                                  0.166    

Slack (MET) :             0.169ns  (arrival time - required time)
  Source:                 q_chunk_V_0_3_i_i_reg_664_reg[0]/C
                            (rising edge-triggered cell FDRE clocked by ap_clk  {rise@0.000ns fall@5.000ns period=10.000ns})
  Destination:            p_Repl2_s_reg_112_reg[20]/D
                            (rising edge-triggered cell FDRE clocked by ap_clk  {rise@0.000ns fall@5.000ns period=10.000ns})
  Path Group:             ap_clk
  Path Type:              Hold (Min at Fast Process Corner)
  Requirement:            0.000ns  (ap_clk rise@0.000ns - ap_clk rise@0.000ns)
  Data Path Delay:        0.271ns  (logic 0.128ns (47.259%)  route 0.143ns (52.741%))
  Logic Levels:           1  (LUT6=1)
  Clock Path Skew:        0.015ns (DCD - SCD - CPR)
    Destination Clock Delay (DCD):    0.298ns
    Source Clock Delay      (SCD):    0.283ns
    Clock Pessimism Removal (CPR):    -0.000ns

    Location             Delay type                Incr(ns)  Path(ns)    Netlist Resource(s)
  -------------------------------------------------------------------    -------------------
                         (clock ap_clk rise edge)     0.000     0.000 r  
                                                      0.000     0.000 r  ap_clk (IN)
                         net (fo=91, unset)           0.283     0.283    ap_clk
    SLICE_X17Y139        FDRE                                         r  q_chunk_V_0_3_i_i_reg_664_reg[0]/C
  -------------------------------------------------------------------    -------------------
    SLICE_X17Y139        FDRE (Prop_fdre_C_Q)         0.100     0.383 r  q_chunk_V_0_3_i_i_reg_664_reg[0]/Q
                         net (fo=3, routed)           0.143     0.526    q_chunk_V_0_3_i_i_reg_664[0]
    SLICE_X16Y139        LUT6 (Prop_lut6_I2_O)        0.028     0.554 r  p_Repl2_s_reg_112[20]_i_1/O
                         net (fo=1, routed)           0.000     0.554    p_Repl2_s_reg_112[20]_i_1_n_0
    SLICE_X16Y139        FDRE                                         r  p_Repl2_s_reg_112_reg[20]/D
  -------------------------------------------------------------------    -------------------

                         (clock ap_clk rise edge)     0.000     0.000 r  
                                                      0.000     0.000 r  ap_clk (IN)
                         net (fo=91, unset)           0.298     0.298    ap_clk
    SLICE_X16Y139        FDRE                                         r  p_Repl2_s_reg_112_reg[20]/C
                         clock pessimism              0.000     0.298    
    SLICE_X16Y139        FDRE (Hold_fdre_C_D)         0.087     0.385    p_Repl2_s_reg_112_reg[20]
  -------------------------------------------------------------------
                         required time                         -0.385    
                         arrival time                           0.554    
  -------------------------------------------------------------------
                         slack                                  0.169    

Slack (MET) :             0.172ns  (arrival time - required time)
  Source:                 q_chunk_V_0_6_i_i_reg_684_reg[1]/C
                            (rising edge-triggered cell FDRE clocked by ap_clk  {rise@0.000ns fall@5.000ns period=10.000ns})
  Destination:            p_Repl2_s_reg_112_reg[15]/D
                            (rising edge-triggered cell FDRE clocked by ap_clk  {rise@0.000ns fall@5.000ns period=10.000ns})
  Path Group:             ap_clk
  Path Type:              Hold (Min at Fast Process Corner)
  Requirement:            0.000ns  (ap_clk rise@0.000ns - ap_clk rise@0.000ns)
  Data Path Delay:        0.274ns  (logic 0.128ns (46.726%)  route 0.146ns (53.274%))
  Logic Levels:           1  (LUT6=1)
  Clock Path Skew:        0.015ns (DCD - SCD - CPR)
    Destination Clock Delay (DCD):    0.298ns
    Source Clock Delay      (SCD):    0.283ns
    Clock Pessimism Removal (CPR):    -0.000ns

    Location             Delay type                Incr(ns)  Path(ns)    Netlist Resource(s)
  -------------------------------------------------------------------    -------------------
                         (clock ap_clk rise edge)     0.000     0.000 r  
                                                      0.000     0.000 r  ap_clk (IN)
                         net (fo=91, unset)           0.283     0.283    ap_clk
    SLICE_X19Y136        FDRE                                         r  q_chunk_V_0_6_i_i_reg_684_reg[1]/C
  -------------------------------------------------------------------    -------------------
    SLICE_X19Y136        FDRE (Prop_fdre_C_Q)         0.100     0.383 r  q_chunk_V_0_6_i_i_reg_684_reg[1]/Q
                         net (fo=2, routed)           0.146     0.529    q_chunk_V_0_6_i_i_reg_684[1]
    SLICE_X20Y136        LUT6 (Prop_lut6_I2_O)        0.028     0.557 r  p_Repl2_s_reg_112[15]_i_1/O
                         net (fo=1, routed)           0.000     0.557    p_Repl2_s_reg_112[15]_i_1_n_0
    SLICE_X20Y136        FDRE                                         r  p_Repl2_s_reg_112_reg[15]/D
  -------------------------------------------------------------------    -------------------

                         (clock ap_clk rise edge)     0.000     0.000 r  
                                                      0.000     0.000 r  ap_clk (IN)
                         net (fo=91, unset)           0.298     0.298    ap_clk
    SLICE_X20Y136        FDRE                                         r  p_Repl2_s_reg_112_reg[15]/C
                         clock pessimism              0.000     0.298    
    SLICE_X20Y136        FDRE (Hold_fdre_C_D)         0.087     0.385    p_Repl2_s_reg_112_reg[15]
  -------------------------------------------------------------------
                         required time                         -0.385    
                         arrival time                           0.557    
  -------------------------------------------------------------------
                         slack                                  0.172    

Slack (MET) :             0.181ns  (arrival time - required time)
  Source:                 ap_CS_fsm_reg[0]/C
                            (rising edge-triggered cell FDSE clocked by ap_clk  {rise@0.000ns fall@5.000ns period=10.000ns})
  Destination:            ap_CS_fsm_reg[1]/D
                            (rising edge-triggered cell FDRE clocked by ap_clk  {rise@0.000ns fall@5.000ns period=10.000ns})
  Path Group:             ap_clk
  Path Type:              Hold (Min at Fast Process Corner)
  Requirement:            0.000ns  (ap_clk rise@0.000ns - ap_clk rise@0.000ns)
  Data Path Delay:        0.256ns  (logic 0.146ns (57.128%)  route 0.110ns (42.872%))
  Logic Levels:           1  (LUT5=1)
  Clock Path Skew:        0.015ns (DCD - SCD - CPR)
    Destination Clock Delay (DCD):    0.298ns
    Source Clock Delay      (SCD):    0.283ns
    Clock Pessimism Removal (CPR):    -0.000ns

    Location             Delay type                Incr(ns)  Path(ns)    Netlist Resource(s)
  -------------------------------------------------------------------    -------------------
                         (clock ap_clk rise edge)     0.000     0.000 r  
                                                      0.000     0.000 r  ap_clk (IN)
                         net (fo=91, unset)           0.283     0.283    ap_clk
    SLICE_X16Y136        FDSE                                         r  ap_CS_fsm_reg[0]/C
  -------------------------------------------------------------------    -------------------
    SLICE_X16Y136        FDSE (Prop_fdse_C_Q)         0.118     0.401 r  ap_CS_fsm_reg[0]/Q
                         net (fo=9, routed)           0.110     0.511    ap_CS_fsm_reg_n_0_[0]
    SLICE_X17Y136        LUT5 (Prop_lut5_I1_O)        0.028     0.539 r  ap_CS_fsm[1]_i_1/O
                         net (fo=1, routed)           0.000     0.539    ap_NS_fsm[1]
    SLICE_X17Y136        FDRE                                         r  ap_CS_fsm_reg[1]/D
  -------------------------------------------------------------------    -------------------

                         (clock ap_clk rise edge)     0.000     0.000 r  
                                                      0.000     0.000 r  ap_clk (IN)
                         net (fo=91, unset)           0.298     0.298    ap_clk
    SLICE_X17Y136        FDRE                                         r  ap_CS_fsm_reg[1]/C
                         clock pessimism              0.000     0.298    
    SLICE_X17Y136        FDRE (Hold_fdre_C_D)         0.060     0.358    ap_CS_fsm_reg[1]
  -------------------------------------------------------------------
                         required time                         -0.358    
                         arrival time                           0.539    
  -------------------------------------------------------------------
                         slack                                  0.181    

Slack (MET) :             0.193ns  (arrival time - required time)
  Source:                 p_Repl2_s_reg_112_reg[4]/C
                            (rising edge-triggered cell FDRE clocked by ap_clk  {rise@0.000ns fall@5.000ns period=10.000ns})
  Destination:            p_Repl2_s_reg_112_reg[4]/D
                            (rising edge-triggered cell FDRE clocked by ap_clk  {rise@0.000ns fall@5.000ns period=10.000ns})
  Path Group:             ap_clk
  Path Type:              Hold (Min at Fast Process Corner)
  Requirement:            0.000ns  (ap_clk rise@0.000ns - ap_clk rise@0.000ns)
  Data Path Delay:        0.268ns  (logic 0.128ns (47.839%)  route 0.140ns (52.161%))
  Logic Levels:           1  (LUT6=1)
  Clock Path Skew:        0.015ns (DCD - SCD - CPR)
    Destination Clock Delay (DCD):    0.298ns
    Source Clock Delay      (SCD):    0.283ns
    Clock Pessimism Removal (CPR):    -0.000ns

    Location             Delay type                Incr(ns)  Path(ns)    Netlist Resource(s)
  -------------------------------------------------------------------    -------------------
                         (clock ap_clk rise edge)     0.000     0.000 r  
                                                      0.000     0.000 r  ap_clk (IN)
                         net (fo=91, unset)           0.283     0.283    ap_clk
    SLICE_X23Y137        FDRE                                         r  p_Repl2_s_reg_112_reg[4]/C
  -------------------------------------------------------------------    -------------------
    SLICE_X23Y137        FDRE (Prop_fdre_C_Q)         0.100     0.383 r  p_Repl2_s_reg_112_reg[4]/Q
                         net (fo=2, routed)           0.140     0.523    p_Repl2_s_reg_112[4]
    SLICE_X23Y137        LUT6 (Prop_lut6_I5_O)        0.028     0.551 r  p_Repl2_s_reg_112[4]_i_1/O
                         net (fo=1, routed)           0.000     0.551    p_Repl2_s_reg_112[4]_i_1_n_0
    SLICE_X23Y137        FDRE                                         r  p_Repl2_s_reg_112_reg[4]/D
  -------------------------------------------------------------------    -------------------

                         (clock ap_clk rise edge)     0.000     0.000 r  
                                                      0.000     0.000 r  ap_clk (IN)
                         net (fo=91, unset)           0.298     0.298    ap_clk
    SLICE_X23Y137        FDRE                                         r  p_Repl2_s_reg_112_reg[4]/C
                         clock pessimism              0.000     0.298    
    SLICE_X23Y137        FDRE (Hold_fdre_C_D)         0.060     0.358    p_Repl2_s_reg_112_reg[4]
  -------------------------------------------------------------------
                         required time                         -0.358    
                         arrival time                           0.551    
  -------------------------------------------------------------------
                         slack                                  0.193    

Slack (MET) :             0.194ns  (arrival time - required time)
  Source:                 p_Repl2_s_reg_112_reg[10]/C
                            (rising edge-triggered cell FDRE clocked by ap_clk  {rise@0.000ns fall@5.000ns period=10.000ns})
  Destination:            p_Repl2_s_reg_112_reg[10]/D
                            (rising edge-triggered cell FDRE clocked by ap_clk  {rise@0.000ns fall@5.000ns period=10.000ns})
  Path Group:             ap_clk
  Path Type:              Hold (Min at Fast Process Corner)
  Requirement:            0.000ns  (ap_clk rise@0.000ns - ap_clk rise@0.000ns)
  Data Path Delay:        0.296ns  (logic 0.146ns (49.397%)  route 0.150ns (50.603%))
  Logic Levels:           1  (LUT6=1)
  Clock Path Skew:        0.015ns (DCD - SCD - CPR)
    Destination Clock Delay (DCD):    0.298ns
    Source Clock Delay      (SCD):    0.283ns
    Clock Pessimism Removal (CPR):    -0.000ns

    Location             Delay type                Incr(ns)  Path(ns)    Netlist Resource(s)
  -------------------------------------------------------------------    -------------------
                         (clock ap_clk rise edge)     0.000     0.000 r  
                                                      0.000     0.000 r  ap_clk (IN)
                         net (fo=91, unset)           0.283     0.283    ap_clk
    SLICE_X20Y135        FDRE                                         r  p_Repl2_s_reg_112_reg[10]/C
  -------------------------------------------------------------------    -------------------
    SLICE_X20Y135        FDRE (Prop_fdre_C_Q)         0.118     0.401 r  p_Repl2_s_reg_112_reg[10]/Q
                         net (fo=2, routed)           0.150     0.551    p_Repl2_s_reg_112[10]
    SLICE_X20Y135        LUT6 (Prop_lut6_I5_O)        0.028     0.579 r  p_Repl2_s_reg_112[10]_i_1/O
                         net (fo=1, routed)           0.000     0.579    p_Repl2_s_reg_112[10]_i_1_n_0
    SLICE_X20Y135        FDRE                                         r  p_Repl2_s_reg_112_reg[10]/D
  -------------------------------------------------------------------    -------------------

                         (clock ap_clk rise edge)     0.000     0.000 r  
                                                      0.000     0.000 r  ap_clk (IN)
                         net (fo=91, unset)           0.298     0.298    ap_clk
    SLICE_X20Y135        FDRE                                         r  p_Repl2_s_reg_112_reg[10]/C
                         clock pessimism              0.000     0.298    
    SLICE_X20Y135        FDRE (Hold_fdre_C_D)         0.087     0.385    p_Repl2_s_reg_112_reg[10]
  -------------------------------------------------------------------
                         required time                         -0.385    
                         arrival time                           0.579    
  -------------------------------------------------------------------
                         slack                                  0.194    

Slack (MET) :             0.194ns  (arrival time - required time)
  Source:                 p_Repl2_s_reg_112_reg[3]/C
                            (rising edge-triggered cell FDRE clocked by ap_clk  {rise@0.000ns fall@5.000ns period=10.000ns})
  Destination:            p_Repl2_s_reg_112_reg[3]/D
                            (rising edge-triggered cell FDRE clocked by ap_clk  {rise@0.000ns fall@5.000ns period=10.000ns})
  Path Group:             ap_clk
  Path Type:              Hold (Min at Fast Process Corner)
  Requirement:            0.000ns  (ap_clk rise@0.000ns - ap_clk rise@0.000ns)
  Data Path Delay:        0.296ns  (logic 0.146ns (49.397%)  route 0.150ns (50.603%))
  Logic Levels:           1  (LUT6=1)
  Clock Path Skew:        0.015ns (DCD - SCD - CPR)
    Destination Clock Delay (DCD):    0.298ns
    Source Clock Delay      (SCD):    0.283ns
    Clock Pessimism Removal (CPR):    -0.000ns

    Location             Delay type                Incr(ns)  Path(ns)    Netlist Resource(s)
  -------------------------------------------------------------------    -------------------
                         (clock ap_clk rise edge)     0.000     0.000 r  
                                                      0.000     0.000 r  ap_clk (IN)
                         net (fo=91, unset)           0.283     0.283    ap_clk
    SLICE_X18Y136        FDRE                                         r  p_Repl2_s_reg_112_reg[3]/C
  -------------------------------------------------------------------    -------------------
    SLICE_X18Y136        FDRE (Prop_fdre_C_Q)         0.118     0.401 r  p_Repl2_s_reg_112_reg[3]/Q
                         net (fo=2, routed)           0.150     0.551    p_Repl2_s_reg_112[3]
    SLICE_X18Y136        LUT6 (Prop_lut6_I5_O)        0.028     0.579 r  p_Repl2_s_reg_112[3]_i_1/O
                         net (fo=1, routed)           0.000     0.579    p_Repl2_s_reg_112[3]_i_1_n_0
    SLICE_X18Y136        FDRE                                         r  p_Repl2_s_reg_112_reg[3]/D
  -------------------------------------------------------------------    -------------------

                         (clock ap_clk rise edge)     0.000     0.000 r  
                                                      0.000     0.000 r  ap_clk (IN)
                         net (fo=91, unset)           0.298     0.298    ap_clk
    SLICE_X18Y136        FDRE                                         r  p_Repl2_s_reg_112_reg[3]/C
                         clock pessimism              0.000     0.298    
    SLICE_X18Y136        FDRE (Hold_fdre_C_D)         0.087     0.385    p_Repl2_s_reg_112_reg[3]
  -------------------------------------------------------------------
                         required time                         -0.385    
                         arrival time                           0.579    
  -------------------------------------------------------------------
                         slack                                  0.194    

Slack (MET) :             0.194ns  (arrival time - required time)
  Source:                 p_Repl2_s_reg_112_reg[12]/C
                            (rising edge-triggered cell FDRE clocked by ap_clk  {rise@0.000ns fall@5.000ns period=10.000ns})
  Destination:            p_Repl2_s_reg_112_reg[12]/D
                            (rising edge-triggered cell FDRE clocked by ap_clk  {rise@0.000ns fall@5.000ns period=10.000ns})
  Path Group:             ap_clk
  Path Type:              Hold (Min at Fast Process Corner)
  Requirement:            0.000ns  (ap_clk rise@0.000ns - ap_clk rise@0.000ns)
  Data Path Delay:        0.269ns  (logic 0.128ns (47.623%)  route 0.141ns (52.377%))
  Logic Levels:           1  (LUT6=1)
  Clock Path Skew:        0.015ns (DCD - SCD - CPR)
    Destination Clock Delay (DCD):    0.298ns
    Source Clock Delay      (SCD):    0.283ns
    Clock Pessimism Removal (CPR):    -0.000ns

    Location             Delay type                Incr(ns)  Path(ns)    Netlist Resource(s)
  -------------------------------------------------------------------    -------------------
                         (clock ap_clk rise edge)     0.000     0.000 r  
                                                      0.000     0.000 r  ap_clk (IN)
                         net (fo=91, unset)           0.283     0.283    ap_clk
    SLICE_X21Y140        FDRE                                         r  p_Repl2_s_reg_112_reg[12]/C
  -------------------------------------------------------------------    -------------------
    SLICE_X21Y140        FDRE (Prop_fdre_C_Q)         0.100     0.383 r  p_Repl2_s_reg_112_reg[12]/Q
                         net (fo=2, routed)           0.141     0.524    p_Repl2_s_reg_112[12]
    SLICE_X21Y140        LUT6 (Prop_lut6_I5_O)        0.028     0.552 r  p_Repl2_s_reg_112[12]_i_1/O
                         net (fo=1, routed)           0.000     0.552    p_Repl2_s_reg_112[12]_i_1_n_0
    SLICE_X21Y140        FDRE                                         r  p_Repl2_s_reg_112_reg[12]/D
  -------------------------------------------------------------------    -------------------

                         (clock ap_clk rise edge)     0.000     0.000 r  
                                                      0.000     0.000 r  ap_clk (IN)
                         net (fo=91, unset)           0.298     0.298    ap_clk
    SLICE_X21Y140        FDRE                                         r  p_Repl2_s_reg_112_reg[12]/C
                         clock pessimism              0.000     0.298    
    SLICE_X21Y140        FDRE (Hold_fdre_C_D)         0.060     0.358    p_Repl2_s_reg_112_reg[12]
  -------------------------------------------------------------------
                         required time                         -0.358    
                         arrival time                           0.552    
  -------------------------------------------------------------------
                         slack                                  0.194    

Slack (MET) :             0.194ns  (arrival time - required time)
  Source:                 p_Repl2_s_reg_112_reg[21]/C
                            (rising edge-triggered cell FDRE clocked by ap_clk  {rise@0.000ns fall@5.000ns period=10.000ns})
  Destination:            p_Repl2_s_reg_112_reg[21]/D
                            (rising edge-triggered cell FDRE clocked by ap_clk  {rise@0.000ns fall@5.000ns period=10.000ns})
  Path Group:             ap_clk
  Path Type:              Hold (Min at Fast Process Corner)
  Requirement:            0.000ns  (ap_clk rise@0.000ns - ap_clk rise@0.000ns)
  Data Path Delay:        0.269ns  (logic 0.128ns (47.623%)  route 0.141ns (52.377%))
  Logic Levels:           1  (LUT6=1)
  Clock Path Skew:        0.015ns (DCD - SCD - CPR)
    Destination Clock Delay (DCD):    0.298ns
    Source Clock Delay      (SCD):    0.283ns
    Clock Pessimism Removal (CPR):    -0.000ns

    Location             Delay type                Incr(ns)  Path(ns)    Netlist Resource(s)
  -------------------------------------------------------------------    -------------------
                         (clock ap_clk rise edge)     0.000     0.000 r  
                                                      0.000     0.000 r  ap_clk (IN)
                         net (fo=91, unset)           0.283     0.283    ap_clk
    SLICE_X17Y139        FDRE                                         r  p_Repl2_s_reg_112_reg[21]/C
  -------------------------------------------------------------------    -------------------
    SLICE_X17Y139        FDRE (Prop_fdre_C_Q)         0.100     0.383 r  p_Repl2_s_reg_112_reg[21]/Q
                         net (fo=2, routed)           0.141     0.524    p_Repl2_s_reg_112[21]
    SLICE_X17Y139        LUT6 (Prop_lut6_I5_O)        0.028     0.552 r  p_Repl2_s_reg_112[21]_i_1/O
                         net (fo=1, routed)           0.000     0.552    p_Repl2_s_reg_112[21]_i_1_n_0
    SLICE_X17Y139        FDRE                                         r  p_Repl2_s_reg_112_reg[21]/D
  -------------------------------------------------------------------    -------------------

                         (clock ap_clk rise edge)     0.000     0.000 r  
                                                      0.000     0.000 r  ap_clk (IN)
                         net (fo=91, unset)           0.298     0.298    ap_clk
    SLICE_X17Y139        FDRE                                         r  p_Repl2_s_reg_112_reg[21]/C
                         clock pessimism              0.000     0.298    
    SLICE_X17Y139        FDRE (Hold_fdre_C_D)         0.060     0.358    p_Repl2_s_reg_112_reg[21]
  -------------------------------------------------------------------
                         required time                         -0.358    
                         arrival time                           0.552    
  -------------------------------------------------------------------
                         slack                                  0.194    





Pulse Width Checks
--------------------------------------------------------------------------------------
Clock Name:         ap_clk
Waveform(ns):       { 0.000 5.000 }
Period(ns):         10.000
Sources:            { ap_clk }

Check Type        Corner  Lib Pin  Reference Pin  Required(ns)  Actual(ns)  Slack(ns)  Location       Pin
Min Period        n/a     FDRE/C   n/a            0.750         10.000      9.250      SLICE_X20Y138  ap_CS_fsm_reg[4]/C
Min Period        n/a     FDSE/C   n/a            0.750         10.000      9.250      SLICE_X12Y139  p_Repl2_1_reg_589_reg[4]/C
Min Period        n/a     FDSE/C   n/a            0.750         10.000      9.250      SLICE_X12Y139  p_Repl2_1_reg_589_reg[5]/C
Min Period        n/a     FDSE/C   n/a            0.750         10.000      9.250      SLICE_X12Y139  p_Repl2_1_reg_589_reg[7]/C
Min Period        n/a     FDRE/C   n/a            0.750         10.000      9.250      SLICE_X17Y139  q_chunk_V_0_3_i_i_reg_664_reg[1]/C
Min Period        n/a     FDSE/C   n/a            0.750         10.000      9.250      SLICE_X12Y139  p_Repl2_1_reg_589_reg[3]/C
Min Period        n/a     FDRE/C   n/a            0.750         10.000      9.250      SLICE_X15Y136  tmp_15_reg_659_reg[1]/C
Min Period        n/a     FDSE/C   n/a            0.700         10.000      9.300      SLICE_X16Y136  ap_CS_fsm_reg[0]/C
Min Period        n/a     FDRE/C   n/a            0.700         10.000      9.300      SLICE_X17Y136  ap_CS_fsm_reg[1]/C
Min Period        n/a     FDRE/C   n/a            0.700         10.000      9.300      SLICE_X17Y136  ap_CS_fsm_reg[2]/C
Low Pulse Width   Fast    FDRE/C   n/a            0.400         5.000       4.600      SLICE_X20Y138  ap_CS_fsm_reg[4]/C
Low Pulse Width   Fast    FDSE/C   n/a            0.400         5.000       4.600      SLICE_X12Y139  p_Repl2_1_reg_589_reg[4]/C
Low Pulse Width   Fast    FDSE/C   n/a            0.400         5.000       4.600      SLICE_X12Y139  p_Repl2_1_reg_589_reg[5]/C
Low Pulse Width   Fast    FDSE/C   n/a            0.400         5.000       4.600      SLICE_X12Y139  p_Repl2_1_reg_589_reg[7]/C
Low Pulse Width   Fast    FDRE/C   n/a            0.400         5.000       4.600      SLICE_X17Y139  q_chunk_V_0_3_i_i_reg_664_reg[1]/C
Low Pulse Width   Fast    FDSE/C   n/a            0.400         5.000       4.600      SLICE_X12Y139  p_Repl2_1_reg_589_reg[3]/C
Low Pulse Width   Fast    FDRE/C   n/a            0.400         5.000       4.600      SLICE_X15Y136  tmp_15_reg_659_reg[1]/C
Low Pulse Width   Slow    FDRE/C   n/a            0.400         5.000       4.600      SLICE_X20Y138  ap_CS_fsm_reg[4]/C
Low Pulse Width   Slow    FDSE/C   n/a            0.400         5.000       4.600      SLICE_X12Y139  p_Repl2_1_reg_589_reg[4]/C
Low Pulse Width   Slow    FDSE/C   n/a            0.400         5.000       4.600      SLICE_X12Y139  p_Repl2_1_reg_589_reg[5]/C
High Pulse Width  Slow    FDSE/C   n/a            0.350         5.000       4.650      SLICE_X16Y136  ap_CS_fsm_reg[0]/C
High Pulse Width  Slow    FDRE/C   n/a            0.350         5.000       4.650      SLICE_X17Y136  ap_CS_fsm_reg[1]/C
High Pulse Width  Slow    FDRE/C   n/a            0.350         5.000       4.650      SLICE_X17Y136  ap_CS_fsm_reg[2]/C
High Pulse Width  Slow    FDRE/C   n/a            0.350         5.000       4.650      SLICE_X15Y138  ap_CS_fsm_reg[3]/C
High Pulse Width  Slow    FDRE/C   n/a            0.350         5.000       4.650      SLICE_X20Y138  ap_CS_fsm_reg[4]/C
High Pulse Width  Slow    FDRE/C   n/a            0.350         5.000       4.650      SLICE_X20Y138  ap_CS_fsm_reg[5]/C
High Pulse Width  Slow    FDRE/C   n/a            0.350         5.000       4.650      SLICE_X16Y136  ap_CS_fsm_reg[6]/C
High Pulse Width  Slow    FDRE/C   n/a            0.350         5.000       4.650      SLICE_X20Y138  ap_CS_fsm_reg[7]/C
High Pulse Width  Slow    FDSE/C   n/a            0.350         5.000       4.650      SLICE_X12Y139  p_Repl2_1_reg_589_reg[0]/C
High Pulse Width  Slow    FDSE/C   n/a            0.350         5.000       4.650      SLICE_X12Y139  p_Repl2_1_reg_589_reg[1]/C



