
*** Running vivado
    with args -log top.vds -m64 -product Vivado -mode batch -messageDb vivado.pb -notrace -source top.tcl


****** Vivado v2018.2 (64-bit)
  **** SW Build 2258646 on Thu Jun 14 20:02:38 MDT 2018
  **** IP Build 2256618 on Thu Jun 14 22:10:49 MDT 2018
    ** Copyright 1986-2018 Xilinx, Inc. All Rights Reserved.

source top.tcl -notrace
Command: synth_design -top top -part xc7k160tfbg484-1 -directive sdx_optimization_effort_high -no_iobuf -mode out_of_context
Starting synth_design
Attempting to get a license for feature 'Synthesis' and/or device 'xc7k160t'
INFO: [Common 17-349] Got license for feature 'Synthesis' and/or device 'xc7k160t'
INFO: Launching helper process for spawning children vivado processes
INFO: Helper process launched with PID 13298 
---------------------------------------------------------------------------------
Starting RTL Elaboration : Time (s): cpu = 00:00:02 ; elapsed = 00:00:02 . Memory (MB): peak = 1266.355 ; gain = 80.898 ; free physical = 214 ; free virtual = 9772
---------------------------------------------------------------------------------
INFO: [Synth 8-638] synthesizing module 'top' [/home/duazel/Documents/stage3IF/High_Level_Synthesis_Trainee/operator_Vivado/first_try/fir_prj/solution1/impl/vhdl/top.vhd:24]
INFO: [Synth 8-256] done synthesizing module 'top' (1#1) [/home/duazel/Documents/stage3IF/High_Level_Synthesis_Trainee/operator_Vivado/first_try/fir_prj/solution1/impl/vhdl/top.vhd:24]
WARNING: [Synth 8-3917] design top has port ap_idle driven by constant 1
WARNING: [Synth 8-3331] design top has unconnected port b[31]
---------------------------------------------------------------------------------
Finished RTL Elaboration : Time (s): cpu = 00:00:02 ; elapsed = 00:00:03 . Memory (MB): peak = 1311.980 ; gain = 126.523 ; free physical = 228 ; free virtual = 9784
---------------------------------------------------------------------------------

Report Check Netlist: 
+------+------------------+-------+---------+-------+------------------+
|      |Item              |Errors |Warnings |Status |Description       |
+------+------------------+-------+---------+-------+------------------+
|1     |multi_driven_nets |      0|        0|Passed |Multi driven nets |
+------+------------------+-------+---------+-------+------------------+
---------------------------------------------------------------------------------
Start Handling Custom Attributes
---------------------------------------------------------------------------------
---------------------------------------------------------------------------------
Finished Handling Custom Attributes : Time (s): cpu = 00:00:03 ; elapsed = 00:00:03 . Memory (MB): peak = 1311.980 ; gain = 126.523 ; free physical = 228 ; free virtual = 9785
---------------------------------------------------------------------------------
---------------------------------------------------------------------------------
Finished RTL Optimization Phase 1 : Time (s): cpu = 00:00:03 ; elapsed = 00:00:03 . Memory (MB): peak = 1311.980 ; gain = 126.523 ; free physical = 228 ; free virtual = 9785
---------------------------------------------------------------------------------
INFO: [Device 21-403] Loading part xc7k160tfbg484-1
INFO: [Project 1-570] Preparing netlist for logic optimization

Processing XDC Constraints
Initializing timing engine
Parsing XDC File [/home/duazel/Documents/stage3IF/High_Level_Synthesis_Trainee/operator_Vivado/first_try/fir_prj/solution1/impl/vhdl/top.xdc]
Finished Parsing XDC File [/home/duazel/Documents/stage3IF/High_Level_Synthesis_Trainee/operator_Vivado/first_try/fir_prj/solution1/impl/vhdl/top.xdc]
Completed Processing XDC Constraints

INFO: [Project 1-111] Unisim Transformation Summary:
No Unisim elements were transformed.

Constraint Validation Runtime : Time (s): cpu = 00:00:00.01 ; elapsed = 00:00:00.02 . Memory (MB): peak = 1566.465 ; gain = 0.000 ; free physical = 135 ; free virtual = 9480
---------------------------------------------------------------------------------
Finished Constraint Validation : Time (s): cpu = 00:00:12 ; elapsed = 00:00:26 . Memory (MB): peak = 1566.465 ; gain = 381.008 ; free physical = 205 ; free virtual = 9551
---------------------------------------------------------------------------------
---------------------------------------------------------------------------------
Start Loading Part and Timing Information
---------------------------------------------------------------------------------
Loading part: xc7k160tfbg484-1
---------------------------------------------------------------------------------
Finished Loading Part and Timing Information : Time (s): cpu = 00:00:12 ; elapsed = 00:00:26 . Memory (MB): peak = 1566.465 ; gain = 381.008 ; free physical = 205 ; free virtual = 9551
---------------------------------------------------------------------------------
---------------------------------------------------------------------------------
Start Applying 'set_property' XDC Constraints
---------------------------------------------------------------------------------
---------------------------------------------------------------------------------
Finished applying 'set_property' XDC Constraints : Time (s): cpu = 00:00:12 ; elapsed = 00:00:26 . Memory (MB): peak = 1566.465 ; gain = 381.008 ; free physical = 206 ; free virtual = 9552
---------------------------------------------------------------------------------
---------------------------------------------------------------------------------
Finished RTL Optimization Phase 2 : Time (s): cpu = 00:00:12 ; elapsed = 00:00:26 . Memory (MB): peak = 1566.465 ; gain = 381.008 ; free physical = 205 ; free virtual = 9551
---------------------------------------------------------------------------------

Report RTL Partitions: 
+-+--------------+------------+----------+
| |RTL Partition |Replication |Instances |
+-+--------------+------------+----------+
+-+--------------+------------+----------+
---------------------------------------------------------------------------------
Start RTL Component Statistics 
---------------------------------------------------------------------------------
Detailed RTL Component Info : 
---------------------------------------------------------------------------------
Finished RTL Component Statistics 
---------------------------------------------------------------------------------
---------------------------------------------------------------------------------
Start RTL Hierarchical Component Statistics 
---------------------------------------------------------------------------------
Hierarchical RTL Component report 
---------------------------------------------------------------------------------
Finished RTL Hierarchical Component Statistics
---------------------------------------------------------------------------------
---------------------------------------------------------------------------------
Start Part Resource Summary
---------------------------------------------------------------------------------
Part Resources:
DSPs: 600 (col length:100)
BRAMs: 650 (col length: RAMB18 100 RAMB36 50)
---------------------------------------------------------------------------------
Finished Part Resource Summary
---------------------------------------------------------------------------------
---------------------------------------------------------------------------------
Start Cross Boundary and Area Optimization
---------------------------------------------------------------------------------
Warning: Parallel synthesis criteria is not met 
WARNING: [Synth 8-3917] design top has port ap_idle driven by constant 1
WARNING: [Synth 8-3331] design top has unconnected port b[31]
---------------------------------------------------------------------------------
Finished Cross Boundary and Area Optimization : Time (s): cpu = 00:00:13 ; elapsed = 00:00:27 . Memory (MB): peak = 1574.473 ; gain = 389.016 ; free physical = 180 ; free virtual = 9534
---------------------------------------------------------------------------------

Report RTL Partitions: 
+-+--------------+------------+----------+
| |RTL Partition |Replication |Instances |
+-+--------------+------------+----------+
+-+--------------+------------+----------+
---------------------------------------------------------------------------------
Start Applying XDC Timing Constraints
---------------------------------------------------------------------------------
---------------------------------------------------------------------------------
Finished Applying XDC Timing Constraints : Time (s): cpu = 00:00:19 ; elapsed = 00:00:36 . Memory (MB): peak = 1620.473 ; gain = 435.016 ; free physical = 127 ; free virtual = 9393
---------------------------------------------------------------------------------
---------------------------------------------------------------------------------
Start Timing Optimization
---------------------------------------------------------------------------------
---------------------------------------------------------------------------------
Finished Timing Optimization : Time (s): cpu = 00:00:19 ; elapsed = 00:00:36 . Memory (MB): peak = 1621.473 ; gain = 436.016 ; free physical = 127 ; free virtual = 9393
---------------------------------------------------------------------------------

Report RTL Partitions: 
+-+--------------+------------+----------+
| |RTL Partition |Replication |Instances |
+-+--------------+------------+----------+
+-+--------------+------------+----------+
---------------------------------------------------------------------------------
Start Technology Mapping
---------------------------------------------------------------------------------
---------------------------------------------------------------------------------
Finished Technology Mapping : Time (s): cpu = 00:00:19 ; elapsed = 00:00:36 . Memory (MB): peak = 1621.473 ; gain = 436.016 ; free physical = 127 ; free virtual = 9392
---------------------------------------------------------------------------------

Report RTL Partitions: 
+-+--------------+------------+----------+
| |RTL Partition |Replication |Instances |
+-+--------------+------------+----------+
+-+--------------+------------+----------+
---------------------------------------------------------------------------------
Start IO Insertion
---------------------------------------------------------------------------------
---------------------------------------------------------------------------------
Start Flattening Before IO Insertion
---------------------------------------------------------------------------------
---------------------------------------------------------------------------------
Finished Flattening Before IO Insertion
---------------------------------------------------------------------------------
---------------------------------------------------------------------------------
Start Final Netlist Cleanup
---------------------------------------------------------------------------------
---------------------------------------------------------------------------------
Finished Final Netlist Cleanup
---------------------------------------------------------------------------------
---------------------------------------------------------------------------------
Finished IO Insertion : Time (s): cpu = 00:00:20 ; elapsed = 00:00:36 . Memory (MB): peak = 1621.473 ; gain = 436.016 ; free physical = 141 ; free virtual = 9385
---------------------------------------------------------------------------------

Report Check Netlist: 
+------+------------------+-------+---------+-------+------------------+
|      |Item              |Errors |Warnings |Status |Description       |
+------+------------------+-------+---------+-------+------------------+
|1     |multi_driven_nets |      0|        0|Passed |Multi driven nets |
+------+------------------+-------+---------+-------+------------------+
---------------------------------------------------------------------------------
Start Renaming Generated Instances
---------------------------------------------------------------------------------
---------------------------------------------------------------------------------
Finished Renaming Generated Instances : Time (s): cpu = 00:00:20 ; elapsed = 00:00:36 . Memory (MB): peak = 1621.473 ; gain = 436.016 ; free physical = 141 ; free virtual = 9385
---------------------------------------------------------------------------------

Report RTL Partitions: 
+-+--------------+------------+----------+
| |RTL Partition |Replication |Instances |
+-+--------------+------------+----------+
+-+--------------+------------+----------+
---------------------------------------------------------------------------------
Start Rebuilding User Hierarchy
---------------------------------------------------------------------------------
---------------------------------------------------------------------------------
Finished Rebuilding User Hierarchy : Time (s): cpu = 00:00:20 ; elapsed = 00:00:36 . Memory (MB): peak = 1621.473 ; gain = 436.016 ; free physical = 141 ; free virtual = 9385
---------------------------------------------------------------------------------
---------------------------------------------------------------------------------
Start Renaming Generated Ports
---------------------------------------------------------------------------------
---------------------------------------------------------------------------------
Finished Renaming Generated Ports : Time (s): cpu = 00:00:20 ; elapsed = 00:00:36 . Memory (MB): peak = 1621.473 ; gain = 436.016 ; free physical = 141 ; free virtual = 9385
---------------------------------------------------------------------------------
---------------------------------------------------------------------------------
Start Handling Custom Attributes
---------------------------------------------------------------------------------
---------------------------------------------------------------------------------
Finished Handling Custom Attributes : Time (s): cpu = 00:00:20 ; elapsed = 00:00:36 . Memory (MB): peak = 1621.473 ; gain = 436.016 ; free physical = 141 ; free virtual = 9385
---------------------------------------------------------------------------------
---------------------------------------------------------------------------------
Start Renaming Generated Nets
---------------------------------------------------------------------------------
---------------------------------------------------------------------------------
Finished Renaming Generated Nets : Time (s): cpu = 00:00:20 ; elapsed = 00:00:36 . Memory (MB): peak = 1621.473 ; gain = 436.016 ; free physical = 140 ; free virtual = 9384
---------------------------------------------------------------------------------
---------------------------------------------------------------------------------
Start Writing Synthesis Report
---------------------------------------------------------------------------------

Report BlackBoxes: 
+-+--------------+----------+
| |BlackBox name |Instances |
+-+--------------+----------+
+-+--------------+----------+

Report Cell Usage: 
+------+-----+------+
|      |Cell |Count |
+------+-----+------+
|1     |LUT2 |     1|
|2     |LUT3 |     7|
|3     |LUT4 |    13|
|4     |LUT5 |    18|
|5     |LUT6 |    68|
+------+-----+------+

Report Instance Areas: 
+------+---------+-------+------+
|      |Instance |Module |Cells |
+------+---------+-------+------+
|1     |top      |       |   107|
+------+---------+-------+------+
---------------------------------------------------------------------------------
Finished Writing Synthesis Report : Time (s): cpu = 00:00:20 ; elapsed = 00:00:36 . Memory (MB): peak = 1621.473 ; gain = 436.016 ; free physical = 140 ; free virtual = 9384
---------------------------------------------------------------------------------
Synthesis finished with 0 errors, 0 critical warnings and 2 warnings.
Synthesis Optimization Runtime : Time (s): cpu = 00:00:12 ; elapsed = 00:00:16 . Memory (MB): peak = 1621.473 ; gain = 181.531 ; free physical = 194 ; free virtual = 9438
Synthesis Optimization Complete : Time (s): cpu = 00:00:20 ; elapsed = 00:00:36 . Memory (MB): peak = 1621.480 ; gain = 436.016 ; free physical = 195 ; free virtual = 9439
INFO: [Project 1-571] Translating synthesized netlist
INFO: [Project 1-570] Preparing netlist for logic optimization
INFO: [Opt 31-138] Pushed 0 inverter(s) to 0 load pin(s).
INFO: [Project 1-111] Unisim Transformation Summary:
No Unisim elements were transformed.

INFO: [Common 17-83] Releasing license: Synthesis
11 Infos, 4 Warnings, 0 Critical Warnings and 0 Errors encountered.
synth_design completed successfully
synth_design: Time (s): cpu = 00:00:22 ; elapsed = 00:00:37 . Memory (MB): peak = 1639.473 ; gain = 454.117 ; free physical = 178 ; free virtual = 9426
WARNING: [Constraints 18-5210] No constraint will be written out.
INFO: [Common 17-1381] The checkpoint '/home/duazel/Documents/stage3IF/High_Level_Synthesis_Trainee/operator_Vivado/first_try/fir_prj/solution1/impl/vhdl/project.runs/synth_1/top.dcp' has been generated.
INFO: [runtcl-4] Executing : report_utilization -file top_utilization_synth.rpt -pb top_utilization_synth.pb
report_utilization: Time (s): cpu = 00:00:00.09 ; elapsed = 00:00:00.12 . Memory (MB): peak = 1663.484 ; gain = 0.000 ; free physical = 179 ; free virtual = 9428
INFO: [Common 17-206] Exiting Vivado at Thu Jul 26 11:30:45 2018...
