INFO-FLOW: Workspace /home/duazel/Documents/stage3IF/High_Level_Synthesis_Trainee/operator_Vivado/float_mul3/fir_prj/solution2 opened at Mon Aug 27 13:26:22 CEST 2018
Execute     set_part xc7k160tfbg484-1 -tool vivado 
Execute       add_library xilinx/kintex7/kintex7:xc7k160t:fbg484:-1 
Execute         get_default_platform 
Execute         license_isbetapart xc7k160t 
Command         license_isbetapart done; error code: 1; 
Execute         open_platform DefaultPlatform 
Execute         import_lib /opt/Xilinx/Vivado/2018.2/common/technology/xilinx/kintex7/kintex7 
Execute           source /opt/Xilinx/Vivado/2018.2/common/technology/xilinx/common/xilinx.lib 
Execute             source /opt/Xilinx/Vivado/2018.2/common/technology/xilinx/interface/xilinx_interface.lib 
Execute               source /opt/Xilinx/Vivado/2018.2/common/technology/xilinx/interface/plb46.lib 
Execute               source /opt/Xilinx/Vivado/2018.2/common/technology/xilinx/interface/fsl.lib 
Execute               source /opt/Xilinx/Vivado/2018.2/common/technology/xilinx/interface/axi4.lib 
Execute               source /opt/Xilinx/Vivado/2018.2/common/technology/xilinx/interface/maxi.lib 
Execute               source /opt/Xilinx/Vivado/2018.2/common/technology/xilinx/interface/saxilite.lib 
Execute             source /opt/Xilinx/Vivado/2018.2/common/technology/xilinx/common/dsp48.lib 
Execute             source /opt/Xilinx/Vivado/2018.2/common/technology/xilinx/ip/xfir.lib 
Execute             source /opt/Xilinx/Vivado/2018.2/common/technology/xilinx/ip/dds_compiler.lib 
Execute             source /opt/Xilinx/Vivado/2018.2/common/technology/xilinx/ip/xfft.lib 
Execute           source /opt/Xilinx/Vivado/2018.2/common/technology/xilinx/common/xilinx_old.lib 
Execute           source /opt/Xilinx/Vivado/2018.2/common/technology/xilinx/common/xilinx_vivado.lib 
Execute           source /opt/Xilinx/Vivado/2018.2/common/technology/xilinx/common/xilinx.hlp 
Execute             source /opt/Xilinx/Vivado/2018.2/common/technology/xilinx/common/target_info.tcl 
Execute             source /opt/Xilinx/Vivado/2018.2/common/technology/xilinx/interface/xilinx_interface.hlp 
Execute               source /opt/Xilinx/Vivado/2018.2/common/technology/xilinx/interface/maxi.hlp 
Execute               source /opt/Xilinx/Vivado/2018.2/common/technology/xilinx/interface/saxilite.hlp 
Execute             source /opt/Xilinx/Vivado/2018.2/common/technology/xilinx/common/dsp48.hlp 
Execute           source /opt/Xilinx/Vivado/2018.2/common/technology/xilinx/kintex7/dsp48e1.hlp 
Execute           get_default_platform 
Execute           config_chip_info -quiet -resource  {SLICE 50950} {LUT 203800}    {FF 407600} {DSP48E 840}    {BRAM 890}  
Execute           config_chip_info -quiet -speed medium 
Execute           source /opt/Xilinx/Vivado/2018.2/common/technology/xilinx/common/xilinx.hlp 
Execute             source /opt/Xilinx/Vivado/2018.2/common/technology/xilinx/common/target_info.tcl 
Execute             source /opt/Xilinx/Vivado/2018.2/common/technology/xilinx/interface/xilinx_interface.hlp 
Execute               source /opt/Xilinx/Vivado/2018.2/common/technology/xilinx/interface/maxi.hlp 
Execute               source /opt/Xilinx/Vivado/2018.2/common/technology/xilinx/interface/saxilite.hlp 
Execute             source /opt/Xilinx/Vivado/2018.2/common/technology/xilinx/common/dsp48.hlp 
Execute         source /opt/Xilinx/Vivado/2018.2/common/technology/xilinx/kintex7/kintex7.gen 
Execute           source /opt/Xilinx/Vivado/2018.2/common/technology/xilinx/common/virtex.gen 
Execute             source /opt/Xilinx/Vivado/2018.2/common/technology/xilinx/common/xilinx.gen 
Execute               source /opt/Xilinx/Vivado/2018.2/common/technology/xilinx/interface/plb46.gen 
Execute               source /opt/Xilinx/Vivado/2018.2/common/technology/xilinx/interface/fsl.gen 
Execute               source /opt/Xilinx/Vivado/2018.2/common/technology/xilinx/interface/axi4.gen 
Execute               source /opt/Xilinx/Vivado/2018.2/common/technology/xilinx/interface/nativeAXI4.gen 
Execute                 source /opt/Xilinx/Vivado/2018.2/common/technology/xilinx/interface/saxilite.gen 
Execute                 source /opt/Xilinx/Vivado/2018.2/common/technology/xilinx/interface/maxi.gen 
Execute               source /opt/Xilinx/Vivado/2018.2/common/technology/xilinx/scripts/xilinxcoregen.gen 
Execute               source /opt/Xilinx/Vivado/2018.2/common/technology/xilinx/interface/XilEDKCoreGen.gen 
Execute               source /opt/Xilinx/Vivado/2018.2/common/technology/xilinx/ip/dds_compiler.gen 
Execute               source /opt/Xilinx/Vivado/2018.2/common/technology/xilinx/ip/util.gen 
Execute               source /opt/Xilinx/Vivado/2018.2/common/technology/xilinx/ip/xfft.gen 
Execute               source /opt/Xilinx/Vivado/2018.2/common/technology/xilinx/ip/xfir.gen 
Execute             source /opt/Xilinx/Vivado/2018.2/common/technology/xilinx/common/dsp48.gen 
Execute         get_default_platform 
Execute         config_chip_info -quiet -resource  {SLICE 25350} {LUT 101400}    {FF 202800} {DSP48E 600}    {BRAM 650}  
Execute         config_chip_info -quiet -speed slow 
Command       add_library done; 0.14 sec.
Execute       add_library xilinx/kintex7/kintex7_fpv6 
Execute         get_default_platform 
Execute         open_platform DefaultPlatform 
Execute         import_lib /opt/Xilinx/Vivado/2018.2/common/technology/xilinx/kintex7/kintex7_fpv6 
Execute           source /opt/Xilinx/Vivado/2018.2/common/technology/xilinx/common/xilinx_fpv7.lib 
Execute             source /opt/Xilinx/Vivado/2018.2/common/technology/xilinx/common/xilinx_hp.lib 
Execute           source /opt/Xilinx/Vivado/2018.2/common/technology/xilinx/common/xilinx_fpv.hlp 
Execute             source /opt/Xilinx/Vivado/2018.2/common/technology/xilinx/common/xilinx.hlp 
Execute               source /opt/Xilinx/Vivado/2018.2/common/technology/xilinx/common/target_info.tcl 
Execute               source /opt/Xilinx/Vivado/2018.2/common/technology/xilinx/interface/xilinx_interface.hlp 
Execute                 source /opt/Xilinx/Vivado/2018.2/common/technology/xilinx/interface/maxi.hlp 
Execute                 source /opt/Xilinx/Vivado/2018.2/common/technology/xilinx/interface/saxilite.hlp 
Execute               source /opt/Xilinx/Vivado/2018.2/common/technology/xilinx/common/dsp48.hlp 
Execute           source /opt/Xilinx/Vivado/2018.2/common/technology/xilinx/kintex7/kintex7_hp.hlp 
Execute         source /opt/Xilinx/Vivado/2018.2/common/technology/xilinx/kintex7/kintex7_fpv6.gen 
Execute           source /opt/Xilinx/Vivado/2018.2/common/technology/xilinx/common/xilinx_fpv6.gen 
INFO: [HLS 200-10] Setting target device to 'xc7k160tfbg484-1'
Execute       get_default_platform 
Command     set_part done; 0.2 sec.
Execute     create_clock -period 10 -name default 
Execute       config_clock -quiet -name default -period 10 -default=false 
INFO: [SYN 201-201] Setting up clock 'default' with a period of 10ns.
Execute     csynth_design 
Execute       get_config_compile -effort 
Execute       get_config_compile -enable_clang39 
Execute       get_config_compile -g 
Execute       get_config_compile -lm 
Execute       get_config_compile -ng 
Execute       get_config_compile -opt_fp 
Execute       get_config_compile -skip_cdt 
Execute       get_config_compile -skip_syncheck 
Execute       get_config_compile -skip_transform 
Execute       get_config_compile -keep_printf 
Execute       elaborate -effort=medium -skip_syncheck=0 -keep_printf=0 -lm=0 -skip_cdt=0 -skip_transform=0 -ng=0 -g=0 -opt_fp=0 -from_csynth_design=1 
Execute         get_config_schedule -relax_ii_for_timing 
Execute         get_config_schedule -suppress_dependence_error_break 
INFO: [HLS 200-10] Analyzing design file 'float_mul3.cpp' ... 
INFO-FLOW: Compiling one TU...
Execute         is_m_axi_addr64 
INFO-FLOW: Handling float_mul3.cpp as C++
Execute         get_default_platform 
Execute         is_encrypted float_mul3.cpp 
Execute         get_default_platform 
INFO-FLOW: Source preprocessing
Execute         clang  -fno-limit-debug-info -gcc-toolchain "/opt/Xilinx/Vivado/2018.2/lnx64/tools/gcc" -hls  -fno-exceptions  -D__llvm__  -E "float_mul3.cpp"     -fno-math-errno -c -emit-llvm -O0  -mllvm -disable-llvm-optzns -fno-threadsafe-statics  -fno-use-cxa-atexit  -fno-threadsafe-statics -fno-use-cxa-atexit -D__CLANG_3_1__ -DAESL_SYN -D__SYNTHESIS__ -D__HLS_SYN__ -I "/opt/Xilinx/Vivado/2018.2/common/technology/autopilot" -I "/opt/Xilinx/Vivado/2018.2/common/technology/autopilot/ap_sysc" -include etc/autopilot_ssdm_op.h -D__DSP48E1__  -o "/home/duazel/Documents/stage3IF/High_Level_Synthesis_Trainee/operator_Vivado/float_mul3/fir_prj/solution2/.autopilot/db/float_mul3.pp.0.cpp" 
INFO-FLOW: exec /opt/Xilinx/Vivado/2018.2/lnx64/tools/clang/bin/clang -fno-limit-debug-info -gcc-toolchain /opt/Xilinx/Vivado/2018.2/lnx64/tools/gcc -hls -fno-exceptions -D__llvm__ -E float_mul3.cpp -fno-math-errno -c -emit-llvm -O0 -mllvm -disable-llvm-optzns -fno-threadsafe-statics -fno-use-cxa-atexit -fno-threadsafe-statics -fno-use-cxa-atexit -D__CLANG_3_1__ -DAESL_SYN -D__SYNTHESIS__ -D__HLS_SYN__ -I /opt/Xilinx/Vivado/2018.2/common/technology/autopilot -I /opt/Xilinx/Vivado/2018.2/common/technology/autopilot/ap_sysc -include etc/autopilot_ssdm_op.h -D__DSP48E1__ -o /home/duazel/Documents/stage3IF/High_Level_Synthesis_Trainee/operator_Vivado/float_mul3/fir_prj/solution2/.autopilot/db/float_mul3.pp.0.cpp
Command         clang done; 1.31 sec.
INFO-FLOW: Syntax Checking before pre-processing...
Execute         clang  -fno-limit-debug-info -gcc-toolchain "/opt/Xilinx/Vivado/2018.2/lnx64/tools/gcc" -hls    -fno-math-errno -c -emit-llvm -O0  -mllvm -disable-llvm-optzns -fno-threadsafe-statics  -fno-use-cxa-atexit  -fno-threadsafe-statics -fno-use-cxa-atexit -D__CLANG_3_1__ -DAESL_SYN -D__SYNTHESIS__ -D__HLS_SYN__ -I "/opt/Xilinx/Vivado/2018.2/common/technology/autopilot" -I "/opt/Xilinx/Vivado/2018.2/common/technology/autopilot/ap_sysc" -include etc/autopilot_ssdm_op.h -D__DSP48E1__  "/home/duazel/Documents/stage3IF/High_Level_Synthesis_Trainee/operator_Vivado/float_mul3/fir_prj/solution2/.autopilot/db/float_mul3.pp.0.cpp"  -o "/home/duazel/Documents/stage3IF/High_Level_Synthesis_Trainee/operator_Vivado/float_mul3/fir_prj/solution2/.autopilot/db/useless.bc"  
INFO-FLOW: exec /opt/Xilinx/Vivado/2018.2/lnx64/tools/clang/bin/clang -fno-limit-debug-info -gcc-toolchain /opt/Xilinx/Vivado/2018.2/lnx64/tools/gcc -hls -fno-math-errno -c -emit-llvm -O0 -mllvm -disable-llvm-optzns -fno-threadsafe-statics -fno-use-cxa-atexit -fno-threadsafe-statics -fno-use-cxa-atexit -D__CLANG_3_1__ -DAESL_SYN -D__SYNTHESIS__ -D__HLS_SYN__ -I /opt/Xilinx/Vivado/2018.2/common/technology/autopilot -I /opt/Xilinx/Vivado/2018.2/common/technology/autopilot/ap_sysc -include etc/autopilot_ssdm_op.h -D__DSP48E1__ /home/duazel/Documents/stage3IF/High_Level_Synthesis_Trainee/operator_Vivado/float_mul3/fir_prj/solution2/.autopilot/db/float_mul3.pp.0.cpp -o /home/duazel/Documents/stage3IF/High_Level_Synthesis_Trainee/operator_Vivado/float_mul3/fir_prj/solution2/.autopilot/db/useless.bc
WARNING: [HLS 200-40] In file included from float_mul3.cpp:1:
float_mul3.cpp:66:4: warning: add explicit braces to avoid dangling else [-Wdangling-else]
   else {
   ^
float_mul3.cpp:74:4: warning: add explicit braces to avoid dangling else [-Wdangling-else]
   else
   ^
2 warnings generated.\n
Command         clang done; 1.81 sec.
INFO-FLOW: GCC PP time: 3 seconds per iteration
Execute         list_core -type functional_unit 
Execute         tidy_31 xilinx-systemc-detector /home/duazel/Documents/stage3IF/High_Level_Synthesis_Trainee/operator_Vivado/float_mul3/fir_prj/solution2/.autopilot/db/float_mul3.pp.0.cpp std=gnu++98 -directive=/home/duazel/Documents/stage3IF/High_Level_Synthesis_Trainee/operator_Vivado/float_mul3/fir_prj/solution2/.autopilot/db/.systemc_flag 
INFO-FLOW: exec /opt/Xilinx/Vivado/2018.2/lnx64/tools/clang-3.9-csynth/bin/tidy-3.1 -header-filter=.* --checks=-*,xilinx-systemc-detector -import-directive=/home/duazel/Documents/stage3IF/High_Level_Synthesis_Trainee/operator_Vivado/float_mul3/fir_prj/solution2/.autopilot/db/.systemc_flag -quiet -fix-errors /home/duazel/Documents/stage3IF/High_Level_Synthesis_Trainee/operator_Vivado/float_mul3/fir_prj/solution2/.autopilot/db/float_mul3.pp.0.cpp -- -std=gnu++98 -fhls -ferror-limit=0
Command         tidy_31 done; 1.21 sec.
INFO-FLOW: CDT Preprocessing with tidy-3.1...
Execute         tidy_31 xilinx-directive2pragma /home/duazel/Documents/stage3IF/High_Level_Synthesis_Trainee/operator_Vivado/float_mul3/fir_prj/solution2/.autopilot/db/float_mul3.pp.0.cpp std=gnu++98 -directive=/home/duazel/Documents/stage3IF/High_Level_Synthesis_Trainee/operator_Vivado/float_mul3/fir_prj/solution2/solution2.json 
INFO-FLOW: exec /opt/Xilinx/Vivado/2018.2/lnx64/tools/clang-3.9-csynth/bin/tidy-3.1 -header-filter=.* --checks=-*,xilinx-directive2pragma -import-directive=/home/duazel/Documents/stage3IF/High_Level_Synthesis_Trainee/operator_Vivado/float_mul3/fir_prj/solution2/solution2.json -quiet -fix-errors /home/duazel/Documents/stage3IF/High_Level_Synthesis_Trainee/operator_Vivado/float_mul3/fir_prj/solution2/.autopilot/db/float_mul3.pp.0.cpp -- -std=gnu++98 -fhls -ferror-limit=0
Command         tidy_31 done; 0.9 sec.
Execute         get_config_dataflow -strict_mode 
Execute         ap_eval exec -ignorestderr /opt/Xilinx/Vivado/2018.2/lnx64/tools/clang-3.9-csynth/bin/xilinx-dataflow-lawyer -export-fixes=/home/duazel/Documents/stage3IF/High_Level_Synthesis_Trainee/operator_Vivado/float_mul3/fir_prj/solution2/.autopilot/db/xilinx-dataflow-lawyer.float_mul3.pp.0.cpp.diag.yml /home/duazel/Documents/stage3IF/High_Level_Synthesis_Trainee/operator_Vivado/float_mul3/fir_prj/solution2/.autopilot/db/float_mul3.pp.0.cpp -- -std=gnu++98 -fhls -ferror-limit=0 -fstrict-dataflow > /home/duazel/Documents/stage3IF/High_Level_Synthesis_Trainee/operator_Vivado/float_mul3/fir_prj/solution2/.autopilot/db/xilinx-dataflow-lawyer.float_mul3.pp.0.cpp.out.log 2> /home/duazel/Documents/stage3IF/High_Level_Synthesis_Trainee/operator_Vivado/float_mul3/fir_prj/solution2/.autopilot/db/xilinx-dataflow-lawyer.float_mul3.pp.0.cpp.err.log 
Command         ap_eval done; 0.76 sec.
Execute         tidy_31 -errorcheck xilinx-constantarray-param,xilinx-resource-pragma-transformer /home/duazel/Documents/stage3IF/High_Level_Synthesis_Trainee/operator_Vivado/float_mul3/fir_prj/solution2/.autopilot/db/float_mul3.pp.0.cpp std=gnu++98 
INFO-FLOW: exec /opt/Xilinx/Vivado/2018.2/lnx64/tools/clang-3.9-csynth/bin/tidy-3.1 -header-filter=.* --checks=-*,xilinx-constantarray-param,xilinx-resource-pragma-transformer -quiet -fix-errors /home/duazel/Documents/stage3IF/High_Level_Synthesis_Trainee/operator_Vivado/float_mul3/fir_prj/solution2/.autopilot/db/float_mul3.pp.0.cpp -- -std=gnu++98 -fhls -ferror-limit=0
INFO-FLOW: exec /opt/Xilinx/Vivado/2018.2/lnx64/tools/clang-3.9-csynth/bin/xilinx-legacy-rewriter /home/duazel/Documents/stage3IF/High_Level_Synthesis_Trainee/operator_Vivado/float_mul3/fir_prj/solution2/.autopilot/db/float_mul3.pp.0.cpp -- -std=gnu++98 -fhls -ferror-limit=0
Command         tidy_31 done; 1.89 sec.
INFO-FLOW: tidy-3.1 time 3 seconds per iteration
INFO-FLOW: Pragma Handling...
Execute         tidy_31 xilinx-ssdm-intrinsics-arguments /home/duazel/Documents/stage3IF/High_Level_Synthesis_Trainee/operator_Vivado/float_mul3/fir_prj/solution2/.autopilot/db/float_mul3.pragma.1.cpp std=gnu++98 
INFO-FLOW: exec /opt/Xilinx/Vivado/2018.2/lnx64/tools/clang-3.9-csynth/bin/tidy-3.1 -header-filter=.* --checks=-*,xilinx-ssdm-intrinsics-arguments -quiet -fix-errors /home/duazel/Documents/stage3IF/High_Level_Synthesis_Trainee/operator_Vivado/float_mul3/fir_prj/solution2/.autopilot/db/float_mul3.pragma.1.cpp -- -std=gnu++98 -fhls -ferror-limit=0
Command         tidy_31 done; 1.81 sec.
INFO-FLOW: Source preprocessing
Execute         clang  -fno-limit-debug-info -gcc-toolchain "/opt/Xilinx/Vivado/2018.2/lnx64/tools/gcc" -hls  -fno-exceptions  -D__llvm__  -E "/home/duazel/Documents/stage3IF/High_Level_Synthesis_Trainee/operator_Vivado/float_mul3/fir_prj/solution2/.autopilot/db/float_mul3.pragma.1.cpp"     -fno-math-errno -c -emit-llvm -O0  -mllvm -disable-llvm-optzns -fno-threadsafe-statics  -fno-use-cxa-atexit  -fno-threadsafe-statics -fno-use-cxa-atexit -D__CLANG_3_1__ -DAESL_SYN -D__SYNTHESIS__ -D__HLS_SYN__ -I "/opt/Xilinx/Vivado/2018.2/common/technology/autopilot" -I "/opt/Xilinx/Vivado/2018.2/common/technology/autopilot/ap_sysc" -include etc/autopilot_ssdm_op.h -D__DSP48E1__  -o "/home/duazel/Documents/stage3IF/High_Level_Synthesis_Trainee/operator_Vivado/float_mul3/fir_prj/solution2/.autopilot/db/float_mul3.pragma.2.cpp" 
INFO-FLOW: exec /opt/Xilinx/Vivado/2018.2/lnx64/tools/clang/bin/clang -fno-limit-debug-info -gcc-toolchain /opt/Xilinx/Vivado/2018.2/lnx64/tools/gcc -hls -fno-exceptions -D__llvm__ -E /home/duazel/Documents/stage3IF/High_Level_Synthesis_Trainee/operator_Vivado/float_mul3/fir_prj/solution2/.autopilot/db/float_mul3.pragma.1.cpp -fno-math-errno -c -emit-llvm -O0 -mllvm -disable-llvm-optzns -fno-threadsafe-statics -fno-use-cxa-atexit -fno-threadsafe-statics -fno-use-cxa-atexit -D__CLANG_3_1__ -DAESL_SYN -D__SYNTHESIS__ -D__HLS_SYN__ -I /opt/Xilinx/Vivado/2018.2/common/technology/autopilot -I /opt/Xilinx/Vivado/2018.2/common/technology/autopilot/ap_sysc -include etc/autopilot_ssdm_op.h -D__DSP48E1__ -o /home/duazel/Documents/stage3IF/High_Level_Synthesis_Trainee/operator_Vivado/float_mul3/fir_prj/solution2/.autopilot/db/float_mul3.pragma.2.cpp
Command         clang done; 1.41 sec.
Execute         get_default_platform 
INFO-FLOW: Processing labels
Execute         clang -src /home/duazel/Documents/stage3IF/High_Level_Synthesis_Trainee/operator_Vivado/float_mul3/fir_prj/solution2/.autopilot/db/float_mul3.pragma.2.cpp  -fno-limit-debug-info -gcc-toolchain /opt/Xilinx/Vivado/2018.2/lnx64/tools/gcc -hls -hls-analyze-label -hls-analyze-pragma -fno-exceptions  -D__llvm__  -w  "/home/duazel/Documents/stage3IF/High_Level_Synthesis_Trainee/operator_Vivado/float_mul3/fir_prj/solution2/.autopilot/db/float_mul3.pragma.2.cpp"    -fno-math-errno -c -emit-llvm -O0  -mllvm -disable-llvm-optzns -fno-threadsafe-statics  -fno-use-cxa-atexit -DAESL_SYN -D__SYNTHESIS__ -D__HLS_SYN__ -I "/opt/Xilinx/Vivado/2018.2/common/technology/autopilot" -I "/opt/Xilinx/Vivado/2018.2/common/technology/autopilot/ap_sysc" -include etc/autopilot_ssdm_op.h -D__DSP48E1__ -g -o "/home/duazel/Documents/stage3IF/High_Level_Synthesis_Trainee/operator_Vivado/float_mul3/fir_prj/solution2/.autopilot/db/float_mul3.bc" 
INFO-FLOW: exec /opt/Xilinx/Vivado/2018.2/lnx64/tools/clang/bin/clang -fno-limit-debug-info -gcc-toolchain /opt/Xilinx/Vivado/2018.2/lnx64/tools/gcc -hls -hls-analyze-label -hls-analyze-pragma -fno-exceptions -D__llvm__ -w /home/duazel/Documents/stage3IF/High_Level_Synthesis_Trainee/operator_Vivado/float_mul3/fir_prj/solution2/.autopilot/db/float_mul3.pragma.2.cpp -fno-math-errno -c -emit-llvm -O0 -mllvm -disable-llvm-optzns -fno-threadsafe-statics -fno-use-cxa-atexit -DAESL_SYN -D__SYNTHESIS__ -D__HLS_SYN__ -I /opt/Xilinx/Vivado/2018.2/common/technology/autopilot -I /opt/Xilinx/Vivado/2018.2/common/technology/autopilot/ap_sysc -include etc/autopilot_ssdm_op.h -D__DSP48E1__ -g -o /home/duazel/Documents/stage3IF/High_Level_Synthesis_Trainee/operator_Vivado/float_mul3/fir_prj/solution2/.autopilot/db/float_mul3.bc
Command         clang done; 2.46 sec.
INFO-FLOW: Linking Debug ...
Execute         llvm-ld /home/duazel/Documents/stage3IF/High_Level_Synthesis_Trainee/operator_Vivado/float_mul3/fir_prj/solution2/.autopilot/db/float_mul3.g.bc -hls-opt -except-internalize operator_float_div3 -L/opt/Xilinx/Vivado/2018.2/lnx64/lib -lhlsm -lhlsmc++ -o /home/duazel/Documents/stage3IF/High_Level_Synthesis_Trainee/operator_Vivado/float_mul3/fir_prj/solution2/.autopilot/db/a.g 
Command         llvm-ld done; 0.86 sec.
INFO: [HLS 200-111] Finished Linking Time (s): cpu = 00:00:14 ; elapsed = 00:00:15 . Memory (MB): peak = 372.715 ; gain = 0.105 ; free physical = 171 ; free virtual = 10982
INFO: [HLS 200-111] Finished Checking Pragmas Time (s): cpu = 00:00:14 ; elapsed = 00:00:15 . Memory (MB): peak = 372.715 ; gain = 0.105 ; free physical = 171 ; free virtual = 10982
Execute         ::config_rtl 
Execute         opt_and_import_c a -opt_level=2 -skip_syncheck=0 -ng=0 -keep_printf=0 
Execute           cleanup_all_models 
INFO: [HLS 200-10] Starting code transformations ...
Execute           transform -promote-dbg-pointer /home/duazel/Documents/stage3IF/High_Level_Synthesis_Trainee/operator_Vivado/float_mul3/fir_prj/solution2/.autopilot/db/a.pp.bc -o /home/duazel/Documents/stage3IF/High_Level_Synthesis_Trainee/operator_Vivado/float_mul3/fir_prj/solution2/.autopilot/db/a.pp.0.bc -f 
Command           transform done; 0.11 sec.
Execute           llvm-ld /home/duazel/Documents/stage3IF/High_Level_Synthesis_Trainee/operator_Vivado/float_mul3/fir_prj/solution2/.autopilot/db/a.pp.0.bc -disable-opt -L/opt/Xilinx/Vivado/2018.2/lnx64/lib -lfloatconversion -o /home/duazel/Documents/stage3IF/High_Level_Synthesis_Trainee/operator_Vivado/float_mul3/fir_prj/solution2/.autopilot/db/a.g.0 
Command           llvm-ld done; 0.82 sec.
INFO-FLOW: Running Standard Transforms...
Execute           transform -hls -share-std-xform -demangle-name -inline-byval-memcpy -always-inline -promote-dbg-pointer -interface-preproc -scalarrepl -mem2reg -keep-read-access -instcombine -dce -promote-dbg-pointer -bitop-raise -loop-simplify -indvarspre -indvars -loop-simplify -xunroll -constprop -instcombine -simplifycfg -indvars -simplifycfg -dce -globaldce -basicaa -simplifycfg -mem2reg -globalopt -global-constprop -deadargelim -instcombine -simplifycfg -prune-eh -simplifycfg -scalarrepl -instcombine -reassociate -licm -simplifycfg -loop-simplify -indvars -instcombine -simplifycfg -mem2reg -loop-simplify -indvars -instcombine -gvn -gvn -instcombine -adce -break-crit-edges -simplifycfg -loop-delete -global-array-opt -dce -dse -adce -find-syn-modules -top operator_float_div3 -deadargelim -mem2reg -instcombine -dce -presyn-prepare -auto-rom-infer -interface-preproc -syn-check -check-rec-only -find-region -simplifycfg -func-extr -function-inline -globaldce -mem2reg -instcombine -dce -gvn -globaldce -adce -adse -constprop -instcombine -bit-constprop -instcombine -dce -simplifycfg -bitop-raise -simplifycfg -dce -loop-delete -reassociate -globalopt -global-privatize -mem2reg -dce -global-constprop -pointer-simplify -constprop -dce -func-inst -deadargelim -auto-shift-reg-idiom -promote-dbg-pointer -norm-name /home/duazel/Documents/stage3IF/High_Level_Synthesis_Trainee/operator_Vivado/float_mul3/fir_prj/solution2/.autopilot/db/a.g.0.bc -o /home/duazel/Documents/stage3IF/High_Level_Synthesis_Trainee/operator_Vivado/float_mul3/fir_prj/solution2/.autopilot/db/a.g.1.bc -f -phase std-opt 
ERROR: [SYNCHK 200-79] Cannot find the top function 'operator_float_div3' in the design. Possible causes are: (1) the top function name is misspelled; (2) the top function is nonexistent or declared as static.
Command           transform done; error code: 1; 
ERROR: [HLS 200-70] Synthesizability check failed.
Command         opt_and_import_c done; error code: 2; 1.02 sec.
Command       elaborate done; error code: 2; 15.8 sec.
Command     csynth_design done; error code: 2; 15.8 sec.
Command   ap_source done; error code: 1; 16.02 sec.
Execute   cleanup_all 
