#-----------------------------------------------------------
# Vivado v2018.2 (64-bit)
# SW Build 2258646 on Thu Jun 14 20:02:38 MDT 2018
# IP Build 2256618 on Thu Jun 14 22:10:49 MDT 2018
# Start of session at: Thu Jul 26 11:29:51 2018
# Process ID: 13197
# Current directory: /home/duazel/Documents/stage3IF/High_Level_Synthesis_Trainee/operator_Vivado/first_try/fir_prj/solution1/impl/vhdl
# Command line: vivado -notrace -mode batch -source run_vivado.tcl
# Log file: /home/duazel/Documents/stage3IF/High_Level_Synthesis_Trainee/operator_Vivado/first_try/fir_prj/solution1/impl/vhdl/vivado.log
# Journal file: /home/duazel/Documents/stage3IF/High_Level_Synthesis_Trainee/operator_Vivado/first_try/fir_prj/solution1/impl/vhdl/vivado.jou
#-----------------------------------------------------------
source run_vivado.tcl -notrace
[Thu Jul 26 11:29:59 2018] Launched synth_1...
Run output will be captured here: /home/duazel/Documents/stage3IF/High_Level_Synthesis_Trainee/operator_Vivado/first_try/fir_prj/solution1/impl/vhdl/project.runs/synth_1/runme.log
[Thu Jul 26 11:29:59 2018] Waiting for synth_1 to finish...

*** Running vivado
    with args -log top.vds -m64 -product Vivado -mode batch -messageDb vivado.pb -notrace -source top.tcl


****** Vivado v2018.2 (64-bit)
  **** SW Build 2258646 on Thu Jun 14 20:02:38 MDT 2018
  **** IP Build 2256618 on Thu Jun 14 22:10:49 MDT 2018
    ** Copyright 1986-2018 Xilinx, Inc. All Rights Reserved.

source top.tcl -notrace
Command: synth_design -top top -part xc7k160tfbg484-1 -directive sdx_optimization_effort_high -no_iobuf -mode out_of_context
Starting synth_design
Attempting to get a license for feature 'Synthesis' and/or device 'xc7k160t'
INFO: [Common 17-349] Got license for feature 'Synthesis' and/or device 'xc7k160t'
INFO: Launching helper process for spawning children vivado processes
INFO: Helper process launched with PID 13298 
---------------------------------------------------------------------------------
Starting RTL Elaboration : Time (s): cpu = 00:00:02 ; elapsed = 00:00:02 . Memory (MB): peak = 1266.355 ; gain = 80.898 ; free physical = 214 ; free virtual = 9772
---------------------------------------------------------------------------------
INFO: [Synth 8-638] synthesizing module 'top' [/home/duazel/Documents/stage3IF/High_Level_Synthesis_Trainee/operator_Vivado/first_try/fir_prj/solution1/impl/vhdl/top.vhd:24]
INFO: [Synth 8-256] done synthesizing module 'top' (1#1) [/home/duazel/Documents/stage3IF/High_Level_Synthesis_Trainee/operator_Vivado/first_try/fir_prj/solution1/impl/vhdl/top.vhd:24]
WARNING: [Synth 8-3917] design top has port ap_idle driven by constant 1
WARNING: [Synth 8-3331] design top has unconnected port b[31]
---------------------------------------------------------------------------------
Finished RTL Elaboration : Time (s): cpu = 00:00:02 ; elapsed = 00:00:03 . Memory (MB): peak = 1311.980 ; gain = 126.523 ; free physical = 228 ; free virtual = 9784
---------------------------------------------------------------------------------

Report Check Netlist: 
+------+------------------+-------+---------+-------+------------------+
|      |Item              |Errors |Warnings |Status |Description       |
+------+------------------+-------+---------+-------+------------------+
|1     |multi_driven_nets |      0|        0|Passed |Multi driven nets |
+------+------------------+-------+---------+-------+------------------+
---------------------------------------------------------------------------------
Start Handling Custom Attributes
---------------------------------------------------------------------------------
---------------------------------------------------------------------------------
Finished Handling Custom Attributes : Time (s): cpu = 00:00:03 ; elapsed = 00:00:03 . Memory (MB): peak = 1311.980 ; gain = 126.523 ; free physical = 228 ; free virtual = 9785
---------------------------------------------------------------------------------
---------------------------------------------------------------------------------
Finished RTL Optimization Phase 1 : Time (s): cpu = 00:00:03 ; elapsed = 00:00:03 . Memory (MB): peak = 1311.980 ; gain = 126.523 ; free physical = 228 ; free virtual = 9785
---------------------------------------------------------------------------------
INFO: [Device 21-403] Loading part xc7k160tfbg484-1
INFO: [Project 1-570] Preparing netlist for logic optimization

Processing XDC Constraints
Initializing timing engine
Parsing XDC File [/home/duazel/Documents/stage3IF/High_Level_Synthesis_Trainee/operator_Vivado/first_try/fir_prj/solution1/impl/vhdl/top.xdc]
Finished Parsing XDC File [/home/duazel/Documents/stage3IF/High_Level_Synthesis_Trainee/operator_Vivado/first_try/fir_prj/solution1/impl/vhdl/top.xdc]
Completed Processing XDC Constraints

INFO: [Project 1-111] Unisim Transformation Summary:
No Unisim elements were transformed.

Constraint Validation Runtime : Time (s): cpu = 00:00:00.01 ; elapsed = 00:00:00.02 . Memory (MB): peak = 1566.465 ; gain = 0.000 ; free physical = 135 ; free virtual = 9480
---------------------------------------------------------------------------------
Finished Constraint Validation : Time (s): cpu = 00:00:12 ; elapsed = 00:00:26 . Memory (MB): peak = 1566.465 ; gain = 381.008 ; free physical = 205 ; free virtual = 9551
---------------------------------------------------------------------------------
---------------------------------------------------------------------------------
Start Loading Part and Timing Information
---------------------------------------------------------------------------------
Loading part: xc7k160tfbg484-1
---------------------------------------------------------------------------------
Finished Loading Part and Timing Information : Time (s): cpu = 00:00:12 ; elapsed = 00:00:26 . Memory (MB): peak = 1566.465 ; gain = 381.008 ; free physical = 205 ; free virtual = 9551
---------------------------------------------------------------------------------
---------------------------------------------------------------------------------
Start Applying 'set_property' XDC Constraints
---------------------------------------------------------------------------------
---------------------------------------------------------------------------------
Finished applying 'set_property' XDC Constraints : Time (s): cpu = 00:00:12 ; elapsed = 00:00:26 . Memory (MB): peak = 1566.465 ; gain = 381.008 ; free physical = 206 ; free virtual = 9552
---------------------------------------------------------------------------------
---------------------------------------------------------------------------------
Finished RTL Optimization Phase 2 : Time (s): cpu = 00:00:12 ; elapsed = 00:00:26 . Memory (MB): peak = 1566.465 ; gain = 381.008 ; free physical = 205 ; free virtual = 9551
---------------------------------------------------------------------------------

Report RTL Partitions: 
+-+--------------+------------+----------+
| |RTL Partition |Replication |Instances |
+-+--------------+------------+----------+
+-+--------------+------------+----------+
---------------------------------------------------------------------------------
Start RTL Component Statistics 
---------------------------------------------------------------------------------
Detailed RTL Component Info : 
---------------------------------------------------------------------------------
Finished RTL Component Statistics 
---------------------------------------------------------------------------------
---------------------------------------------------------------------------------
Start RTL Hierarchical Component Statistics 
---------------------------------------------------------------------------------
Hierarchical RTL Component report 
---------------------------------------------------------------------------------
Finished RTL Hierarchical Component Statistics
---------------------------------------------------------------------------------
---------------------------------------------------------------------------------
Start Part Resource Summary
---------------------------------------------------------------------------------
Part Resources:
DSPs: 600 (col length:100)
BRAMs: 650 (col length: RAMB18 100 RAMB36 50)
---------------------------------------------------------------------------------
Finished Part Resource Summary
---------------------------------------------------------------------------------
---------------------------------------------------------------------------------
Start Cross Boundary and Area Optimization
---------------------------------------------------------------------------------
Warning: Parallel synthesis criteria is not met 
WARNING: [Synth 8-3917] design top has port ap_idle driven by constant 1
WARNING: [Synth 8-3331] design top has unconnected port b[31]
---------------------------------------------------------------------------------
Finished Cross Boundary and Area Optimization : Time (s): cpu = 00:00:13 ; elapsed = 00:00:27 . Memory (MB): peak = 1574.473 ; gain = 389.016 ; free physical = 180 ; free virtual = 9534
---------------------------------------------------------------------------------

Report RTL Partitions: 
+-+--------------+------------+----------+
| |RTL Partition |Replication |Instances |
+-+--------------+------------+----------+
+-+--------------+------------+----------+
---------------------------------------------------------------------------------
Start Applying XDC Timing Constraints
---------------------------------------------------------------------------------
---------------------------------------------------------------------------------
Finished Applying XDC Timing Constraints : Time (s): cpu = 00:00:19 ; elapsed = 00:00:36 . Memory (MB): peak = 1620.473 ; gain = 435.016 ; free physical = 127 ; free virtual = 9393
---------------------------------------------------------------------------------
---------------------------------------------------------------------------------
Start Timing Optimization
---------------------------------------------------------------------------------
---------------------------------------------------------------------------------
Finished Timing Optimization : Time (s): cpu = 00:00:19 ; elapsed = 00:00:36 . Memory (MB): peak = 1621.473 ; gain = 436.016 ; free physical = 127 ; free virtual = 9393
---------------------------------------------------------------------------------

Report RTL Partitions: 
+-+--------------+------------+----------+
| |RTL Partition |Replication |Instances |
+-+--------------+------------+----------+
+-+--------------+------------+----------+
---------------------------------------------------------------------------------
Start Technology Mapping
---------------------------------------------------------------------------------
---------------------------------------------------------------------------------
Finished Technology Mapping : Time (s): cpu = 00:00:19 ; elapsed = 00:00:36 . Memory (MB): peak = 1621.473 ; gain = 436.016 ; free physical = 127 ; free virtual = 9392
---------------------------------------------------------------------------------

Report RTL Partitions: 
+-+--------------+------------+----------+
| |RTL Partition |Replication |Instances |
+-+--------------+------------+----------+
+-+--------------+------------+----------+
---------------------------------------------------------------------------------
Start IO Insertion
---------------------------------------------------------------------------------
---------------------------------------------------------------------------------
Start Flattening Before IO Insertion
---------------------------------------------------------------------------------
---------------------------------------------------------------------------------
Finished Flattening Before IO Insertion
---------------------------------------------------------------------------------
---------------------------------------------------------------------------------
Start Final Netlist Cleanup
---------------------------------------------------------------------------------
---------------------------------------------------------------------------------
Finished Final Netlist Cleanup
---------------------------------------------------------------------------------
---------------------------------------------------------------------------------
Finished IO Insertion : Time (s): cpu = 00:00:20 ; elapsed = 00:00:36 . Memory (MB): peak = 1621.473 ; gain = 436.016 ; free physical = 141 ; free virtual = 9385
---------------------------------------------------------------------------------

Report Check Netlist: 
+------+------------------+-------+---------+-------+------------------+
|      |Item              |Errors |Warnings |Status |Description       |
+------+------------------+-------+---------+-------+------------------+
|1     |multi_driven_nets |      0|        0|Passed |Multi driven nets |
+------+------------------+-------+---------+-------+------------------+
---------------------------------------------------------------------------------
Start Renaming Generated Instances
---------------------------------------------------------------------------------
---------------------------------------------------------------------------------
Finished Renaming Generated Instances : Time (s): cpu = 00:00:20 ; elapsed = 00:00:36 . Memory (MB): peak = 1621.473 ; gain = 436.016 ; free physical = 141 ; free virtual = 9385
---------------------------------------------------------------------------------

Report RTL Partitions: 
+-+--------------+------------+----------+
| |RTL Partition |Replication |Instances |
+-+--------------+------------+----------+
+-+--------------+------------+----------+
---------------------------------------------------------------------------------
Start Rebuilding User Hierarchy
---------------------------------------------------------------------------------
---------------------------------------------------------------------------------
Finished Rebuilding User Hierarchy : Time (s): cpu = 00:00:20 ; elapsed = 00:00:36 . Memory (MB): peak = 1621.473 ; gain = 436.016 ; free physical = 141 ; free virtual = 9385
---------------------------------------------------------------------------------
---------------------------------------------------------------------------------
Start Renaming Generated Ports
---------------------------------------------------------------------------------
---------------------------------------------------------------------------------
Finished Renaming Generated Ports : Time (s): cpu = 00:00:20 ; elapsed = 00:00:36 . Memory (MB): peak = 1621.473 ; gain = 436.016 ; free physical = 141 ; free virtual = 9385
---------------------------------------------------------------------------------
---------------------------------------------------------------------------------
Start Handling Custom Attributes
---------------------------------------------------------------------------------
---------------------------------------------------------------------------------
Finished Handling Custom Attributes : Time (s): cpu = 00:00:20 ; elapsed = 00:00:36 . Memory (MB): peak = 1621.473 ; gain = 436.016 ; free physical = 141 ; free virtual = 9385
---------------------------------------------------------------------------------
---------------------------------------------------------------------------------
Start Renaming Generated Nets
---------------------------------------------------------------------------------
---------------------------------------------------------------------------------
Finished Renaming Generated Nets : Time (s): cpu = 00:00:20 ; elapsed = 00:00:36 . Memory (MB): peak = 1621.473 ; gain = 436.016 ; free physical = 140 ; free virtual = 9384
---------------------------------------------------------------------------------
---------------------------------------------------------------------------------
Start Writing Synthesis Report
---------------------------------------------------------------------------------

Report BlackBoxes: 
+-+--------------+----------+
| |BlackBox name |Instances |
+-+--------------+----------+
+-+--------------+----------+

Report Cell Usage: 
+------+-----+------+
|      |Cell |Count |
+------+-----+------+
|1     |LUT2 |     1|
|2     |LUT3 |     7|
|3     |LUT4 |    13|
|4     |LUT5 |    18|
|5     |LUT6 |    68|
+------+-----+------+

Report Instance Areas: 
+------+---------+-------+------+
|      |Instance |Module |Cells |
+------+---------+-------+------+
|1     |top      |       |   107|
+------+---------+-------+------+
---------------------------------------------------------------------------------
Finished Writing Synthesis Report : Time (s): cpu = 00:00:20 ; elapsed = 00:00:36 . Memory (MB): peak = 1621.473 ; gain = 436.016 ; free physical = 140 ; free virtual = 9384
---------------------------------------------------------------------------------
Synthesis finished with 0 errors, 0 critical warnings and 2 warnings.
Synthesis Optimization Runtime : Time (s): cpu = 00:00:12 ; elapsed = 00:00:16 . Memory (MB): peak = 1621.473 ; gain = 181.531 ; free physical = 194 ; free virtual = 9438
Synthesis Optimization Complete : Time (s): cpu = 00:00:20 ; elapsed = 00:00:36 . Memory (MB): peak = 1621.480 ; gain = 436.016 ; free physical = 195 ; free virtual = 9439
INFO: [Project 1-571] Translating synthesized netlist
INFO: [Project 1-570] Preparing netlist for logic optimization
INFO: [Opt 31-138] Pushed 0 inverter(s) to 0 load pin(s).
INFO: [Project 1-111] Unisim Transformation Summary:
No Unisim elements were transformed.

INFO: [Common 17-83] Releasing license: Synthesis
11 Infos, 4 Warnings, 0 Critical Warnings and 0 Errors encountered.
synth_design completed successfully
synth_design: Time (s): cpu = 00:00:22 ; elapsed = 00:00:37 . Memory (MB): peak = 1639.473 ; gain = 454.117 ; free physical = 178 ; free virtual = 9426
WARNING: [Constraints 18-5210] No constraint will be written out.
INFO: [Common 17-1381] The checkpoint '/home/duazel/Documents/stage3IF/High_Level_Synthesis_Trainee/operator_Vivado/first_try/fir_prj/solution1/impl/vhdl/project.runs/synth_1/top.dcp' has been generated.
INFO: [runtcl-4] Executing : report_utilization -file top_utilization_synth.rpt -pb top_utilization_synth.pb
report_utilization: Time (s): cpu = 00:00:00.09 ; elapsed = 00:00:00.12 . Memory (MB): peak = 1663.484 ; gain = 0.000 ; free physical = 179 ; free virtual = 9428
INFO: [Common 17-206] Exiting Vivado at Thu Jul 26 11:30:45 2018...
[Thu Jul 26 11:30:45 2018] synth_1 finished
wait_on_run: Time (s): cpu = 00:00:29 ; elapsed = 00:00:46 . Memory (MB): peak = 1185.461 ; gain = 0.000 ; free physical = 739 ; free virtual = 9986
Design is defaulting to impl run constrset: constrs_1
Design is defaulting to synth run part: xc7k160tfbg484-1
INFO: [Project 1-479] Netlist was created with Vivado 2018.2
INFO: [Device 21-403] Loading part xc7k160tfbg484-1
INFO: [Project 1-570] Preparing netlist for logic optimization
Parsing XDC File [/home/duazel/Documents/stage3IF/High_Level_Synthesis_Trainee/operator_Vivado/first_try/fir_prj/solution1/impl/vhdl/top.xdc]
Finished Parsing XDC File [/home/duazel/Documents/stage3IF/High_Level_Synthesis_Trainee/operator_Vivado/first_try/fir_prj/solution1/impl/vhdl/top.xdc]
INFO: [Opt 31-138] Pushed 0 inverter(s) to 0 load pin(s).
INFO: [Project 1-111] Unisim Transformation Summary:
No Unisim elements were transformed.

open_run: Time (s): cpu = 00:00:08 ; elapsed = 00:00:20 . Memory (MB): peak = 1479.809 ; gain = 294.348 ; free physical = 460 ; free virtual = 9707
report_utilization: Time (s): cpu = 00:00:00.13 ; elapsed = 00:00:00.15 . Memory (MB): peak = 1479.809 ; gain = 0.000 ; free physical = 457 ; free virtual = 9705
INFO: [Timing 38-91] UpdateTimingParams: Speed grade: -1, Delay Type: max.
INFO: [Timing 38-191] Multithreading enabled for timing update using a maximum of 4 CPUs
INFO: [Timing 38-35] Done setting XDC timing constraints.
INFO: [Timing 38-78] ReportTimingParams: -max_paths 1 -nworst 1 -delay_type max -sort_by slack.
report_timing: Time (s): cpu = 00:00:10 ; elapsed = 00:00:22 . Memory (MB): peak = 2002.379 ; gain = 522.570 ; free physical = 150 ; free virtual = 9259
INFO: [Timing 38-480] Writing timing data to binary archive.
[Thu Jul 26 11:31:28 2018] Launched impl_1...
Run output will be captured here: /home/duazel/Documents/stage3IF/High_Level_Synthesis_Trainee/operator_Vivado/first_try/fir_prj/solution1/impl/vhdl/project.runs/impl_1/runme.log
[Thu Jul 26 11:31:28 2018] Waiting for impl_1 to finish...

*** Running vivado
    with args -log top.vdi -applog -m64 -product Vivado -messageDb vivado.pb -mode batch -source top.tcl -notrace


****** Vivado v2018.2 (64-bit)
  **** SW Build 2258646 on Thu Jun 14 20:02:38 MDT 2018
  **** IP Build 2256618 on Thu Jun 14 22:10:49 MDT 2018
    ** Copyright 1986-2018 Xilinx, Inc. All Rights Reserved.

source top.tcl -notrace
Command: open_checkpoint /home/duazel/Documents/stage3IF/High_Level_Synthesis_Trainee/operator_Vivado/first_try/fir_prj/solution1/impl/vhdl/project.runs/impl_1/top.dcp

Starting open_checkpoint Task

Time (s): cpu = 00:00:00.04 ; elapsed = 00:00:00.08 . Memory (MB): peak = 1183.340 ; gain = 0.000 ; free physical = 155 ; free virtual = 9090
INFO: [Project 1-479] Netlist was created with Vivado 2018.2
INFO: [Device 21-403] Loading part xc7k160tfbg484-1
INFO: [Project 1-570] Preparing netlist for logic optimization
INFO: [Timing 38-478] Restoring timing data from binary archive.
INFO: [Timing 38-479] Binary timing data restore complete.
INFO: [Project 1-856] Restoring constraints from binary archive.
INFO: [Project 1-853] Binary constraint restore complete.
INFO: [Project 1-111] Unisim Transformation Summary:
No Unisim elements were transformed.

INFO: [Project 1-604] Checkpoint was created with Vivado v2018.2 (64-bit) build 2258646
open_checkpoint: Time (s): cpu = 00:00:19 ; elapsed = 00:00:44 . Memory (MB): peak = 1982.949 ; gain = 799.609 ; free physical = 166 ; free virtual = 8296
Command: opt_design
Attempting to get a license for feature 'Implementation' and/or device 'xc7k160t'
INFO: [Common 17-349] Got license for feature 'Implementation' and/or device 'xc7k160t'
Running DRC as a precondition to command opt_design

Starting DRC Task
INFO: [DRC 23-27] Running DRC with 4 threads
INFO: [Project 1-461] DRC finished with 0 Errors
INFO: [Project 1-462] Please refer to the DRC report (report_drc) for more information.

Time (s): cpu = 00:00:01 ; elapsed = 00:00:01 . Memory (MB): peak = 2031.965 ; gain = 49.016 ; free physical = 137 ; free virtual = 8287

Starting Cache Timing Information Task
Ending Cache Timing Information Task | Checksum: 16fc8e4c9

Time (s): cpu = 00:00:00.01 ; elapsed = 00:00:00.02 . Memory (MB): peak = 2031.965 ; gain = 0.000 ; free physical = 136 ; free virtual = 8289

Starting Logic Optimization Task

Phase 1 Retarget
INFO: [Opt 31-138] Pushed 0 inverter(s) to 0 load pin(s).
INFO: [Opt 31-49] Retargeted 0 cell(s).
Phase 1 Retarget | Checksum: 16fc8e4c9

Time (s): cpu = 00:00:00.14 ; elapsed = 00:00:00.27 . Memory (MB): peak = 2031.965 ; gain = 0.000 ; free physical = 193 ; free virtual = 8352
INFO: [Opt 31-389] Phase Retarget created 0 cells and removed 0 cells

Phase 2 Constant propagation
INFO: [Opt 31-138] Pushed 0 inverter(s) to 0 load pin(s).
Phase 2 Constant propagation | Checksum: 16fc8e4c9

Time (s): cpu = 00:00:00.15 ; elapsed = 00:00:00.27 . Memory (MB): peak = 2031.965 ; gain = 0.000 ; free physical = 193 ; free virtual = 8352
INFO: [Opt 31-389] Phase Constant propagation created 0 cells and removed 0 cells

Phase 3 Sweep
Phase 3 Sweep | Checksum: 16fc8e4c9

Time (s): cpu = 00:00:00.15 ; elapsed = 00:00:00.27 . Memory (MB): peak = 2031.965 ; gain = 0.000 ; free physical = 193 ; free virtual = 8352
INFO: [Opt 31-389] Phase Sweep created 0 cells and removed 0 cells

Phase 4 BUFG optimization
Phase 4 BUFG optimization | Checksum: 16fc8e4c9

Time (s): cpu = 00:00:00.15 ; elapsed = 00:00:00.27 . Memory (MB): peak = 2031.965 ; gain = 0.000 ; free physical = 193 ; free virtual = 8353
INFO: [Opt 31-662] Phase BUFG optimization created 0 cells of which 0 are BUFGs and removed 0 cells.

Phase 5 Shift Register Optimization
Phase 5 Shift Register Optimization | Checksum: 16fc8e4c9

Time (s): cpu = 00:00:00.15 ; elapsed = 00:00:00.28 . Memory (MB): peak = 2031.965 ; gain = 0.000 ; free physical = 193 ; free virtual = 8352
INFO: [Opt 31-389] Phase Shift Register Optimization created 0 cells and removed 0 cells

Phase 6 Post Processing Netlist
Phase 6 Post Processing Netlist | Checksum: 16fc8e4c9

Time (s): cpu = 00:00:00.15 ; elapsed = 00:00:00.28 . Memory (MB): peak = 2031.965 ; gain = 0.000 ; free physical = 193 ; free virtual = 8352
INFO: [Opt 31-389] Phase Post Processing Netlist created 0 cells and removed 0 cells

Starting Connectivity Check Task

Time (s): cpu = 00:00:00 ; elapsed = 00:00:00 . Memory (MB): peak = 2031.965 ; gain = 0.000 ; free physical = 193 ; free virtual = 8352
Ending Logic Optimization Task | Checksum: 16fc8e4c9

Time (s): cpu = 00:00:00.15 ; elapsed = 00:00:00.28 . Memory (MB): peak = 2031.965 ; gain = 0.000 ; free physical = 193 ; free virtual = 8352

Starting Power Optimization Task
INFO: [Pwropt 34-132] Skipping clock gating for clocks with a period < 2.00 ns.
Ending Power Optimization Task | Checksum: 16fc8e4c9

Time (s): cpu = 00:00:00.01 ; elapsed = 00:00:00.03 . Memory (MB): peak = 2031.965 ; gain = 0.000 ; free physical = 191 ; free virtual = 8352

Starting Final Cleanup Task
Ending Final Cleanup Task | Checksum: 16fc8e4c9

Time (s): cpu = 00:00:00 ; elapsed = 00:00:00 . Memory (MB): peak = 2031.965 ; gain = 0.000 ; free physical = 191 ; free virtual = 8352
INFO: [Common 17-83] Releasing license: Implementation
24 Infos, 0 Warnings, 0 Critical Warnings and 0 Errors encountered.
opt_design completed successfully
INFO: [Timing 38-35] Done setting XDC timing constraints.
INFO: [Timing 38-480] Writing timing data to binary archive.
INFO: [Common 17-1381] The checkpoint '/home/duazel/Documents/stage3IF/High_Level_Synthesis_Trainee/operator_Vivado/first_try/fir_prj/solution1/impl/vhdl/project.runs/impl_1/top_opt.dcp' has been generated.
INFO: [runtcl-4] Executing : report_drc -file top_drc_opted.rpt -pb top_drc_opted.pb -rpx top_drc_opted.rpx
Command: report_drc -file top_drc_opted.rpt -pb top_drc_opted.pb -rpx top_drc_opted.rpx
INFO: [IP_Flow 19-234] Refreshing IP repositories
INFO: [IP_Flow 19-1704] No user IP repositories specified
INFO: [IP_Flow 19-2313] Loaded Vivado IP repository '/opt/Xilinx/Vivado/2018.2/data/ip'.
INFO: [DRC 23-27] Running DRC with 4 threads
INFO: [Coretcl 2-168] The results of DRC are in file /home/duazel/Documents/stage3IF/High_Level_Synthesis_Trainee/operator_Vivado/first_try/fir_prj/solution1/impl/vhdl/project.runs/impl_1/top_drc_opted.rpt.
report_drc completed successfully
Command: place_design
Attempting to get a license for feature 'Implementation' and/or device 'xc7k160t'
INFO: [Common 17-349] Got license for feature 'Implementation' and/or device 'xc7k160t'
INFO: [DRC 23-27] Running DRC with 4 threads
INFO: [Vivado_Tcl 4-198] DRC finished with 0 Errors
INFO: [Vivado_Tcl 4-199] Please refer to the DRC report (report_drc) for more information.
Running DRC as a precondition to command place_design
INFO: [DRC 23-27] Running DRC with 4 threads
INFO: [Vivado_Tcl 4-198] DRC finished with 0 Errors
INFO: [Vivado_Tcl 4-199] Please refer to the DRC report (report_drc) for more information.

Starting Placer Task
INFO: [Place 30-611] Multithreading enabled for place_design using a maximum of 4 CPUs

Phase 1 Placer Initialization

Phase 1.1 Placer Initialization Netlist Sorting
Netlist sorting complete. Time (s): cpu = 00:00:00 ; elapsed = 00:00:00 . Memory (MB): peak = 2039.969 ; gain = 0.000 ; free physical = 165 ; free virtual = 8252
Phase 1.1 Placer Initialization Netlist Sorting | Checksum: e856d64d

Time (s): cpu = 00:00:00 ; elapsed = 00:00:00.05 . Memory (MB): peak = 2039.969 ; gain = 0.000 ; free physical = 165 ; free virtual = 8252
Netlist sorting complete. Time (s): cpu = 00:00:00 ; elapsed = 00:00:00 . Memory (MB): peak = 2039.969 ; gain = 0.000 ; free physical = 165 ; free virtual = 8252

Phase 1.2 IO Placement/ Clock Placement/ Build Placer Device
Phase 1.2 IO Placement/ Clock Placement/ Build Placer Device | Checksum: e856d64d

Time (s): cpu = 00:00:00.87 ; elapsed = 00:00:00.78 . Memory (MB): peak = 2039.969 ; gain = 0.000 ; free physical = 144 ; free virtual = 8244

Phase 1.3 Build Placer Netlist Model
Phase 1.3 Build Placer Netlist Model | Checksum: 1329ace7f

Time (s): cpu = 00:00:01 ; elapsed = 00:00:00.94 . Memory (MB): peak = 2055.977 ; gain = 16.008 ; free physical = 134 ; free virtual = 8244

Phase 1.4 Constrain Clocks/Macros
Phase 1.4 Constrain Clocks/Macros | Checksum: 1329ace7f

Time (s): cpu = 00:00:01 ; elapsed = 00:00:00.95 . Memory (MB): peak = 2055.977 ; gain = 16.008 ; free physical = 134 ; free virtual = 8244
Phase 1 Placer Initialization | Checksum: 1329ace7f

Time (s): cpu = 00:00:01 ; elapsed = 00:00:00.95 . Memory (MB): peak = 2055.977 ; gain = 16.008 ; free physical = 134 ; free virtual = 8245

Phase 2 Global Placement

Phase 2.1 Floorplanning
Phase 2.1 Floorplanning | Checksum: 1e1cab636

Time (s): cpu = 00:00:01 ; elapsed = 00:00:01 . Memory (MB): peak = 2087.992 ; gain = 48.023 ; free physical = 128 ; free virtual = 8241

Phase 2.2 Physical Synthesis In Placer
INFO: [Physopt 32-65] No nets found for high-fanout optimization.
INFO: [Physopt 32-232] Optimized 0 net. Created 0 new instance.
INFO: [Physopt 32-775] End 1 Pass. Optimized 0 net or cell. Created 0 new cell, deleted 0 existing cell and moved 0 existing cell
Netlist sorting complete. Time (s): cpu = 00:00:00 ; elapsed = 00:00:00 . Memory (MB): peak = 2120.008 ; gain = 0.000 ; free physical = 136 ; free virtual = 8230

Summary of Physical Synthesis Optimizations
============================================


-----------------------------------------------------------------------------------------------------------------------------
|  Optimization       |  Added Cells  |  Removed Cells  |  Optimized Cells/Nets  |  Dont Touch  |  Iterations  |  Elapsed   |
-----------------------------------------------------------------------------------------------------------------------------
|  Very High Fanout   |            0  |              0  |                     0  |           0  |           1  |  00:00:00  |
|  Total              |            0  |              0  |                     0  |           0  |           1  |  00:00:00  |
-----------------------------------------------------------------------------------------------------------------------------


Phase 2.2 Physical Synthesis In Placer | Checksum: 12952c43c

Time (s): cpu = 00:00:03 ; elapsed = 00:00:02 . Memory (MB): peak = 2120.008 ; gain = 80.039 ; free physical = 135 ; free virtual = 8230
Phase 2 Global Placement | Checksum: 15a38cd7e

Time (s): cpu = 00:00:03 ; elapsed = 00:00:02 . Memory (MB): peak = 2120.008 ; gain = 80.039 ; free physical = 135 ; free virtual = 8230

Phase 3 Detail Placement

Phase 3.1 Commit Multi Column Macros
Phase 3.1 Commit Multi Column Macros | Checksum: 15a38cd7e

Time (s): cpu = 00:00:03 ; elapsed = 00:00:02 . Memory (MB): peak = 2120.008 ; gain = 80.039 ; free physical = 135 ; free virtual = 8230

Phase 3.2 Commit Most Macros & LUTRAMs
Phase 3.2 Commit Most Macros & LUTRAMs | Checksum: f99a38a5

Time (s): cpu = 00:00:03 ; elapsed = 00:00:02 . Memory (MB): peak = 2120.008 ; gain = 80.039 ; free physical = 133 ; free virtual = 8229

Phase 3.3 Area Swap Optimization
Phase 3.3 Area Swap Optimization | Checksum: 1d4738326

Time (s): cpu = 00:00:03 ; elapsed = 00:00:02 . Memory (MB): peak = 2120.008 ; gain = 80.039 ; free physical = 133 ; free virtual = 8228

Phase 3.4 Pipeline Register Optimization
Phase 3.4 Pipeline Register Optimization | Checksum: 1d4738326

Time (s): cpu = 00:00:03 ; elapsed = 00:00:02 . Memory (MB): peak = 2120.008 ; gain = 80.039 ; free physical = 133 ; free virtual = 8228

Phase 3.5 Small Shape Detail Placement
Phase 3.5 Small Shape Detail Placement | Checksum: 1991cac04

Time (s): cpu = 00:00:03 ; elapsed = 00:00:02 . Memory (MB): peak = 2120.008 ; gain = 80.039 ; free physical = 128 ; free virtual = 8225

Phase 3.6 Re-assign LUT pins
Phase 3.6 Re-assign LUT pins | Checksum: 191082ced

Time (s): cpu = 00:00:03 ; elapsed = 00:00:02 . Memory (MB): peak = 2120.008 ; gain = 80.039 ; free physical = 128 ; free virtual = 8225

Phase 3.7 Pipeline Register Optimization
Phase 3.7 Pipeline Register Optimization | Checksum: 191082ced

Time (s): cpu = 00:00:03 ; elapsed = 00:00:02 . Memory (MB): peak = 2120.008 ; gain = 80.039 ; free physical = 128 ; free virtual = 8225
Phase 3 Detail Placement | Checksum: 191082ced

Time (s): cpu = 00:00:03 ; elapsed = 00:00:02 . Memory (MB): peak = 2120.008 ; gain = 80.039 ; free physical = 128 ; free virtual = 8225

Phase 4 Post Placement Optimization and Clean-Up

Phase 4.1 Post Commit Optimization
INFO: [Timing 38-35] Done setting XDC timing constraints.

Phase 4.1.1 Post Placement Optimization
Post Placement Optimization Initialization | Checksum: 12d790d5d

Phase 4.1.1.1 BUFG Insertion
INFO: [Place 46-31] BUFG insertion identified 0 candidate nets, 0 success, 0 skipped for placement/routing, 0 skipped for timing, 0 skipped for netlist change reason.
Phase 4.1.1.1 BUFG Insertion | Checksum: 12d790d5d

Time (s): cpu = 00:00:03 ; elapsed = 00:00:02 . Memory (MB): peak = 2120.008 ; gain = 80.039 ; free physical = 126 ; free virtual = 8225
INFO: [Place 30-746] Post Placement Timing Summary WNS=5.333. For the most accurate timing information please run report_timing.
Phase 4.1.1 Post Placement Optimization | Checksum: d41d60bf

Time (s): cpu = 00:00:03 ; elapsed = 00:00:02 . Memory (MB): peak = 2120.008 ; gain = 80.039 ; free physical = 126 ; free virtual = 8225
Phase 4.1 Post Commit Optimization | Checksum: d41d60bf

Time (s): cpu = 00:00:03 ; elapsed = 00:00:02 . Memory (MB): peak = 2120.008 ; gain = 80.039 ; free physical = 126 ; free virtual = 8225

Phase 4.2 Post Placement Cleanup
Phase 4.2 Post Placement Cleanup | Checksum: d41d60bf

Time (s): cpu = 00:00:04 ; elapsed = 00:00:02 . Memory (MB): peak = 2120.008 ; gain = 80.039 ; free physical = 127 ; free virtual = 8227

Phase 4.3 Placer Reporting
Phase 4.3 Placer Reporting | Checksum: d41d60bf

Time (s): cpu = 00:00:04 ; elapsed = 00:00:02 . Memory (MB): peak = 2120.008 ; gain = 80.039 ; free physical = 127 ; free virtual = 8227

Phase 4.4 Final Placement Cleanup
Phase 4.4 Final Placement Cleanup | Checksum: d41d60bf

Time (s): cpu = 00:00:04 ; elapsed = 00:00:02 . Memory (MB): peak = 2120.008 ; gain = 80.039 ; free physical = 127 ; free virtual = 8227
Phase 4 Post Placement Optimization and Clean-Up | Checksum: d41d60bf

Time (s): cpu = 00:00:04 ; elapsed = 00:00:02 . Memory (MB): peak = 2120.008 ; gain = 80.039 ; free physical = 127 ; free virtual = 8227
Ending Placer Task | Checksum: 3d837a01

Time (s): cpu = 00:00:04 ; elapsed = 00:00:02 . Memory (MB): peak = 2120.008 ; gain = 80.039 ; free physical = 144 ; free virtual = 8244
INFO: [Common 17-83] Releasing license: Implementation
48 Infos, 0 Warnings, 0 Critical Warnings and 0 Errors encountered.
place_design completed successfully
INFO: [Timing 38-480] Writing timing data to binary archive.
Writing placer database...
Writing XDEF routing.
Writing XDEF routing logical nets.
Writing XDEF routing special nets.
Write XDEF Complete: Time (s): cpu = 00:00:00.18 ; elapsed = 00:00:00.17 . Memory (MB): peak = 2120.008 ; gain = 0.000 ; free physical = 141 ; free virtual = 8244
INFO: [Common 17-1381] The checkpoint '/home/duazel/Documents/stage3IF/High_Level_Synthesis_Trainee/operator_Vivado/first_try/fir_prj/solution1/impl/vhdl/project.runs/impl_1/top_placed.dcp' has been generated.
INFO: [runtcl-4] Executing : report_io -file top_io_placed.rpt
report_io: Time (s): cpu = 00:00:00.10 ; elapsed = 00:00:00.16 . Memory (MB): peak = 2120.008 ; gain = 0.000 ; free physical = 149 ; free virtual = 8229
INFO: [runtcl-4] Executing : report_utilization -file top_utilization_placed.rpt -pb top_utilization_placed.pb
report_utilization: Time (s): cpu = 00:00:00.11 ; elapsed = 00:00:00.18 . Memory (MB): peak = 2120.008 ; gain = 0.000 ; free physical = 156 ; free virtual = 8241
INFO: [runtcl-4] Executing : report_control_sets -verbose -file top_control_sets_placed.rpt
report_control_sets: Time (s): cpu = 00:00:00.06 ; elapsed = 00:00:00.08 . Memory (MB): peak = 2120.008 ; gain = 0.000 ; free physical = 156 ; free virtual = 8241
Command: phys_opt_design
Attempting to get a license for feature 'Implementation' and/or device 'xc7k160t'
INFO: [Common 17-349] Got license for feature 'Implementation' and/or device 'xc7k160t'
INFO: [Vivado_Tcl 4-383] Design worst setup slack (WNS) is greater than or equal to 0.250 ns. Skipping all physical synthesis optimizations.
INFO: [Vivado_Tcl 4-232] No setup violation found. The netlist was not modified.
INFO: [Common 17-83] Releasing license: Implementation
57 Infos, 0 Warnings, 0 Critical Warnings and 0 Errors encountered.
phys_opt_design completed successfully
INFO: [Timing 38-480] Writing timing data to binary archive.
Writing placer database...
Writing XDEF routing.
Writing XDEF routing logical nets.
Writing XDEF routing special nets.
Write XDEF Complete: Time (s): cpu = 00:00:00.06 ; elapsed = 00:00:00.02 . Memory (MB): peak = 2120.008 ; gain = 0.000 ; free physical = 153 ; free virtual = 8240
INFO: [Common 17-1381] The checkpoint '/home/duazel/Documents/stage3IF/High_Level_Synthesis_Trainee/operator_Vivado/first_try/fir_prj/solution1/impl/vhdl/project.runs/impl_1/top_physopt.dcp' has been generated.
Command: route_design
Attempting to get a license for feature 'Implementation' and/or device 'xc7k160t'
INFO: [Common 17-349] Got license for feature 'Implementation' and/or device 'xc7k160t'
Running DRC as a precondition to command route_design
INFO: [DRC 23-27] Running DRC with 4 threads
INFO: [Vivado_Tcl 4-198] DRC finished with 0 Errors
INFO: [Vivado_Tcl 4-199] Please refer to the DRC report (report_drc) for more information.


Starting Routing Task
INFO: [Route 35-254] Multithreading enabled for route_design using a maximum of 4 CPUs
Checksum: PlaceDB: 3d837a01 ConstDB: 0 ShapeSum: 0 RouteDB: 0

Phase 1 Build RT Design
WARNING: [Route 35-198] Port "b[0]" does not have an associated HD.PARTPIN_LOCS, which will prevent the partial routing of the signal "b[0]". Without this partial route, timing analysis to/from this port will not be accurate, and no routing information for this port can be exported.
WARNING: [Route 35-198] Port "b[1]" does not have an associated HD.PARTPIN_LOCS, which will prevent the partial routing of the signal "b[1]". Without this partial route, timing analysis to/from this port will not be accurate, and no routing information for this port can be exported.
WARNING: [Route 35-198] Port "b[2]" does not have an associated HD.PARTPIN_LOCS, which will prevent the partial routing of the signal "b[2]". Without this partial route, timing analysis to/from this port will not be accurate, and no routing information for this port can be exported.
WARNING: [Route 35-198] Port "b[3]" does not have an associated HD.PARTPIN_LOCS, which will prevent the partial routing of the signal "b[3]". Without this partial route, timing analysis to/from this port will not be accurate, and no routing information for this port can be exported.
WARNING: [Route 35-198] Port "a[16]" does not have an associated HD.PARTPIN_LOCS, which will prevent the partial routing of the signal "a[16]". Without this partial route, timing analysis to/from this port will not be accurate, and no routing information for this port can be exported.
WARNING: [Route 35-198] Port "a[0]" does not have an associated HD.PARTPIN_LOCS, which will prevent the partial routing of the signal "a[0]". Without this partial route, timing analysis to/from this port will not be accurate, and no routing information for this port can be exported.
WARNING: [Route 35-198] Port "b[4]" does not have an associated HD.PARTPIN_LOCS, which will prevent the partial routing of the signal "b[4]". Without this partial route, timing analysis to/from this port will not be accurate, and no routing information for this port can be exported.
WARNING: [Route 35-198] Port "a[31]" does not have an associated HD.PARTPIN_LOCS, which will prevent the partial routing of the signal "a[31]". Without this partial route, timing analysis to/from this port will not be accurate, and no routing information for this port can be exported.
WARNING: [Route 35-198] Port "a[12]" does not have an associated HD.PARTPIN_LOCS, which will prevent the partial routing of the signal "a[12]". Without this partial route, timing analysis to/from this port will not be accurate, and no routing information for this port can be exported.
WARNING: [Route 35-198] Port "a[28]" does not have an associated HD.PARTPIN_LOCS, which will prevent the partial routing of the signal "a[28]". Without this partial route, timing analysis to/from this port will not be accurate, and no routing information for this port can be exported.
WARNING: [Route 35-198] Port "a[20]" does not have an associated HD.PARTPIN_LOCS, which will prevent the partial routing of the signal "a[20]". Without this partial route, timing analysis to/from this port will not be accurate, and no routing information for this port can be exported.
WARNING: [Route 35-198] Port "a[4]" does not have an associated HD.PARTPIN_LOCS, which will prevent the partial routing of the signal "a[4]". Without this partial route, timing analysis to/from this port will not be accurate, and no routing information for this port can be exported.
WARNING: [Route 35-198] Port "a[1]" does not have an associated HD.PARTPIN_LOCS, which will prevent the partial routing of the signal "a[1]". Without this partial route, timing analysis to/from this port will not be accurate, and no routing information for this port can be exported.
WARNING: [Route 35-198] Port "a[17]" does not have an associated HD.PARTPIN_LOCS, which will prevent the partial routing of the signal "a[17]". Without this partial route, timing analysis to/from this port will not be accurate, and no routing information for this port can be exported.
WARNING: [Route 35-198] Port "a[21]" does not have an associated HD.PARTPIN_LOCS, which will prevent the partial routing of the signal "a[21]". Without this partial route, timing analysis to/from this port will not be accurate, and no routing information for this port can be exported.
WARNING: [Route 35-198] Port "a[5]" does not have an associated HD.PARTPIN_LOCS, which will prevent the partial routing of the signal "a[5]". Without this partial route, timing analysis to/from this port will not be accurate, and no routing information for this port can be exported.
WARNING: [Route 35-198] Port "a[14]" does not have an associated HD.PARTPIN_LOCS, which will prevent the partial routing of the signal "a[14]". Without this partial route, timing analysis to/from this port will not be accurate, and no routing information for this port can be exported.
WARNING: [Route 35-198] Port "a[30]" does not have an associated HD.PARTPIN_LOCS, which will prevent the partial routing of the signal "a[30]". Without this partial route, timing analysis to/from this port will not be accurate, and no routing information for this port can be exported.
WARNING: [Route 35-198] Port "a[2]" does not have an associated HD.PARTPIN_LOCS, which will prevent the partial routing of the signal "a[2]". Without this partial route, timing analysis to/from this port will not be accurate, and no routing information for this port can be exported.
WARNING: [Route 35-198] Port "a[18]" does not have an associated HD.PARTPIN_LOCS, which will prevent the partial routing of the signal "a[18]". Without this partial route, timing analysis to/from this port will not be accurate, and no routing information for this port can be exported.
WARNING: [Route 35-198] Port "a[22]" does not have an associated HD.PARTPIN_LOCS, which will prevent the partial routing of the signal "a[22]". Without this partial route, timing analysis to/from this port will not be accurate, and no routing information for this port can be exported.
WARNING: [Route 35-198] Port "a[6]" does not have an associated HD.PARTPIN_LOCS, which will prevent the partial routing of the signal "a[6]". Without this partial route, timing analysis to/from this port will not be accurate, and no routing information for this port can be exported.
WARNING: [Route 35-198] Port "b[5]" does not have an associated HD.PARTPIN_LOCS, which will prevent the partial routing of the signal "b[5]". Without this partial route, timing analysis to/from this port will not be accurate, and no routing information for this port can be exported.
WARNING: [Route 35-198] Port "b[10]" does not have an associated HD.PARTPIN_LOCS, which will prevent the partial routing of the signal "b[10]". Without this partial route, timing analysis to/from this port will not be accurate, and no routing information for this port can be exported.
WARNING: [Route 35-198] Port "b[7]" does not have an associated HD.PARTPIN_LOCS, which will prevent the partial routing of the signal "b[7]". Without this partial route, timing analysis to/from this port will not be accurate, and no routing information for this port can be exported.
WARNING: [Route 35-198] Port "b[8]" does not have an associated HD.PARTPIN_LOCS, which will prevent the partial routing of the signal "b[8]". Without this partial route, timing analysis to/from this port will not be accurate, and no routing information for this port can be exported.
WARNING: [Route 35-198] Port "b[6]" does not have an associated HD.PARTPIN_LOCS, which will prevent the partial routing of the signal "b[6]". Without this partial route, timing analysis to/from this port will not be accurate, and no routing information for this port can be exported.
WARNING: [Route 35-198] Port "b[13]" does not have an associated HD.PARTPIN_LOCS, which will prevent the partial routing of the signal "b[13]". Without this partial route, timing analysis to/from this port will not be accurate, and no routing information for this port can be exported.
WARNING: [Route 35-198] Port "b[12]" does not have an associated HD.PARTPIN_LOCS, which will prevent the partial routing of the signal "b[12]". Without this partial route, timing analysis to/from this port will not be accurate, and no routing information for this port can be exported.
WARNING: [Route 35-198] Port "b[16]" does not have an associated HD.PARTPIN_LOCS, which will prevent the partial routing of the signal "b[16]". Without this partial route, timing analysis to/from this port will not be accurate, and no routing information for this port can be exported.
WARNING: [Route 35-198] Port "b[29]" does not have an associated HD.PARTPIN_LOCS, which will prevent the partial routing of the signal "b[29]". Without this partial route, timing analysis to/from this port will not be accurate, and no routing information for this port can be exported.
WARNING: [Route 35-198] Port "b[30]" does not have an associated HD.PARTPIN_LOCS, which will prevent the partial routing of the signal "b[30]". Without this partial route, timing analysis to/from this port will not be accurate, and no routing information for this port can be exported.
WARNING: [Route 35-198] Port "b[21]" does not have an associated HD.PARTPIN_LOCS, which will prevent the partial routing of the signal "b[21]". Without this partial route, timing analysis to/from this port will not be accurate, and no routing information for this port can be exported.
WARNING: [Route 35-198] Port "b[25]" does not have an associated HD.PARTPIN_LOCS, which will prevent the partial routing of the signal "b[25]". Without this partial route, timing analysis to/from this port will not be accurate, and no routing information for this port can be exported.
WARNING: [Route 35-198] Port "a[3]" does not have an associated HD.PARTPIN_LOCS, which will prevent the partial routing of the signal "a[3]". Without this partial route, timing analysis to/from this port will not be accurate, and no routing information for this port can be exported.
WARNING: [Route 35-198] Port "a[19]" does not have an associated HD.PARTPIN_LOCS, which will prevent the partial routing of the signal "a[19]". Without this partial route, timing analysis to/from this port will not be accurate, and no routing information for this port can be exported.
WARNING: [Route 35-198] Port "a[15]" does not have an associated HD.PARTPIN_LOCS, which will prevent the partial routing of the signal "a[15]". Without this partial route, timing analysis to/from this port will not be accurate, and no routing information for this port can be exported.
WARNING: [Route 35-198] Port "a[7]" does not have an associated HD.PARTPIN_LOCS, which will prevent the partial routing of the signal "a[7]". Without this partial route, timing analysis to/from this port will not be accurate, and no routing information for this port can be exported.
WARNING: [Route 35-198] Port "a[23]" does not have an associated HD.PARTPIN_LOCS, which will prevent the partial routing of the signal "a[23]". Without this partial route, timing analysis to/from this port will not be accurate, and no routing information for this port can be exported.
WARNING: [Route 35-198] Port "a[8]" does not have an associated HD.PARTPIN_LOCS, which will prevent the partial routing of the signal "a[8]". Without this partial route, timing analysis to/from this port will not be accurate, and no routing information for this port can be exported.
WARNING: [Route 35-198] Port "a[24]" does not have an associated HD.PARTPIN_LOCS, which will prevent the partial routing of the signal "a[24]". Without this partial route, timing analysis to/from this port will not be accurate, and no routing information for this port can be exported.
WARNING: [Route 35-198] Port "a[13]" does not have an associated HD.PARTPIN_LOCS, which will prevent the partial routing of the signal "a[13]". Without this partial route, timing analysis to/from this port will not be accurate, and no routing information for this port can be exported.
WARNING: [Route 35-198] Port "a[29]" does not have an associated HD.PARTPIN_LOCS, which will prevent the partial routing of the signal "a[29]". Without this partial route, timing analysis to/from this port will not be accurate, and no routing information for this port can be exported.
WARNING: [Route 35-198] Port "a[9]" does not have an associated HD.PARTPIN_LOCS, which will prevent the partial routing of the signal "a[9]". Without this partial route, timing analysis to/from this port will not be accurate, and no routing information for this port can be exported.
WARNING: [Route 35-198] Port "a[25]" does not have an associated HD.PARTPIN_LOCS, which will prevent the partial routing of the signal "a[25]". Without this partial route, timing analysis to/from this port will not be accurate, and no routing information for this port can be exported.
WARNING: [Route 35-198] Port "a[10]" does not have an associated HD.PARTPIN_LOCS, which will prevent the partial routing of the signal "a[10]". Without this partial route, timing analysis to/from this port will not be accurate, and no routing information for this port can be exported.
WARNING: [Route 35-198] Port "a[26]" does not have an associated HD.PARTPIN_LOCS, which will prevent the partial routing of the signal "a[26]". Without this partial route, timing analysis to/from this port will not be accurate, and no routing information for this port can be exported.
WARNING: [Route 35-198] Port "b[26]" does not have an associated HD.PARTPIN_LOCS, which will prevent the partial routing of the signal "b[26]". Without this partial route, timing analysis to/from this port will not be accurate, and no routing information for this port can be exported.
WARNING: [Route 35-198] Port "b[27]" does not have an associated HD.PARTPIN_LOCS, which will prevent the partial routing of the signal "b[27]". Without this partial route, timing analysis to/from this port will not be accurate, and no routing information for this port can be exported.
WARNING: [Route 35-198] Port "b[11]" does not have an associated HD.PARTPIN_LOCS, which will prevent the partial routing of the signal "b[11]". Without this partial route, timing analysis to/from this port will not be accurate, and no routing information for this port can be exported.
WARNING: [Route 35-198] Port "b[28]" does not have an associated HD.PARTPIN_LOCS, which will prevent the partial routing of the signal "b[28]". Without this partial route, timing analysis to/from this port will not be accurate, and no routing information for this port can be exported.
WARNING: [Route 35-198] Port "b[14]" does not have an associated HD.PARTPIN_LOCS, which will prevent the partial routing of the signal "b[14]". Without this partial route, timing analysis to/from this port will not be accurate, and no routing information for this port can be exported.
WARNING: [Route 35-198] Port "b[17]" does not have an associated HD.PARTPIN_LOCS, which will prevent the partial routing of the signal "b[17]". Without this partial route, timing analysis to/from this port will not be accurate, and no routing information for this port can be exported.
WARNING: [Route 35-198] Port "b[18]" does not have an associated HD.PARTPIN_LOCS, which will prevent the partial routing of the signal "b[18]". Without this partial route, timing analysis to/from this port will not be accurate, and no routing information for this port can be exported.
WARNING: [Route 35-198] Port "b[23]" does not have an associated HD.PARTPIN_LOCS, which will prevent the partial routing of the signal "b[23]". Without this partial route, timing analysis to/from this port will not be accurate, and no routing information for this port can be exported.
WARNING: [Route 35-198] Port "b[9]" does not have an associated HD.PARTPIN_LOCS, which will prevent the partial routing of the signal "b[9]". Without this partial route, timing analysis to/from this port will not be accurate, and no routing information for this port can be exported.
WARNING: [Route 35-198] Port "b[15]" does not have an associated HD.PARTPIN_LOCS, which will prevent the partial routing of the signal "b[15]". Without this partial route, timing analysis to/from this port will not be accurate, and no routing information for this port can be exported.
WARNING: [Route 35-198] Port "b[24]" does not have an associated HD.PARTPIN_LOCS, which will prevent the partial routing of the signal "b[24]". Without this partial route, timing analysis to/from this port will not be accurate, and no routing information for this port can be exported.
WARNING: [Route 35-198] Port "b[19]" does not have an associated HD.PARTPIN_LOCS, which will prevent the partial routing of the signal "b[19]". Without this partial route, timing analysis to/from this port will not be accurate, and no routing information for this port can be exported.
WARNING: [Route 35-198] Port "b[22]" does not have an associated HD.PARTPIN_LOCS, which will prevent the partial routing of the signal "b[22]". Without this partial route, timing analysis to/from this port will not be accurate, and no routing information for this port can be exported.
WARNING: [Route 35-198] Port "b[20]" does not have an associated HD.PARTPIN_LOCS, which will prevent the partial routing of the signal "b[20]". Without this partial route, timing analysis to/from this port will not be accurate, and no routing information for this port can be exported.
WARNING: [Route 35-198] Port "a[11]" does not have an associated HD.PARTPIN_LOCS, which will prevent the partial routing of the signal "a[11]". Without this partial route, timing analysis to/from this port will not be accurate, and no routing information for this port can be exported.
WARNING: [Route 35-198] Port "a[27]" does not have an associated HD.PARTPIN_LOCS, which will prevent the partial routing of the signal "a[27]". Without this partial route, timing analysis to/from this port will not be accurate, and no routing information for this port can be exported.
Phase 1 Build RT Design | Checksum: cb0d508c

Time (s): cpu = 00:00:26 ; elapsed = 00:00:17 . Memory (MB): peak = 2236.816 ; gain = 116.809 ; free physical = 123 ; free virtual = 8002
Post Restoration Checksum: NetGraph: 907e25a1 NumContArr: 3a8f2aeb Constraints: 0 Timing: 0

Phase 2 Router Initialization

Phase 2.1 Create Timer
Phase 2.1 Create Timer | Checksum: cb0d508c

Time (s): cpu = 00:00:26 ; elapsed = 00:00:17 . Memory (MB): peak = 2236.816 ; gain = 116.809 ; free physical = 130 ; free virtual = 8002

Phase 2.2 Fix Topology Constraints
Phase 2.2 Fix Topology Constraints | Checksum: cb0d508c

Time (s): cpu = 00:00:26 ; elapsed = 00:00:17 . Memory (MB): peak = 2252.816 ; gain = 132.809 ; free physical = 129 ; free virtual = 7983

Phase 2.3 Pre Route Cleanup
Phase 2.3 Pre Route Cleanup | Checksum: cb0d508c

Time (s): cpu = 00:00:26 ; elapsed = 00:00:17 . Memory (MB): peak = 2252.816 ; gain = 132.809 ; free physical = 129 ; free virtual = 7983
 Number of Nodes with overlaps = 0

Phase 2.4 Update Timing
Phase 2.4 Update Timing | Checksum: 1d925a114

Time (s): cpu = 00:00:26 ; elapsed = 00:00:17 . Memory (MB): peak = 2263.637 ; gain = 143.629 ; free physical = 133 ; free virtual = 7984
INFO: [Route 35-416] Intermediate Timing Summary | WNS=5.442  | TNS=0.000  | WHS=N/A    | THS=N/A    |

Phase 2 Router Initialization | Checksum: 18e461973

Time (s): cpu = 00:00:26 ; elapsed = 00:00:17 . Memory (MB): peak = 2263.637 ; gain = 143.629 ; free physical = 130 ; free virtual = 7983

Phase 3 Initial Routing
Phase 3 Initial Routing | Checksum: 19e6d012c

Time (s): cpu = 00:00:27 ; elapsed = 00:00:17 . Memory (MB): peak = 2263.637 ; gain = 143.629 ; free physical = 144 ; free virtual = 7996

Phase 4 Rip-up And Reroute

Phase 4.1 Global Iteration 0

Phase 4.1.1 Update Timing
Phase 4.1.1 Update Timing | Checksum: 1b37f5053

Time (s): cpu = 00:00:27 ; elapsed = 00:00:17 . Memory (MB): peak = 2263.637 ; gain = 143.629 ; free physical = 144 ; free virtual = 7996
WARNING: [Route 35-447] Congestion is preventing the router from routing all nets. The router will prioritize the successful completion of routing all nets over timing optimizations.
Phase 4.1 Global Iteration 0 | Checksum: dfabd527

Time (s): cpu = 00:00:27 ; elapsed = 00:00:17 . Memory (MB): peak = 2263.637 ; gain = 143.629 ; free physical = 143 ; free virtual = 7996

Phase 4.2 Global Iteration 1
 Number of Nodes with overlaps = 30
 Number of Nodes with overlaps = 0
INFO: [Route 35-416] Intermediate Timing Summary | WNS=5.464  | TNS=0.000  | WHS=N/A    | THS=N/A    |

Phase 4.2 Global Iteration 1 | Checksum: 186cd56aa

Time (s): cpu = 00:00:27 ; elapsed = 00:00:18 . Memory (MB): peak = 2265.637 ; gain = 145.629 ; free physical = 141 ; free virtual = 7995
Phase 4 Rip-up And Reroute | Checksum: 186cd56aa

Time (s): cpu = 00:00:27 ; elapsed = 00:00:18 . Memory (MB): peak = 2265.637 ; gain = 145.629 ; free physical = 141 ; free virtual = 7995

Phase 5 Delay and Skew Optimization

Phase 5.1 Delay CleanUp
Phase 5.1 Delay CleanUp | Checksum: 186cd56aa

Time (s): cpu = 00:00:27 ; elapsed = 00:00:18 . Memory (MB): peak = 2265.637 ; gain = 145.629 ; free physical = 141 ; free virtual = 7995

Phase 5.2 Clock Skew Optimization
Phase 5.2 Clock Skew Optimization | Checksum: 186cd56aa

Time (s): cpu = 00:00:27 ; elapsed = 00:00:18 . Memory (MB): peak = 2265.637 ; gain = 145.629 ; free physical = 141 ; free virtual = 7995
Phase 5 Delay and Skew Optimization | Checksum: 186cd56aa

Time (s): cpu = 00:00:27 ; elapsed = 00:00:18 . Memory (MB): peak = 2265.637 ; gain = 145.629 ; free physical = 141 ; free virtual = 7995

Phase 6 Post Hold Fix

Phase 6.1 Hold Fix Iter

Phase 6.1.1 Update Timing
Phase 6.1.1 Update Timing | Checksum: 186cd56aa

Time (s): cpu = 00:00:27 ; elapsed = 00:00:18 . Memory (MB): peak = 2265.637 ; gain = 145.629 ; free physical = 140 ; free virtual = 7995
INFO: [Route 35-416] Intermediate Timing Summary | WNS=5.464  | TNS=0.000  | WHS=N/A    | THS=N/A    |

Phase 6.1 Hold Fix Iter | Checksum: 186cd56aa

Time (s): cpu = 00:00:27 ; elapsed = 00:00:18 . Memory (MB): peak = 2265.637 ; gain = 145.629 ; free physical = 140 ; free virtual = 7995
Phase 6 Post Hold Fix | Checksum: 186cd56aa

Time (s): cpu = 00:00:27 ; elapsed = 00:00:18 . Memory (MB): peak = 2265.637 ; gain = 145.629 ; free physical = 140 ; free virtual = 7995

Phase 7 Route finalize

Router Utilization Summary
  Global Vertical Routing Utilization    = 0.00276799 %
  Global Horizontal Routing Utilization  = 0.00306905 %
  Routable Net Status*
  *Does not include unroutable nets such as driverless and loadless.
  Run report_route_status for detailed report.
  Number of Failed Nets               = 0
  Number of Unrouted Nets             = 0
  Number of Partially Routed Nets     = 0
  Number of Node Overlaps             = 0

Phase 7 Route finalize | Checksum: 1977a5b64

Time (s): cpu = 00:00:28 ; elapsed = 00:00:18 . Memory (MB): peak = 2265.637 ; gain = 145.629 ; free physical = 140 ; free virtual = 7995

Phase 8 Verifying routed nets

 Verification completed successfully
Phase 8 Verifying routed nets | Checksum: 1977a5b64

Time (s): cpu = 00:00:28 ; elapsed = 00:00:18 . Memory (MB): peak = 2266.637 ; gain = 146.629 ; free physical = 139 ; free virtual = 7994

Phase 9 Depositing Routes
Phase 9 Depositing Routes | Checksum: 1772cc722

Time (s): cpu = 00:00:28 ; elapsed = 00:00:18 . Memory (MB): peak = 2266.637 ; gain = 146.629 ; free physical = 137 ; free virtual = 7995

Phase 10 Post Router Timing
INFO: [Route 35-57] Estimated Timing Summary | WNS=5.464  | TNS=0.000  | WHS=N/A    | THS=N/A    |

INFO: [Route 35-327] The final timing numbers are based on the router estimated timing analysis. For a complete and accurate timing signoff, please run report_timing_summary.
Phase 10 Post Router Timing | Checksum: 1772cc722

Time (s): cpu = 00:00:28 ; elapsed = 00:00:18 . Memory (MB): peak = 2266.637 ; gain = 146.629 ; free physical = 138 ; free virtual = 7996
INFO: [Route 35-16] Router Completed Successfully

Time (s): cpu = 00:00:28 ; elapsed = 00:00:18 . Memory (MB): peak = 2266.637 ; gain = 146.629 ; free physical = 158 ; free virtual = 8018

Routing Is Done.
INFO: [Common 17-83] Releasing license: Implementation
71 Infos, 64 Warnings, 0 Critical Warnings and 0 Errors encountered.
route_design completed successfully
route_design: Time (s): cpu = 00:00:30 ; elapsed = 00:00:19 . Memory (MB): peak = 2266.637 ; gain = 146.629 ; free physical = 147 ; free virtual = 8019
INFO: [Timing 38-480] Writing timing data to binary archive.
Writing placer database...
Writing XDEF routing.
Writing XDEF routing logical nets.
Writing XDEF routing special nets.
Write XDEF Complete: Time (s): cpu = 00:00:00.22 ; elapsed = 00:00:00.08 . Memory (MB): peak = 2266.637 ; gain = 0.000 ; free physical = 125 ; free virtual = 8018
INFO: [Common 17-1381] The checkpoint '/home/duazel/Documents/stage3IF/High_Level_Synthesis_Trainee/operator_Vivado/first_try/fir_prj/solution1/impl/vhdl/project.runs/impl_1/top_routed.dcp' has been generated.
INFO: [runtcl-4] Executing : report_drc -file top_drc_routed.rpt -pb top_drc_routed.pb -rpx top_drc_routed.rpx
Command: report_drc -file top_drc_routed.rpt -pb top_drc_routed.pb -rpx top_drc_routed.rpx
INFO: [DRC 23-27] Running DRC with 4 threads
INFO: [Coretcl 2-168] The results of DRC are in file /home/duazel/Documents/stage3IF/High_Level_Synthesis_Trainee/operator_Vivado/first_try/fir_prj/solution1/impl/vhdl/project.runs/impl_1/top_drc_routed.rpt.
report_drc completed successfully
INFO: [runtcl-4] Executing : report_methodology -file top_methodology_drc_routed.rpt -pb top_methodology_drc_routed.pb -rpx top_methodology_drc_routed.rpx
Command: report_methodology -file top_methodology_drc_routed.rpt -pb top_methodology_drc_routed.pb -rpx top_methodology_drc_routed.rpx
INFO: [Timing 38-35] Done setting XDC timing constraints.
INFO: [Timing 38-35] Done setting XDC timing constraints.
INFO: [DRC 23-133] Running Methodology with 4 threads
INFO: [Coretcl 2-1520] The results of Report Methodology are in file /home/duazel/Documents/stage3IF/High_Level_Synthesis_Trainee/operator_Vivado/first_try/fir_prj/solution1/impl/vhdl/project.runs/impl_1/top_methodology_drc_routed.rpt.
report_methodology completed successfully
INFO: [runtcl-4] Executing : report_power -file top_power_routed.rpt -pb top_power_summary_routed.pb -rpx top_power_routed.rpx
Command: report_power -file top_power_routed.rpt -pb top_power_summary_routed.pb -rpx top_power_routed.rpx
WARNING: [Power 33-232] No user defined clocks were found in the design!
Resolution: Please specify clocks using create_clock/create_generated_clock for sequential elements. For pure combinatorial circuits, please specify a virtual clock, otherwise the vectorless estimation might be inaccurate
INFO: [Timing 38-35] Done setting XDC timing constraints.
Running Vector-less Activity Propagation...

Finished Running Vector-less Activity Propagation
83 Infos, 65 Warnings, 0 Critical Warnings and 0 Errors encountered.
report_power completed successfully
INFO: [runtcl-4] Executing : report_route_status -file top_route_status.rpt -pb top_route_status.pb
INFO: [runtcl-4] Executing : report_timing_summary -max_paths 10 -file top_timing_summary_routed.rpt -pb top_timing_summary_routed.pb -rpx top_timing_summary_routed.rpx -warn_on_violation 
INFO: [Timing 38-91] UpdateTimingParams: Speed grade: -1, Delay Type: min_max, Timing Stage: Requireds.
INFO: [Timing 38-191] Multithreading enabled for timing update using a maximum of 4 CPUs
INFO: [runtcl-4] Executing : report_incremental_reuse -file top_incremental_reuse_routed.rpt
INFO: [Vivado_Tcl 4-545] No incremental reuse to report, no incremental placement and routing data was found.
INFO: [runtcl-4] Executing : report_clock_utilization -file top_clock_utilization_routed.rpt
INFO: [runtcl-4] Executing : report_bus_skew -warn_on_violation -file top_bus_skew_routed.rpt -pb top_bus_skew_routed.pb -rpx top_bus_skew_routed.rpx
INFO: [Timing 38-91] UpdateTimingParams: Speed grade: -1, Delay Type: min_max, Timing Stage: Requireds.
INFO: [Timing 38-191] Multithreading enabled for timing update using a maximum of 4 CPUs
INFO: [Common 17-206] Exiting Vivado at Thu Jul 26 11:32:57 2018...
[Thu Jul 26 11:32:58 2018] impl_1 finished
wait_on_run: Time (s): cpu = 00:01:15 ; elapsed = 00:01:30 . Memory (MB): peak = 2046.582 ; gain = 4.000 ; free physical = 1215 ; free virtual = 9082
INFO: [Project 1-479] Netlist was created with Vivado 2018.2
INFO: [Project 1-570] Preparing netlist for logic optimization
INFO: [Timing 38-478] Restoring timing data from binary archive.
INFO: [Timing 38-479] Binary timing data restore complete.
INFO: [Project 1-856] Restoring constraints from binary archive.
INFO: [Project 1-853] Binary constraint restore complete.
Reading XDEF placement.
Reading placer database...
Reading XDEF routing.
Read XDEF File: Time (s): cpu = 00:00:00.03 ; elapsed = 00:00:00.02 . Memory (MB): peak = 2175.902 ; gain = 0.000 ; free physical = 1098 ; free virtual = 8983
Restored from archive | CPU: 0.030000 secs | Memory: 0.139076 MB |
Finished XDEF File Restore: Time (s): cpu = 00:00:00.03 ; elapsed = 00:00:00.03 . Memory (MB): peak = 2175.902 ; gain = 0.000 ; free physical = 1098 ; free virtual = 8983
INFO: [Project 1-111] Unisim Transformation Summary:
No Unisim elements were transformed.

INFO: [Timing 38-91] UpdateTimingParams: Speed grade: -1, Delay Type: min_max.
INFO: [Timing 38-191] Multithreading enabled for timing update using a maximum of 4 CPUs
report_utilization: Time (s): cpu = 00:00:00.10 ; elapsed = 00:00:00.16 . Memory (MB): peak = 2175.902 ; gain = 0.000 ; free physical = 1093 ; free virtual = 8981


Implementation tool: Xilinx Vivado v.2018.2
Project:             fir_prj
Solution:            solution1
Device target:       xc7k160tfbg484-1
Report date:         Thu Jul 26 11:32:59 CEST 2018

#=== Post-Implementation Resource usage ===
SLICE:           32
LUT:            101
FF:               0
DSP:              0
BRAM:             0
SRL:              0
#=== Final timing ===
CP required:    10.000
CP achieved post-synthesis:    3.778
CP achieved post-implementation:    NA
No Sequential Path
INFO: [Common 17-206] Exiting Vivado at Thu Jul 26 11:32:59 2018...
