
*** Running vivado
    with args -log operator_float_div3.vdi -applog -m64 -product Vivado -messageDb vivado.pb -mode batch -source operator_float_div3.tcl -notrace


****** Vivado v2018.2 (64-bit)
  **** SW Build 2258646 on Thu Jun 14 20:02:38 MDT 2018
  **** IP Build 2256618 on Thu Jun 14 22:10:49 MDT 2018
    ** Copyright 1986-2018 Xilinx, Inc. All Rights Reserved.

source operator_float_div3.tcl -notrace
Command: open_checkpoint /home/duazel/Documents/stage3IF/High_Level_Synthesis_Trainee/operator_Vivado/float_mul3/fir_prj/solution1/impl/vhdl/project.runs/impl_1/operator_float_div3.dcp

Starting open_checkpoint Task

Time (s): cpu = 00:00:00.07 ; elapsed = 00:00:00.10 . Memory (MB): peak = 1183.344 ; gain = 0.000 ; free physical = 829 ; free virtual = 10753
INFO: [Netlist 29-17] Analyzing 13 Unisim elements for replacement
INFO: [Netlist 29-28] Unisim Transformation completed in 0 CPU seconds
INFO: [Project 1-479] Netlist was created with Vivado 2018.2
INFO: [Device 21-403] Loading part xc7k160tfbg484-1
INFO: [Project 1-570] Preparing netlist for logic optimization
INFO: [Timing 38-478] Restoring timing data from binary archive.
INFO: [Timing 38-479] Binary timing data restore complete.
INFO: [Project 1-856] Restoring constraints from binary archive.
INFO: [Project 1-853] Binary constraint restore complete.
INFO: [Project 1-111] Unisim Transformation Summary:
No Unisim elements were transformed.

INFO: [Project 1-604] Checkpoint was created with Vivado v2018.2 (64-bit) build 2258646
open_checkpoint: Time (s): cpu = 00:00:20 ; elapsed = 00:00:48 . Memory (MB): peak = 1981.953 ; gain = 798.609 ; free physical = 155 ; free virtual = 9981
Command: opt_design
Attempting to get a license for feature 'Implementation' and/or device 'xc7k160t'
INFO: [Common 17-349] Got license for feature 'Implementation' and/or device 'xc7k160t'
Running DRC as a precondition to command opt_design

Starting DRC Task
INFO: [DRC 23-27] Running DRC with 4 threads
INFO: [Project 1-461] DRC finished with 0 Errors
INFO: [Project 1-462] Please refer to the DRC report (report_drc) for more information.

Time (s): cpu = 00:00:02 ; elapsed = 00:00:02 . Memory (MB): peak = 2027.969 ; gain = 46.016 ; free physical = 139 ; free virtual = 9972

Starting Cache Timing Information Task
Ending Cache Timing Information Task | Checksum: 14007bd26

Time (s): cpu = 00:00:00.01 ; elapsed = 00:00:00.01 . Memory (MB): peak = 2027.969 ; gain = 0.000 ; free physical = 140 ; free virtual = 9973

Starting Logic Optimization Task

Phase 1 Retarget
INFO: [Opt 31-138] Pushed 0 inverter(s) to 0 load pin(s).
INFO: [Opt 31-49] Retargeted 0 cell(s).
Phase 1 Retarget | Checksum: bfa6c19c

Time (s): cpu = 00:00:00.24 ; elapsed = 00:00:00.32 . Memory (MB): peak = 2027.969 ; gain = 0.000 ; free physical = 204 ; free virtual = 10037
INFO: [Opt 31-389] Phase Retarget created 0 cells and removed 0 cells

Phase 2 Constant propagation
INFO: [Opt 31-138] Pushed 0 inverter(s) to 0 load pin(s).
Phase 2 Constant propagation | Checksum: bfa6c19c

Time (s): cpu = 00:00:00.25 ; elapsed = 00:00:00.33 . Memory (MB): peak = 2027.969 ; gain = 0.000 ; free physical = 204 ; free virtual = 10037
INFO: [Opt 31-389] Phase Constant propagation created 0 cells and removed 0 cells

Phase 3 Sweep
Phase 3 Sweep | Checksum: 147282138

Time (s): cpu = 00:00:00.26 ; elapsed = 00:00:00.34 . Memory (MB): peak = 2027.969 ; gain = 0.000 ; free physical = 204 ; free virtual = 10037
INFO: [Opt 31-389] Phase Sweep created 0 cells and removed 0 cells

Phase 4 BUFG optimization
Phase 4 BUFG optimization | Checksum: 147282138

Time (s): cpu = 00:00:00.26 ; elapsed = 00:00:00.34 . Memory (MB): peak = 2027.969 ; gain = 0.000 ; free physical = 204 ; free virtual = 10037
INFO: [Opt 31-662] Phase BUFG optimization created 0 cells of which 0 are BUFGs and removed 0 cells.

Phase 5 Shift Register Optimization
Phase 5 Shift Register Optimization | Checksum: e899253b

Time (s): cpu = 00:00:00.27 ; elapsed = 00:00:00.36 . Memory (MB): peak = 2027.969 ; gain = 0.000 ; free physical = 204 ; free virtual = 10037
INFO: [Opt 31-389] Phase Shift Register Optimization created 0 cells and removed 0 cells

Phase 6 Post Processing Netlist
Phase 6 Post Processing Netlist | Checksum: e899253b

Time (s): cpu = 00:00:00.27 ; elapsed = 00:00:00.36 . Memory (MB): peak = 2027.969 ; gain = 0.000 ; free physical = 204 ; free virtual = 10037
INFO: [Opt 31-389] Phase Post Processing Netlist created 0 cells and removed 0 cells

Starting Connectivity Check Task

Time (s): cpu = 00:00:00 ; elapsed = 00:00:00 . Memory (MB): peak = 2027.969 ; gain = 0.000 ; free physical = 204 ; free virtual = 10037
Ending Logic Optimization Task | Checksum: e899253b

Time (s): cpu = 00:00:00.28 ; elapsed = 00:00:00.36 . Memory (MB): peak = 2027.969 ; gain = 0.000 ; free physical = 204 ; free virtual = 10037

Starting Power Optimization Task
INFO: [Pwropt 34-132] Skipping clock gating for clocks with a period < 2.00 ns.
Ending Power Optimization Task | Checksum: e899253b

Time (s): cpu = 00:00:00.02 ; elapsed = 00:00:00.02 . Memory (MB): peak = 2027.969 ; gain = 0.000 ; free physical = 204 ; free virtual = 10037

Starting Final Cleanup Task
Ending Final Cleanup Task | Checksum: e899253b

Time (s): cpu = 00:00:00 ; elapsed = 00:00:00 . Memory (MB): peak = 2027.969 ; gain = 0.000 ; free physical = 204 ; free virtual = 10037
INFO: [Common 17-83] Releasing license: Implementation
26 Infos, 0 Warnings, 0 Critical Warnings and 0 Errors encountered.
opt_design completed successfully
INFO: [Timing 38-35] Done setting XDC timing constraints.
INFO: [Timing 38-480] Writing timing data to binary archive.
INFO: [Common 17-1381] The checkpoint '/home/duazel/Documents/stage3IF/High_Level_Synthesis_Trainee/operator_Vivado/float_mul3/fir_prj/solution1/impl/vhdl/project.runs/impl_1/operator_float_div3_opt.dcp' has been generated.
INFO: [runtcl-4] Executing : report_drc -file operator_float_div3_drc_opted.rpt -pb operator_float_div3_drc_opted.pb -rpx operator_float_div3_drc_opted.rpx
Command: report_drc -file operator_float_div3_drc_opted.rpt -pb operator_float_div3_drc_opted.pb -rpx operator_float_div3_drc_opted.rpx
INFO: [IP_Flow 19-234] Refreshing IP repositories
INFO: [IP_Flow 19-1704] No user IP repositories specified
INFO: [IP_Flow 19-2313] Loaded Vivado IP repository '/opt/Xilinx/Vivado/2018.2/data/ip'.
INFO: [DRC 23-27] Running DRC with 4 threads
INFO: [Coretcl 2-168] The results of DRC are in file /home/duazel/Documents/stage3IF/High_Level_Synthesis_Trainee/operator_Vivado/float_mul3/fir_prj/solution1/impl/vhdl/project.runs/impl_1/operator_float_div3_drc_opted.rpt.
report_drc completed successfully
Command: place_design
Attempting to get a license for feature 'Implementation' and/or device 'xc7k160t'
INFO: [Common 17-349] Got license for feature 'Implementation' and/or device 'xc7k160t'
INFO: [DRC 23-27] Running DRC with 4 threads
INFO: [Vivado_Tcl 4-198] DRC finished with 0 Errors
INFO: [Vivado_Tcl 4-199] Please refer to the DRC report (report_drc) for more information.
Running DRC as a precondition to command place_design
INFO: [DRC 23-27] Running DRC with 4 threads
INFO: [Vivado_Tcl 4-198] DRC finished with 0 Errors
INFO: [Vivado_Tcl 4-199] Please refer to the DRC report (report_drc) for more information.

Starting Placer Task
INFO: [Place 30-611] Multithreading enabled for place_design using a maximum of 4 CPUs

Phase 1 Placer Initialization

Phase 1.1 Placer Initialization Netlist Sorting
Netlist sorting complete. Time (s): cpu = 00:00:00 ; elapsed = 00:00:00 . Memory (MB): peak = 2051.980 ; gain = 0.000 ; free physical = 145 ; free virtual = 10007
Phase 1.1 Placer Initialization Netlist Sorting | Checksum: a4254538

Time (s): cpu = 00:00:00.01 ; elapsed = 00:00:00.02 . Memory (MB): peak = 2051.980 ; gain = 0.000 ; free physical = 145 ; free virtual = 10007
Netlist sorting complete. Time (s): cpu = 00:00:00 ; elapsed = 00:00:00 . Memory (MB): peak = 2051.980 ; gain = 0.000 ; free physical = 145 ; free virtual = 10007

Phase 1.2 IO Placement/ Clock Placement/ Build Placer Device
Phase 1.2 IO Placement/ Clock Placement/ Build Placer Device | Checksum: af0f1f91

Time (s): cpu = 00:00:00.90 ; elapsed = 00:00:00.75 . Memory (MB): peak = 2051.980 ; gain = 0.000 ; free physical = 159 ; free virtual = 10003

Phase 1.3 Build Placer Netlist Model
Phase 1.3 Build Placer Netlist Model | Checksum: 10e28bbde

Time (s): cpu = 00:00:01 ; elapsed = 00:00:00.94 . Memory (MB): peak = 2054.992 ; gain = 3.012 ; free physical = 157 ; free virtual = 10001

Phase 1.4 Constrain Clocks/Macros
Phase 1.4 Constrain Clocks/Macros | Checksum: 10e28bbde

Time (s): cpu = 00:00:01 ; elapsed = 00:00:00.95 . Memory (MB): peak = 2054.992 ; gain = 3.012 ; free physical = 157 ; free virtual = 10001
Phase 1 Placer Initialization | Checksum: 10e28bbde

Time (s): cpu = 00:00:01 ; elapsed = 00:00:00.95 . Memory (MB): peak = 2054.992 ; gain = 3.012 ; free physical = 157 ; free virtual = 10001

Phase 2 Global Placement

Phase 2.1 Floorplanning
Phase 2.1 Floorplanning | Checksum: 13d42735e

Time (s): cpu = 00:00:01 ; elapsed = 00:00:01 . Memory (MB): peak = 2087.008 ; gain = 35.027 ; free physical = 154 ; free virtual = 9998

Phase 2.2 Physical Synthesis In Placer
INFO: [Physopt 32-65] No nets found for high-fanout optimization.
INFO: [Physopt 32-232] Optimized 0 net. Created 0 new instance.
INFO: [Physopt 32-775] End 1 Pass. Optimized 0 net or cell. Created 0 new cell, deleted 0 existing cell and moved 0 existing cell
Netlist sorting complete. Time (s): cpu = 00:00:00 ; elapsed = 00:00:00 . Memory (MB): peak = 2095.012 ; gain = 0.000 ; free physical = 167 ; free virtual = 9986

Summary of Physical Synthesis Optimizations
============================================


-----------------------------------------------------------------------------------------------------------------------------
|  Optimization       |  Added Cells  |  Removed Cells  |  Optimized Cells/Nets  |  Dont Touch  |  Iterations  |  Elapsed   |
-----------------------------------------------------------------------------------------------------------------------------
|  Very High Fanout   |            0  |              0  |                     0  |           0  |           1  |  00:00:00  |
|  Total              |            0  |              0  |                     0  |           0  |           1  |  00:00:00  |
-----------------------------------------------------------------------------------------------------------------------------


Phase 2.2 Physical Synthesis In Placer | Checksum: b85c6209

Time (s): cpu = 00:00:04 ; elapsed = 00:00:02 . Memory (MB): peak = 2095.012 ; gain = 43.031 ; free physical = 167 ; free virtual = 9986
Phase 2 Global Placement | Checksum: 114a88805

Time (s): cpu = 00:00:04 ; elapsed = 00:00:02 . Memory (MB): peak = 2095.012 ; gain = 43.031 ; free physical = 167 ; free virtual = 9986

Phase 3 Detail Placement

Phase 3.1 Commit Multi Column Macros
Phase 3.1 Commit Multi Column Macros | Checksum: 114a88805

Time (s): cpu = 00:00:04 ; elapsed = 00:00:02 . Memory (MB): peak = 2095.012 ; gain = 43.031 ; free physical = 167 ; free virtual = 9986

Phase 3.2 Commit Most Macros & LUTRAMs
Phase 3.2 Commit Most Macros & LUTRAMs | Checksum: 109ae5ec1

Time (s): cpu = 00:00:04 ; elapsed = 00:00:02 . Memory (MB): peak = 2095.012 ; gain = 43.031 ; free physical = 167 ; free virtual = 9985

Phase 3.3 Area Swap Optimization
Phase 3.3 Area Swap Optimization | Checksum: 19381f3d1

Time (s): cpu = 00:00:04 ; elapsed = 00:00:02 . Memory (MB): peak = 2095.012 ; gain = 43.031 ; free physical = 167 ; free virtual = 9985

Phase 3.4 Pipeline Register Optimization
Phase 3.4 Pipeline Register Optimization | Checksum: 19381f3d1

Time (s): cpu = 00:00:04 ; elapsed = 00:00:02 . Memory (MB): peak = 2095.012 ; gain = 43.031 ; free physical = 167 ; free virtual = 9985

Phase 3.5 Small Shape Detail Placement
Phase 3.5 Small Shape Detail Placement | Checksum: 1b0961465

Time (s): cpu = 00:00:04 ; elapsed = 00:00:02 . Memory (MB): peak = 2095.012 ; gain = 43.031 ; free physical = 163 ; free virtual = 9982

Phase 3.6 Re-assign LUT pins
Phase 3.6 Re-assign LUT pins | Checksum: 1479c91c6

Time (s): cpu = 00:00:04 ; elapsed = 00:00:02 . Memory (MB): peak = 2095.012 ; gain = 43.031 ; free physical = 163 ; free virtual = 9982

Phase 3.7 Pipeline Register Optimization
Phase 3.7 Pipeline Register Optimization | Checksum: 1479c91c6

Time (s): cpu = 00:00:04 ; elapsed = 00:00:02 . Memory (MB): peak = 2095.012 ; gain = 43.031 ; free physical = 163 ; free virtual = 9982
Phase 3 Detail Placement | Checksum: 1479c91c6

Time (s): cpu = 00:00:04 ; elapsed = 00:00:02 . Memory (MB): peak = 2095.012 ; gain = 43.031 ; free physical = 163 ; free virtual = 9982

Phase 4 Post Placement Optimization and Clean-Up

Phase 4.1 Post Commit Optimization
INFO: [Timing 38-35] Done setting XDC timing constraints.

Phase 4.1.1 Post Placement Optimization
Post Placement Optimization Initialization | Checksum: 14fc5c755

Phase 4.1.1.1 BUFG Insertion
INFO: [Place 46-31] BUFG insertion identified 0 candidate nets, 0 success, 0 skipped for placement/routing, 0 skipped for timing, 0 skipped for netlist change reason.
Phase 4.1.1.1 BUFG Insertion | Checksum: 14fc5c755

Time (s): cpu = 00:00:05 ; elapsed = 00:00:03 . Memory (MB): peak = 2095.012 ; gain = 43.031 ; free physical = 164 ; free virtual = 9983
INFO: [Place 30-746] Post Placement Timing Summary WNS=8.281. For the most accurate timing information please run report_timing.
Phase 4.1.1 Post Placement Optimization | Checksum: 10bc85b56

Time (s): cpu = 00:00:05 ; elapsed = 00:00:03 . Memory (MB): peak = 2095.012 ; gain = 43.031 ; free physical = 164 ; free virtual = 9983
Phase 4.1 Post Commit Optimization | Checksum: 10bc85b56

Time (s): cpu = 00:00:05 ; elapsed = 00:00:03 . Memory (MB): peak = 2095.012 ; gain = 43.031 ; free physical = 164 ; free virtual = 9983

Phase 4.2 Post Placement Cleanup
Phase 4.2 Post Placement Cleanup | Checksum: 10bc85b56

Time (s): cpu = 00:00:05 ; elapsed = 00:00:03 . Memory (MB): peak = 2095.012 ; gain = 43.031 ; free physical = 165 ; free virtual = 9984

Phase 4.3 Placer Reporting
Phase 4.3 Placer Reporting | Checksum: 10bc85b56

Time (s): cpu = 00:00:05 ; elapsed = 00:00:03 . Memory (MB): peak = 2095.012 ; gain = 43.031 ; free physical = 165 ; free virtual = 9984

Phase 4.4 Final Placement Cleanup
Phase 4.4 Final Placement Cleanup | Checksum: 161f3742b

Time (s): cpu = 00:00:05 ; elapsed = 00:00:03 . Memory (MB): peak = 2095.012 ; gain = 43.031 ; free physical = 165 ; free virtual = 9984
Phase 4 Post Placement Optimization and Clean-Up | Checksum: 161f3742b

Time (s): cpu = 00:00:05 ; elapsed = 00:00:03 . Memory (MB): peak = 2095.012 ; gain = 43.031 ; free physical = 165 ; free virtual = 9984
Ending Placer Task | Checksum: f8a2f484

Time (s): cpu = 00:00:05 ; elapsed = 00:00:03 . Memory (MB): peak = 2095.012 ; gain = 43.031 ; free physical = 182 ; free virtual = 10001
INFO: [Common 17-83] Releasing license: Implementation
50 Infos, 0 Warnings, 0 Critical Warnings and 0 Errors encountered.
place_design completed successfully
INFO: [Timing 38-480] Writing timing data to binary archive.
Writing placer database...
Writing XDEF routing.
Writing XDEF routing logical nets.
Writing XDEF routing special nets.
Write XDEF Complete: Time (s): cpu = 00:00:00.31 ; elapsed = 00:00:00.21 . Memory (MB): peak = 2095.012 ; gain = 0.000 ; free physical = 180 ; free virtual = 10000
INFO: [Common 17-1381] The checkpoint '/home/duazel/Documents/stage3IF/High_Level_Synthesis_Trainee/operator_Vivado/float_mul3/fir_prj/solution1/impl/vhdl/project.runs/impl_1/operator_float_div3_placed.dcp' has been generated.
INFO: [runtcl-4] Executing : report_io -file operator_float_div3_io_placed.rpt
report_io: Time (s): cpu = 00:00:00.11 ; elapsed = 00:00:00.15 . Memory (MB): peak = 2095.012 ; gain = 0.000 ; free physical = 169 ; free virtual = 9988
INFO: [runtcl-4] Executing : report_utilization -file operator_float_div3_utilization_placed.rpt -pb operator_float_div3_utilization_placed.pb
report_utilization: Time (s): cpu = 00:00:00.16 ; elapsed = 00:00:00.19 . Memory (MB): peak = 2095.012 ; gain = 0.000 ; free physical = 161 ; free virtual = 9998
INFO: [runtcl-4] Executing : report_control_sets -verbose -file operator_float_div3_control_sets_placed.rpt
report_control_sets: Time (s): cpu = 00:00:00.08 ; elapsed = 00:00:00.09 . Memory (MB): peak = 2095.012 ; gain = 0.000 ; free physical = 161 ; free virtual = 9998
Command: phys_opt_design
Attempting to get a license for feature 'Implementation' and/or device 'xc7k160t'
INFO: [Common 17-349] Got license for feature 'Implementation' and/or device 'xc7k160t'
INFO: [Vivado_Tcl 4-383] Design worst setup slack (WNS) is greater than or equal to 0.250 ns. Skipping all physical synthesis optimizations.
INFO: [Vivado_Tcl 4-232] No setup violation found. The netlist was not modified.
INFO: [Common 17-83] Releasing license: Implementation
59 Infos, 0 Warnings, 0 Critical Warnings and 0 Errors encountered.
phys_opt_design completed successfully
INFO: [Timing 38-480] Writing timing data to binary archive.
Writing placer database...
Writing XDEF routing.
Writing XDEF routing logical nets.
Writing XDEF routing special nets.
Write XDEF Complete: Time (s): cpu = 00:00:00.14 ; elapsed = 00:00:00.05 . Memory (MB): peak = 2095.012 ; gain = 0.000 ; free physical = 169 ; free virtual = 9998
INFO: [Common 17-1381] The checkpoint '/home/duazel/Documents/stage3IF/High_Level_Synthesis_Trainee/operator_Vivado/float_mul3/fir_prj/solution1/impl/vhdl/project.runs/impl_1/operator_float_div3_physopt.dcp' has been generated.
Command: route_design
Attempting to get a license for feature 'Implementation' and/or device 'xc7k160t'
INFO: [Common 17-349] Got license for feature 'Implementation' and/or device 'xc7k160t'
Running DRC as a precondition to command route_design
INFO: [DRC 23-27] Running DRC with 4 threads
INFO: [Vivado_Tcl 4-198] DRC finished with 0 Errors
INFO: [Vivado_Tcl 4-199] Please refer to the DRC report (report_drc) for more information.


Starting Routing Task
INFO: [Route 35-254] Multithreading enabled for route_design using a maximum of 4 CPUs
Checksum: PlaceDB: 6eb6788f ConstDB: 0 ShapeSum: 89ec7bf5 RouteDB: 0

Phase 1 Build RT Design
WARNING: [Route 35-198] Port "in_r[0]" does not have an associated HD.PARTPIN_LOCS, which will prevent the partial routing of the signal "in_r[0]". Without this partial route, timing analysis to/from this port will not be accurate, and no routing information for this port can be exported.
WARNING: [Route 35-197] Clock port "ap_clk" does not have an associated HD.CLK_SRC. Without this constraint, timing analysis may not be accurate and upstream checks cannot be done to ensure correct clock placement.
WARNING: [Route 35-198] Port "in_r[2]" does not have an associated HD.PARTPIN_LOCS, which will prevent the partial routing of the signal "in_r[2]". Without this partial route, timing analysis to/from this port will not be accurate, and no routing information for this port can be exported.
WARNING: [Route 35-198] Port "in_r[4]" does not have an associated HD.PARTPIN_LOCS, which will prevent the partial routing of the signal "in_r[4]". Without this partial route, timing analysis to/from this port will not be accurate, and no routing information for this port can be exported.
WARNING: [Route 35-198] Port "in_r[1]" does not have an associated HD.PARTPIN_LOCS, which will prevent the partial routing of the signal "in_r[1]". Without this partial route, timing analysis to/from this port will not be accurate, and no routing information for this port can be exported.
WARNING: [Route 35-198] Port "in_r[3]" does not have an associated HD.PARTPIN_LOCS, which will prevent the partial routing of the signal "in_r[3]". Without this partial route, timing analysis to/from this port will not be accurate, and no routing information for this port can be exported.
WARNING: [Route 35-198] Port "in_r[6]" does not have an associated HD.PARTPIN_LOCS, which will prevent the partial routing of the signal "in_r[6]". Without this partial route, timing analysis to/from this port will not be accurate, and no routing information for this port can be exported.
WARNING: [Route 35-198] Port "in_r[8]" does not have an associated HD.PARTPIN_LOCS, which will prevent the partial routing of the signal "in_r[8]". Without this partial route, timing analysis to/from this port will not be accurate, and no routing information for this port can be exported.
WARNING: [Route 35-198] Port "in_r[5]" does not have an associated HD.PARTPIN_LOCS, which will prevent the partial routing of the signal "in_r[5]". Without this partial route, timing analysis to/from this port will not be accurate, and no routing information for this port can be exported.
WARNING: [Route 35-198] Port "in_r[7]" does not have an associated HD.PARTPIN_LOCS, which will prevent the partial routing of the signal "in_r[7]". Without this partial route, timing analysis to/from this port will not be accurate, and no routing information for this port can be exported.
WARNING: [Route 35-198] Port "in_r[10]" does not have an associated HD.PARTPIN_LOCS, which will prevent the partial routing of the signal "in_r[10]". Without this partial route, timing analysis to/from this port will not be accurate, and no routing information for this port can be exported.
WARNING: [Route 35-198] Port "in_r[12]" does not have an associated HD.PARTPIN_LOCS, which will prevent the partial routing of the signal "in_r[12]". Without this partial route, timing analysis to/from this port will not be accurate, and no routing information for this port can be exported.
WARNING: [Route 35-198] Port "in_r[9]" does not have an associated HD.PARTPIN_LOCS, which will prevent the partial routing of the signal "in_r[9]". Without this partial route, timing analysis to/from this port will not be accurate, and no routing information for this port can be exported.
WARNING: [Route 35-198] Port "in_r[11]" does not have an associated HD.PARTPIN_LOCS, which will prevent the partial routing of the signal "in_r[11]". Without this partial route, timing analysis to/from this port will not be accurate, and no routing information for this port can be exported.
WARNING: [Route 35-198] Port "in_r[14]" does not have an associated HD.PARTPIN_LOCS, which will prevent the partial routing of the signal "in_r[14]". Without this partial route, timing analysis to/from this port will not be accurate, and no routing information for this port can be exported.
WARNING: [Route 35-198] Port "in_r[16]" does not have an associated HD.PARTPIN_LOCS, which will prevent the partial routing of the signal "in_r[16]". Without this partial route, timing analysis to/from this port will not be accurate, and no routing information for this port can be exported.
WARNING: [Route 35-198] Port "in_r[13]" does not have an associated HD.PARTPIN_LOCS, which will prevent the partial routing of the signal "in_r[13]". Without this partial route, timing analysis to/from this port will not be accurate, and no routing information for this port can be exported.
WARNING: [Route 35-198] Port "in_r[15]" does not have an associated HD.PARTPIN_LOCS, which will prevent the partial routing of the signal "in_r[15]". Without this partial route, timing analysis to/from this port will not be accurate, and no routing information for this port can be exported.
WARNING: [Route 35-198] Port "in_r[18]" does not have an associated HD.PARTPIN_LOCS, which will prevent the partial routing of the signal "in_r[18]". Without this partial route, timing analysis to/from this port will not be accurate, and no routing information for this port can be exported.
WARNING: [Route 35-198] Port "in_r[20]" does not have an associated HD.PARTPIN_LOCS, which will prevent the partial routing of the signal "in_r[20]". Without this partial route, timing analysis to/from this port will not be accurate, and no routing information for this port can be exported.
WARNING: [Route 35-198] Port "in_r[17]" does not have an associated HD.PARTPIN_LOCS, which will prevent the partial routing of the signal "in_r[17]". Without this partial route, timing analysis to/from this port will not be accurate, and no routing information for this port can be exported.
WARNING: [Route 35-198] Port "in_r[19]" does not have an associated HD.PARTPIN_LOCS, which will prevent the partial routing of the signal "in_r[19]". Without this partial route, timing analysis to/from this port will not be accurate, and no routing information for this port can be exported.
WARNING: [Route 35-198] Port "in_r[22]" does not have an associated HD.PARTPIN_LOCS, which will prevent the partial routing of the signal "in_r[22]". Without this partial route, timing analysis to/from this port will not be accurate, and no routing information for this port can be exported.
WARNING: [Route 35-198] Port "in_r[21]" does not have an associated HD.PARTPIN_LOCS, which will prevent the partial routing of the signal "in_r[21]". Without this partial route, timing analysis to/from this port will not be accurate, and no routing information for this port can be exported.
WARNING: [Route 35-198] Port "in_r[23]" does not have an associated HD.PARTPIN_LOCS, which will prevent the partial routing of the signal "in_r[23]". Without this partial route, timing analysis to/from this port will not be accurate, and no routing information for this port can be exported.
WARNING: [Route 35-198] Port "in_r[24]" does not have an associated HD.PARTPIN_LOCS, which will prevent the partial routing of the signal "in_r[24]". Without this partial route, timing analysis to/from this port will not be accurate, and no routing information for this port can be exported.
WARNING: [Route 35-198] Port "in_r[25]" does not have an associated HD.PARTPIN_LOCS, which will prevent the partial routing of the signal "in_r[25]". Without this partial route, timing analysis to/from this port will not be accurate, and no routing information for this port can be exported.
WARNING: [Route 35-198] Port "in_r[31]" does not have an associated HD.PARTPIN_LOCS, which will prevent the partial routing of the signal "in_r[31]". Without this partial route, timing analysis to/from this port will not be accurate, and no routing information for this port can be exported.
WARNING: [Route 35-198] Port "in_r[28]" does not have an associated HD.PARTPIN_LOCS, which will prevent the partial routing of the signal "in_r[28]". Without this partial route, timing analysis to/from this port will not be accurate, and no routing information for this port can be exported.
WARNING: [Route 35-198] Port "in_r[27]" does not have an associated HD.PARTPIN_LOCS, which will prevent the partial routing of the signal "in_r[27]". Without this partial route, timing analysis to/from this port will not be accurate, and no routing information for this port can be exported.
WARNING: [Route 35-198] Port "in_r[29]" does not have an associated HD.PARTPIN_LOCS, which will prevent the partial routing of the signal "in_r[29]". Without this partial route, timing analysis to/from this port will not be accurate, and no routing information for this port can be exported.
WARNING: [Route 35-198] Port "in_r[26]" does not have an associated HD.PARTPIN_LOCS, which will prevent the partial routing of the signal "in_r[26]". Without this partial route, timing analysis to/from this port will not be accurate, and no routing information for this port can be exported.
WARNING: [Route 35-198] Port "in_r[30]" does not have an associated HD.PARTPIN_LOCS, which will prevent the partial routing of the signal "in_r[30]". Without this partial route, timing analysis to/from this port will not be accurate, and no routing information for this port can be exported.
WARNING: [Route 35-198] Port "ap_start" does not have an associated HD.PARTPIN_LOCS, which will prevent the partial routing of the signal "ap_start". Without this partial route, timing analysis to/from this port will not be accurate, and no routing information for this port can be exported.
WARNING: [Route 35-198] Port "ap_rst" does not have an associated HD.PARTPIN_LOCS, which will prevent the partial routing of the signal "ap_rst". Without this partial route, timing analysis to/from this port will not be accurate, and no routing information for this port can be exported.
Phase 1 Build RT Design | Checksum: 1730378b1

Time (s): cpu = 00:00:28 ; elapsed = 00:00:19 . Memory (MB): peak = 2238.832 ; gain = 143.820 ; free physical = 155 ; free virtual = 9796
Post Restoration Checksum: NetGraph: b2d233ef NumContArr: c03144c2 Constraints: 0 Timing: 0

Phase 2 Router Initialization

Phase 2.1 Create Timer
Phase 2.1 Create Timer | Checksum: 1730378b1

Time (s): cpu = 00:00:28 ; elapsed = 00:00:19 . Memory (MB): peak = 2238.832 ; gain = 143.820 ; free physical = 155 ; free virtual = 9795

Phase 2.2 Fix Topology Constraints
Phase 2.2 Fix Topology Constraints | Checksum: 1730378b1

Time (s): cpu = 00:00:28 ; elapsed = 00:00:19 . Memory (MB): peak = 2255.832 ; gain = 160.820 ; free physical = 136 ; free virtual = 9777

Phase 2.3 Pre Route Cleanup
Phase 2.3 Pre Route Cleanup | Checksum: 1730378b1

Time (s): cpu = 00:00:28 ; elapsed = 00:00:19 . Memory (MB): peak = 2255.832 ; gain = 160.820 ; free physical = 136 ; free virtual = 9777
 Number of Nodes with overlaps = 0

Phase 2.4 Update Timing
Phase 2.4 Update Timing | Checksum: 2325a545d

Time (s): cpu = 00:00:28 ; elapsed = 00:00:19 . Memory (MB): peak = 2266.652 ; gain = 171.641 ; free physical = 135 ; free virtual = 9776
INFO: [Route 35-416] Intermediate Timing Summary | WNS=8.347  | TNS=0.000  | WHS=0.175  | THS=0.000  |

Phase 2 Router Initialization | Checksum: 1ebbec5f0

Time (s): cpu = 00:00:28 ; elapsed = 00:00:19 . Memory (MB): peak = 2266.652 ; gain = 171.641 ; free physical = 134 ; free virtual = 9774

Phase 3 Initial Routing
Phase 3 Initial Routing | Checksum: 162ce233e

Time (s): cpu = 00:00:29 ; elapsed = 00:00:19 . Memory (MB): peak = 2266.652 ; gain = 171.641 ; free physical = 126 ; free virtual = 9770

Phase 4 Rip-up And Reroute

Phase 4.1 Global Iteration 0
 Number of Nodes with overlaps = 38
 Number of Nodes with overlaps = 0
INFO: [Route 35-416] Intermediate Timing Summary | WNS=7.628  | TNS=0.000  | WHS=N/A    | THS=N/A    |

Phase 4.1 Global Iteration 0 | Checksum: 240d6d28b

Time (s): cpu = 00:00:30 ; elapsed = 00:00:19 . Memory (MB): peak = 2266.652 ; gain = 171.641 ; free physical = 124 ; free virtual = 9768
Phase 4 Rip-up And Reroute | Checksum: 240d6d28b

Time (s): cpu = 00:00:30 ; elapsed = 00:00:19 . Memory (MB): peak = 2266.652 ; gain = 171.641 ; free physical = 124 ; free virtual = 9768

Phase 5 Delay and Skew Optimization

Phase 5.1 Delay CleanUp
Phase 5.1 Delay CleanUp | Checksum: 240d6d28b

Time (s): cpu = 00:00:30 ; elapsed = 00:00:19 . Memory (MB): peak = 2266.652 ; gain = 171.641 ; free physical = 124 ; free virtual = 9768

Phase 5.2 Clock Skew Optimization
Phase 5.2 Clock Skew Optimization | Checksum: 240d6d28b

Time (s): cpu = 00:00:30 ; elapsed = 00:00:19 . Memory (MB): peak = 2266.652 ; gain = 171.641 ; free physical = 124 ; free virtual = 9768
Phase 5 Delay and Skew Optimization | Checksum: 240d6d28b

Time (s): cpu = 00:00:30 ; elapsed = 00:00:19 . Memory (MB): peak = 2266.652 ; gain = 171.641 ; free physical = 124 ; free virtual = 9768

Phase 6 Post Hold Fix

Phase 6.1 Hold Fix Iter

Phase 6.1.1 Update Timing
Phase 6.1.1 Update Timing | Checksum: 22181603b

Time (s): cpu = 00:00:30 ; elapsed = 00:00:19 . Memory (MB): peak = 2266.652 ; gain = 171.641 ; free physical = 124 ; free virtual = 9768
INFO: [Route 35-416] Intermediate Timing Summary | WNS=7.628  | TNS=0.000  | WHS=0.239  | THS=0.000  |

Phase 6.1 Hold Fix Iter | Checksum: 22181603b

Time (s): cpu = 00:00:30 ; elapsed = 00:00:19 . Memory (MB): peak = 2266.652 ; gain = 171.641 ; free physical = 124 ; free virtual = 9768
Phase 6 Post Hold Fix | Checksum: 22181603b

Time (s): cpu = 00:00:30 ; elapsed = 00:00:19 . Memory (MB): peak = 2266.652 ; gain = 171.641 ; free physical = 124 ; free virtual = 9768

Phase 7 Route finalize

Router Utilization Summary
  Global Vertical Routing Utilization    = 0.0138399 %
  Global Horizontal Routing Utilization  = 0.0153453 %
  Routable Net Status*
  *Does not include unroutable nets such as driverless and loadless.
  Run report_route_status for detailed report.
  Number of Failed Nets               = 0
  Number of Unrouted Nets             = 0
  Number of Partially Routed Nets     = 0
  Number of Node Overlaps             = 0

Phase 7 Route finalize | Checksum: 22181603b

Time (s): cpu = 00:00:30 ; elapsed = 00:00:20 . Memory (MB): peak = 2266.652 ; gain = 171.641 ; free physical = 123 ; free virtual = 9767

Phase 8 Verifying routed nets

 Verification completed successfully
Phase 8 Verifying routed nets | Checksum: 22181603b

Time (s): cpu = 00:00:30 ; elapsed = 00:00:20 . Memory (MB): peak = 2268.652 ; gain = 173.641 ; free physical = 128 ; free virtual = 9766

Phase 9 Depositing Routes
Phase 9 Depositing Routes | Checksum: 136c54b30

Time (s): cpu = 00:00:30 ; elapsed = 00:00:20 . Memory (MB): peak = 2268.652 ; gain = 173.641 ; free physical = 131 ; free virtual = 9766

Phase 10 Post Router Timing
INFO: [Route 35-57] Estimated Timing Summary | WNS=7.628  | TNS=0.000  | WHS=0.239  | THS=0.000  |

INFO: [Route 35-327] The final timing numbers are based on the router estimated timing analysis. For a complete and accurate timing signoff, please run report_timing_summary.
Phase 10 Post Router Timing | Checksum: 136c54b30

Time (s): cpu = 00:00:30 ; elapsed = 00:00:20 . Memory (MB): peak = 2268.652 ; gain = 173.641 ; free physical = 133 ; free virtual = 9768
INFO: [Route 35-16] Router Completed Successfully

Time (s): cpu = 00:00:30 ; elapsed = 00:00:20 . Memory (MB): peak = 2268.652 ; gain = 173.641 ; free physical = 153 ; free virtual = 9791

Routing Is Done.
INFO: [Common 17-83] Releasing license: Implementation
73 Infos, 35 Warnings, 0 Critical Warnings and 0 Errors encountered.
route_design completed successfully
route_design: Time (s): cpu = 00:00:32 ; elapsed = 00:00:21 . Memory (MB): peak = 2268.652 ; gain = 173.641 ; free physical = 153 ; free virtual = 9791
INFO: [Timing 38-480] Writing timing data to binary archive.
Writing placer database...
Writing XDEF routing.
Writing XDEF routing logical nets.
Writing XDEF routing special nets.
Write XDEF Complete: Time (s): cpu = 00:00:00.12 ; elapsed = 00:00:00.04 . Memory (MB): peak = 2268.652 ; gain = 0.000 ; free physical = 149 ; free virtual = 9788
INFO: [Common 17-1381] The checkpoint '/home/duazel/Documents/stage3IF/High_Level_Synthesis_Trainee/operator_Vivado/float_mul3/fir_prj/solution1/impl/vhdl/project.runs/impl_1/operator_float_div3_routed.dcp' has been generated.
INFO: [runtcl-4] Executing : report_drc -file operator_float_div3_drc_routed.rpt -pb operator_float_div3_drc_routed.pb -rpx operator_float_div3_drc_routed.rpx
Command: report_drc -file operator_float_div3_drc_routed.rpt -pb operator_float_div3_drc_routed.pb -rpx operator_float_div3_drc_routed.rpx
INFO: [DRC 23-27] Running DRC with 4 threads
INFO: [Coretcl 2-168] The results of DRC are in file /home/duazel/Documents/stage3IF/High_Level_Synthesis_Trainee/operator_Vivado/float_mul3/fir_prj/solution1/impl/vhdl/project.runs/impl_1/operator_float_div3_drc_routed.rpt.
report_drc completed successfully
INFO: [runtcl-4] Executing : report_methodology -file operator_float_div3_methodology_drc_routed.rpt -pb operator_float_div3_methodology_drc_routed.pb -rpx operator_float_div3_methodology_drc_routed.rpx
Command: report_methodology -file operator_float_div3_methodology_drc_routed.rpt -pb operator_float_div3_methodology_drc_routed.pb -rpx operator_float_div3_methodology_drc_routed.rpx
INFO: [Timing 38-35] Done setting XDC timing constraints.
INFO: [Timing 38-35] Done setting XDC timing constraints.
WARNING: [Timing 38-242] The property HD.CLK_SRC of clock port "ap_clk" is not set. In out-of-context mode, this prevents timing estimation for clock delay/skew
Resolution: Set the HD.CLK_SRC property of the out-of-context port to the location of the clock buffer instance in the top-level design
INFO: [DRC 23-133] Running Methodology with 4 threads
INFO: [Coretcl 2-1520] The results of Report Methodology are in file /home/duazel/Documents/stage3IF/High_Level_Synthesis_Trainee/operator_Vivado/float_mul3/fir_prj/solution1/impl/vhdl/project.runs/impl_1/operator_float_div3_methodology_drc_routed.rpt.
report_methodology completed successfully
INFO: [runtcl-4] Executing : report_power -file operator_float_div3_power_routed.rpt -pb operator_float_div3_power_summary_routed.pb -rpx operator_float_div3_power_routed.rpx
Command: report_power -file operator_float_div3_power_routed.rpt -pb operator_float_div3_power_summary_routed.pb -rpx operator_float_div3_power_routed.rpx
INFO: [Timing 38-35] Done setting XDC timing constraints.
Running Vector-less Activity Propagation...

Finished Running Vector-less Activity Propagation
85 Infos, 36 Warnings, 0 Critical Warnings and 0 Errors encountered.
report_power completed successfully
INFO: [runtcl-4] Executing : report_route_status -file operator_float_div3_route_status.rpt -pb operator_float_div3_route_status.pb
INFO: [runtcl-4] Executing : report_timing_summary -max_paths 10 -file operator_float_div3_timing_summary_routed.rpt -pb operator_float_div3_timing_summary_routed.pb -rpx operator_float_div3_timing_summary_routed.rpx -warn_on_violation 
INFO: [Timing 38-91] UpdateTimingParams: Speed grade: -1, Delay Type: min_max, Timing Stage: Requireds.
INFO: [Timing 38-191] Multithreading enabled for timing update using a maximum of 4 CPUs
INFO: [runtcl-4] Executing : report_incremental_reuse -file operator_float_div3_incremental_reuse_routed.rpt
INFO: [Vivado_Tcl 4-545] No incremental reuse to report, no incremental placement and routing data was found.
INFO: [runtcl-4] Executing : report_clock_utilization -file operator_float_div3_clock_utilization_routed.rpt
INFO: [runtcl-4] Executing : report_bus_skew -warn_on_violation -file operator_float_div3_bus_skew_routed.rpt -pb operator_float_div3_bus_skew_routed.pb -rpx operator_float_div3_bus_skew_routed.rpx
INFO: [Timing 38-91] UpdateTimingParams: Speed grade: -1, Delay Type: min_max, Timing Stage: Requireds.
INFO: [Timing 38-191] Multithreading enabled for timing update using a maximum of 4 CPUs
INFO: [Common 17-206] Exiting Vivado at Fri Aug 24 11:11:14 2018...
