

================================================================
== Vivado HLS Report for 'operator_float_div3'
================================================================
* Date:           Fri Aug 24 11:07:43 2018

* Version:        2018.2 (Build 2258646 on Thu Jun 14 20:25:20 MDT 2018)
* Project:        fir_prj
* Solution:       solution1
* Product family: kintex7
* Target device:  xc7k160tfbg484-1


================================================================
== Performance Estimates
================================================================
+ Timing (ns): 
    * Summary: 
    +--------+-------+----------+------------+
    |  Clock | Target| Estimated| Uncertainty|
    +--------+-------+----------+------------+
    |ap_clk  |  10.00|     7.610|        1.25|
    +--------+-------+----------+------------+

+ Latency (clock cycles): 
    * Summary: 
    +-----+-----+-----+-----+---------+
    |  Latency  |  Interval | Pipeline|
    | min | max | min | max |   Type  |
    +-----+-----+-----+-----+---------+
    |    1|    1|    1|    1|   none  |
    +-----+-----+-----+-----+---------+

    + Detail: 
        * Instance: 
        N/A

        * Loop: 
        N/A



================================================================
== Utilization Estimates
================================================================
* Summary: 
+-----------------+---------+-------+--------+--------+
|       Name      | BRAM_18K| DSP48E|   FF   |   LUT  |
+-----------------+---------+-------+--------+--------+
|DSP              |        -|      -|       -|       -|
|Expression       |        -|      -|      40|     635|
|FIFO             |        -|      -|       -|       -|
|Instance         |        -|      -|       -|       -|
|Memory           |        -|      -|       -|       -|
|Multiplexer      |        -|      -|       -|      15|
|Register         |        -|      -|      68|       -|
+-----------------+---------+-------+--------+--------+
|Total            |        0|      0|     108|     650|
+-----------------+---------+-------+--------+--------+
|Available        |      650|    600|  202800|  101400|
+-----------------+---------+-------+--------+--------+
|Utilization (%)  |        0|      0|   ~0   |   ~0   |
+-----------------+---------+-------+--------+--------+

+ Detail: 
    * Instance: 
    N/A

    * DSP48: 
    N/A

    * Memory: 
    N/A

    * FIFO: 
    N/A

    * Expression: 
    +-------------------------+----------+-------+----+----+------------+------------+
    |      Variable Name      | Operation| DSP48E| FF | LUT| Bitwidth P0| Bitwidth P1|
    +-------------------------+----------+-------+----+----+------------+------------+
    |new_exp_V_2_fu_318_p2    |     +    |      0|   0|  15|           8|           8|
    |new_exp_V_1_fu_210_p2    |     -    |      0|   0|  15|           2|           6|
    |r_V_fu_410_p2            |     -    |      0|   0|  15|           2|           6|
    |tmp_2_fu_433_p2          |     -    |      0|   0|  15|           1|           6|
    |xf_V_2_fu_256_p2         |     -    |      0|   0|  33|          26|          26|
    |xf_V_4_fu_158_p2         |     -    |      0|   0|  33|          26|          26|
    |newSel_fu_354_p2         |    and   |      0|   0|   6|           1|           1|
    |sel_tmp1_fu_296_p2       |    and   |      0|   0|   6|           1|           1|
    |sel_tmp3_fu_348_p2       |    and   |      0|   0|   6|           1|           1|
    |sel_tmp5_fu_324_p2       |    and   |      0|   0|   6|           1|           1|
    |sel_tmp8_fu_336_p2       |    and   |      0|   0|   6|           1|           1|
    |val_assign_fu_182_p3     |   cttz   |      0|  40|  36|          32|           0|
    |tmp_1_fu_140_p2          |   icmp   |      0|   0|  11|           8|           1|
    |tmp_3_fu_228_p2          |   icmp   |      0|   0|  11|           8|           8|
    |tmp_4_fu_194_p2          |   icmp   |      0|   0|  11|           5|           2|
    |tmp_5_fu_200_p2          |   icmp   |      0|   0|  11|           8|           2|
    |tmp_fu_126_p2            |   icmp   |      0|   0|  18|          23|          22|
    |tmp_9_fu_449_p2          |   lshr   |      0|   0|  68|          26|          26|
    |or_cond1_fu_382_p2       |    or    |      0|   0|   6|           1|           1|
    |or_cond2_fu_396_p2       |    or    |      0|   0|   6|           1|           1|
    |or_cond_fu_368_p2        |    or    |      0|   0|   6|           1|           1|
    |newSel1_fu_374_p3        |  select  |      0|   0|   8|           1|           8|
    |newSel2_fu_388_p3        |  select  |      0|   0|   8|           1|           8|
    |newSel_cast_fu_360_p3    |  select  |      0|   0|   2|           1|           2|
    |new_mant_V_3_fu_302_p3   |  select  |      0|   0|  23|           1|          23|
    |new_mant_V_4_fu_310_p3   |  select  |      0|   0|  23|           1|          23|
    |new_mant_V_5_fu_462_p3   |  select  |      0|   0|  23|           1|          23|
    |new_mant_V_6_fu_470_p3   |  select  |      0|   0|  23|           1|          23|
    |new_mant_V_7_fu_476_p3   |  select  |      0|   0|  23|           1|          23|
    |new_mant_V_8_fu_282_p3   |  select  |      0|   0|  23|           1|          23|
    |new_mant_V_fu_483_p3     |  select  |      0|   0|  23|           1|          23|
    |p_Repl2_1_fu_402_p3      |  select  |      0|   0|   8|           1|           8|
    |p_cast_cast_fu_132_p3    |  select  |      0|   0|   2|           1|           2|
    |r_V_cast_cast_fu_220_p3  |  select  |      0|   0|   3|           1|           3|
    |tmp_6_fu_443_p2          |    shl   |      0|   0|  85|          32|          32|
    |sel_tmp2_fu_342_p2       |    xor   |      0|   0|   6|           1|           2|
    |sel_tmp7_fu_330_p2       |    xor   |      0|   0|   6|           1|           2|
    |sel_tmp_fu_290_p2        |    xor   |      0|   0|   6|           1|           2|
    +-------------------------+----------+-------+----+----+------------+------------+
    |Total                    |          |      0|  40| 635|         231|         377|
    +-------------------------+----------+-------+----+----+------------+------------+

    * Multiplexer: 
    +-----------+----+-----------+-----+-----------+
    |    Name   | LUT| Input Size| Bits| Total Bits|
    +-----------+----+-----------+-----+-----------+
    |ap_NS_fsm  |  15|          3|    1|          3|
    +-----------+----+-----------+-----+-----------+
    |Total      |  15|          3|    1|          3|
    +-----------+----+-----------+-----+-----------+

    * Register: 
    +----------------------+----+----+-----+-----------+
    |         Name         | FF | LUT| Bits| Const Bits|
    +----------------------+----+----+-----+-----------+
    |ap_CS_fsm             |   2|   0|    2|          0|
    |new_mant_V_4_reg_518  |  23|   0|   23|          0|
    |p_Repl2_1_reg_539     |   8|   0|    8|          0|
    |p_Repl2_2_reg_501     |   1|   0|    1|          0|
    |sel_tmp3_reg_534      |   1|   0|    1|          0|
    |sel_tmp5_reg_524      |   1|   0|    1|          0|
    |sel_tmp8_reg_529      |   1|   0|    1|          0|
    |tmp_6_cast_reg_513    |   5|   0|    6|          1|
    |xf_V_4_reg_506        |  26|   0|   26|          0|
    +----------------------+----+----+-----+-----------+
    |Total                 |  68|   0|   69|          1|
    +----------------------+----+----+-----+-----------+



================================================================
== Interface
================================================================
* Summary: 
+-----------+-----+-----+------------+---------------------+--------------+
| RTL Ports | Dir | Bits|  Protocol  |    Source Object    |    C Type    |
+-----------+-----+-----+------------+---------------------+--------------+
|ap_clk     |  in |    1| ap_ctrl_hs | operator_float_div3 | return value |
|ap_rst     |  in |    1| ap_ctrl_hs | operator_float_div3 | return value |
|ap_start   |  in |    1| ap_ctrl_hs | operator_float_div3 | return value |
|ap_done    | out |    1| ap_ctrl_hs | operator_float_div3 | return value |
|ap_idle    | out |    1| ap_ctrl_hs | operator_float_div3 | return value |
|ap_ready   | out |    1| ap_ctrl_hs | operator_float_div3 | return value |
|ap_return  | out |   32| ap_ctrl_hs | operator_float_div3 | return value |
|in_r       |  in |   32|   ap_none  |         in_r        |    scalar    |
+-----------+-----+-----+------------+---------------------+--------------+

