Copyright 1986-2018 Xilinx, Inc. All Rights Reserved.
------------------------------------------------------------------------------------
| Tool Version : Vivado v.2018.2 (lin64) Build 2258646 Thu Jun 14 20:02:38 MDT 2018
| Date         : Thu Aug 23 12:25:51 2018
| Host         : duazel-portable running 64-bit Ubuntu 16.04.5 LTS
| Command      : report_timing -file ./report/int_32_mul3_timing_synth.rpt
| Design       : int_32_mul3
| Device       : 7k160t-fbg484
| Speed File   : -1  PRODUCTION 1.12 2017-02-17
------------------------------------------------------------------------------------

Timing Report

Slack (MET) :             8.272ns  (required time - arrival time)
  Source:                 grp_lut_mul3_chunk_fu_101/ap_CS_fsm_reg[0]/C
                            (rising edge-triggered cell FDSE clocked by ap_clk  {rise@0.000ns fall@5.000ns period=10.000ns})
  Destination:            ap_CS_fsm_reg[0]/D
                            (rising edge-triggered cell FDSE clocked by ap_clk  {rise@0.000ns fall@5.000ns period=10.000ns})
  Path Group:             ap_clk
  Path Type:              Setup (Max at Slow Process Corner)
  Requirement:            10.000ns  (ap_clk rise@10.000ns - ap_clk rise@0.000ns)
  Data Path Delay:        1.708ns  (logic 0.487ns (28.513%)  route 1.221ns (71.487%))
  Logic Levels:           2  (LUT6=2)
  Clock Path Skew:        -0.034ns (DCD - SCD + CPR)
    Destination Clock Delay (DCD):    0.638ns = ( 10.638 - 10.000 ) 
    Source Clock Delay      (SCD):    0.672ns
    Clock Pessimism Removal (CPR):    0.000ns
  Clock Uncertainty:      0.035ns  ((TSJ^2 + TIJ^2)^1/2 + DJ) / 2 + PE
    Total System Jitter     (TSJ):    0.071ns
    Total Input Jitter      (TIJ):    0.000ns
    Discrete Jitter          (DJ):    0.000ns
    Phase Error              (PE):    0.000ns

    Location             Delay type                Incr(ns)  Path(ns)    Netlist Resource(s)
  -------------------------------------------------------------------    -------------------
                         (clock ap_clk rise edge)     0.000     0.000 r  
                                                      0.000     0.000 r  ap_clk (IN)
                         net (fo=135, unset)          0.672     0.672    grp_lut_mul3_chunk_fu_101/ap_clk
                         FDSE                                         r  grp_lut_mul3_chunk_fu_101/ap_CS_fsm_reg[0]/C
  -------------------------------------------------------------------    -------------------
                         FDSE (Prop_fdse_C_Q)         0.281     0.953 r  grp_lut_mul3_chunk_fu_101/ap_CS_fsm_reg[0]/Q
                         net (fo=4, unplaced)         0.682     1.635    grp_lut_mul3_chunk_fu_101/ap_CS_fsm_reg_n_0_[0]
                         LUT6 (Prop_lut6_I0_O)        0.153     1.788 f  grp_lut_mul3_chunk_fu_101/ap_ready_INST_0_i_1/O
                         net (fo=3, unplaced)         0.539     2.327    grp_lut_mul3_chunk_fu_101/ap_ready_INST_0_i_1_n_0
                         LUT6 (Prop_lut6_I1_O)        0.053     2.380 r  grp_lut_mul3_chunk_fu_101/ap_CS_fsm[0]_i_1__5/O
                         net (fo=1, unplaced)         0.000     2.380    ap_NS_fsm[0]
                         FDSE                                         r  ap_CS_fsm_reg[0]/D
  -------------------------------------------------------------------    -------------------

                         (clock ap_clk rise edge)    10.000    10.000 r  
                                                      0.000    10.000 r  ap_clk (IN)
                         net (fo=135, unset)          0.638    10.638    ap_clk
                         FDSE                                         r  ap_CS_fsm_reg[0]/C
                         clock pessimism              0.000    10.638    
                         clock uncertainty           -0.035    10.603    
                         FDSE (Setup_fdse_C_D)        0.049    10.652    ap_CS_fsm_reg[0]
  -------------------------------------------------------------------
                         required time                         10.652    
                         arrival time                          -2.380    
  -------------------------------------------------------------------
                         slack                                  8.272    




