Copyright 1986-2018 Xilinx, Inc. All Rights Reserved.
------------------------------------------------------------------------------------
| Tool Version : Vivado v.2018.2 (lin64) Build 2258646 Thu Jun 14 20:02:38 MDT 2018
| Date         : Mon Jul 30 12:02:07 2018
| Host         : duazel-portable running 64-bit Ubuntu 16.04.5 LTS
| Command      : report_timing -file ./report/float_div3_timing_synth.rpt
| Design       : float_div3
| Device       : 7k160t-fbg484
| Speed File   : -1  PRODUCTION 1.12 2017-02-17
------------------------------------------------------------------------------------

Timing Report

Slack (MET) :             6.130ns  (required time - arrival time)
  Source:                 p_Result_16_11_i_i_reg_654_reg[1]/C
                            (rising edge-triggered cell FDRE clocked by ap_clk  {rise@0.000ns fall@5.000ns period=10.000ns})
  Destination:            q_chunk_V_0_3_i_i_reg_664_reg[0]/D
                            (rising edge-triggered cell FDRE clocked by ap_clk  {rise@0.000ns fall@5.000ns period=10.000ns})
  Path Group:             ap_clk
  Path Type:              Setup (Max at Slow Process Corner)
  Requirement:            10.000ns  (ap_clk rise@10.000ns - ap_clk rise@0.000ns)
  Data Path Delay:        3.850ns  (logic 0.702ns (18.234%)  route 3.148ns (81.766%))
  Logic Levels:           6  (LUT3=2 LUT6=4)
  Clock Path Skew:        -0.034ns (DCD - SCD + CPR)
    Destination Clock Delay (DCD):    0.638ns = ( 10.638 - 10.000 ) 
    Source Clock Delay      (SCD):    0.672ns
    Clock Pessimism Removal (CPR):    0.000ns
  Clock Uncertainty:      0.035ns  ((TSJ^2 + TIJ^2)^1/2 + DJ) / 2 + PE
    Total System Jitter     (TSJ):    0.071ns
    Total Input Jitter      (TIJ):    0.000ns
    Discrete Jitter          (DJ):    0.000ns
    Phase Error              (PE):    0.000ns

    Location             Delay type                Incr(ns)  Path(ns)    Netlist Resource(s)
  -------------------------------------------------------------------    -------------------
                         (clock ap_clk rise edge)     0.000     0.000 r  
                                                      0.000     0.000 r  ap_clk (IN)
                         net (fo=91, unset)           0.672     0.672    ap_clk
                         FDRE                                         r  p_Result_16_11_i_i_reg_654_reg[1]/C
  -------------------------------------------------------------------    -------------------
                         FDRE (Prop_fdre_C_Q)         0.281     0.953 r  p_Result_16_11_i_i_reg_654_reg[1]/Q
                         net (fo=1, unplaced)         0.532     1.485    p_Result_16_11_i_i_reg_654[1]
                         LUT3 (Prop_lut3_I0_O)        0.153     1.638 r  ap_return[3]_INST_0_i_5/O
                         net (fo=1, unplaced)         0.664     2.302    ap_return[3]_INST_0_i_5_n_0
                         LUT6 (Prop_lut6_I0_O)        0.053     2.355 r  ap_return[3]_INST_0_i_3/O
                         net (fo=13, unplaced)        0.571     2.926    ap_return[3]_INST_0_i_3_n_0
                         LUT6 (Prop_lut6_I0_O)        0.053     2.979 f  ap_return[1]_INST_0_i_13/O
                         net (fo=1, unplaced)         0.664     3.643    ap_return[1]_INST_0_i_13_n_0
                         LUT6 (Prop_lut6_I0_O)        0.053     3.696 r  ap_return[1]_INST_0_i_5/O
                         net (fo=6, unplaced)         0.342     4.038    ap_return[1]_INST_0_i_5_n_0
                         LUT6 (Prop_lut6_I3_O)        0.053     4.091 r  ap_return[0]_INST_0_i_1/O
                         net (fo=7, unplaced)         0.375     4.466    grp_lut_div9_chunk_fu_128_ap_return_0[0]
                         LUT3 (Prop_lut3_I0_O)        0.056     4.522 r  q_chunk_V_0_3_i_i_reg_664[0]_i_1/O
                         net (fo=1, unplaced)         0.000     4.522    q_chunk_V_0_3_i_i_reg_664[0]_i_1_n_0
                         FDRE                                         r  q_chunk_V_0_3_i_i_reg_664_reg[0]/D
  -------------------------------------------------------------------    -------------------

                         (clock ap_clk rise edge)    10.000    10.000 r  
                                                      0.000    10.000 r  ap_clk (IN)
                         net (fo=91, unset)           0.638    10.638    ap_clk
                         FDRE                                         r  q_chunk_V_0_3_i_i_reg_664_reg[0]/C
                         clock pessimism              0.000    10.638    
                         clock uncertainty           -0.035    10.603    
                         FDRE (Setup_fdre_C_D)        0.049    10.652    q_chunk_V_0_3_i_i_reg_664_reg[0]
  -------------------------------------------------------------------
                         required time                         10.652    
                         arrival time                          -4.522    
  -------------------------------------------------------------------
                         slack                                  6.130    




