

================================================================
== Vivado HLS Report for 'int_32_div29'
================================================================
* Date:           Tue Jul 31 15:58:39 2018

* Version:        2018.2 (Build 2258646 on Thu Jun 14 20:25:20 MDT 2018)
* Project:        fir_prj
* Solution:       solution1
* Product family: kintex7
* Target device:  xc7k160tfbg484-1


================================================================
== Performance Estimates
================================================================
+ Timing (ns): 
    * Summary: 
    +--------+-------+----------+------------+
    |  Clock | Target| Estimated| Uncertainty|
    +--------+-------+----------+------------+
    |ap_clk  |  10.00|     8.334|        1.25|
    +--------+-------+----------+------------+

+ Latency (clock cycles): 
    * Summary: 
    +-----+-----+-----+-----+---------+
    |  Latency  |  Interval | Pipeline|
    | min | max | min | max |   Type  |
    +-----+-----+-----+-----+---------+
    |   15|   15|   15|   15|   none  |
    +-----+-----+-----+-----+---------+

    + Detail: 
        * Instance: 
        N/A

        * Loop: 
        N/A

============================================================
+ Verbose Summary: Synthesis Manager
============================================================
InlineROM: 1
ExposeGlobal: 0
============================================================
+ Verbose Summary: CDFG Model
============================================================
IsTopModel: 0
ResetActiveHigh: 1
IsCombinational: 0
IsDatapathOnly: 0
HasWiredReturn: 1
HasMFsm: 0
HasVarLatency: 1
IsPipeline: 0
IsRtlPipelined: 0
IsInstanceOverlapped: 0
IsDontTouch: 0
HasImplIP: 0
IsGatedGlobalClock: 0


============================================================
+ Verbose Summary: Schedule
============================================================
* Number of FSM states : 16
* Pipeline : 0
* Dataflow Pipeline: 0

* FSM state transitions: 
1 --> 
	2  / true
2 --> 
	3  / true
3 --> 
	4  / true
4 --> 
	5  / true
5 --> 
	6  / true
6 --> 
	7  / true
7 --> 
	8  / true
8 --> 
	9  / true
9 --> 
	10  / true
10 --> 
	11  / true
11 --> 
	12  / true
12 --> 
	13  / true
13 --> 
	14  / true
14 --> 
	15  / true
15 --> 
	16  / true
16 --> 

* FSM state operations: 

State 1 <SV = 0> <Delay = 8.33>
ST_1 : Operation 17 [1/1] (0.00ns)   --->   "%in_V_read = call i32 @_ssdm_op_Read.ap_auto.i32(i32 %in_V)"   --->   Operation 17 'read' 'in_V_read' <Predicate = true> <Delay = 0.00>
ST_1 : Operation 18 [1/1] (0.00ns)   --->   "%tmp = call i1 @_ssdm_op_BitSelect.i1.i32.i32(i32 %in_V_read, i32 31)" [int_div3.cpp:1251]   --->   Operation 18 'bitselect' 'tmp' <Predicate = true> <Delay = 0.00>
ST_1 : Operation 19 [1/1] (4.16ns)   --->   "%call_ret1 = call fastcc { i5, i1 } @lut_div29_chunk(i1 %tmp, i5 0)" [int_div3.cpp:1252]   --->   Operation 19 'call' 'call_ret1' <Predicate = true> <Delay = 4.16> <CoreType = "Generic">   --->   Core 0 '' <Latency = 0> <II = 1> <Delay = 1.00> <Generic> <Opcode : >
ST_1 : Operation 20 [1/1] (0.00ns)   --->   "%call_ret2 = extractvalue { i5, i1 } %call_ret1, 0" [int_div3.cpp:1252]   --->   Operation 20 'extractvalue' 'call_ret2' <Predicate = true> <Delay = 0.00>
ST_1 : Operation 21 [1/1] (0.00ns)   --->   "%q_chunk_V = extractvalue { i5, i1 } %call_ret1, 1" [int_div3.cpp:1252]   --->   Operation 21 'extractvalue' 'q_chunk_V' <Predicate = true> <Delay = 0.00>
ST_1 : Operation 22 [1/1] (0.00ns)   --->   "%tmp_1 = call i1 @_ssdm_op_BitSelect.i1.i32.i32(i32 %in_V_read, i32 30)" [int_div3.cpp:1251]   --->   Operation 22 'bitselect' 'tmp_1' <Predicate = true> <Delay = 0.00>
ST_1 : Operation 23 [1/1] (4.16ns)   --->   "%call_ret3 = call fastcc { i5, i1 } @lut_div29_chunk(i1 %tmp_1, i5 %call_ret2)" [int_div3.cpp:1252]   --->   Operation 23 'call' 'call_ret3' <Predicate = true> <Delay = 4.16> <CoreType = "Generic">   --->   Core 0 '' <Latency = 0> <II = 1> <Delay = 1.00> <Generic> <Opcode : >
ST_1 : Operation 24 [1/1] (0.00ns)   --->   "%call_ret_1 = extractvalue { i5, i1 } %call_ret3, 0" [int_div3.cpp:1252]   --->   Operation 24 'extractvalue' 'call_ret_1' <Predicate = true> <Delay = 0.00>
ST_1 : Operation 25 [1/1] (0.00ns)   --->   "%q_chunk_V_1 = extractvalue { i5, i1 } %call_ret3, 1" [int_div3.cpp:1252]   --->   Operation 25 'extractvalue' 'q_chunk_V_1' <Predicate = true> <Delay = 0.00>
ST_1 : Operation 26 [1/1] (0.00ns)   --->   "%tmp_2 = call i1 @_ssdm_op_BitSelect.i1.i32.i32(i32 %in_V_read, i32 29)" [int_div3.cpp:1251]   --->   Operation 26 'bitselect' 'tmp_2' <Predicate = true> <Delay = 0.00>
ST_1 : Operation 27 [1/1] (0.00ns)   --->   "%tmp_3 = call i1 @_ssdm_op_BitSelect.i1.i32.i32(i32 %in_V_read, i32 28)" [int_div3.cpp:1251]   --->   Operation 27 'bitselect' 'tmp_3' <Predicate = true> <Delay = 0.00>
ST_1 : Operation 28 [1/1] (0.00ns)   --->   "%tmp_4 = call i1 @_ssdm_op_BitSelect.i1.i32.i32(i32 %in_V_read, i32 27)" [int_div3.cpp:1251]   --->   Operation 28 'bitselect' 'tmp_4' <Predicate = true> <Delay = 0.00>
ST_1 : Operation 29 [1/1] (0.00ns)   --->   "%tmp_5 = call i1 @_ssdm_op_BitSelect.i1.i32.i32(i32 %in_V_read, i32 26)" [int_div3.cpp:1251]   --->   Operation 29 'bitselect' 'tmp_5' <Predicate = true> <Delay = 0.00>
ST_1 : Operation 30 [1/1] (0.00ns)   --->   "%tmp_6 = call i1 @_ssdm_op_BitSelect.i1.i32.i32(i32 %in_V_read, i32 25)" [int_div3.cpp:1251]   --->   Operation 30 'bitselect' 'tmp_6' <Predicate = true> <Delay = 0.00>
ST_1 : Operation 31 [1/1] (0.00ns)   --->   "%tmp_7 = call i1 @_ssdm_op_BitSelect.i1.i32.i32(i32 %in_V_read, i32 24)" [int_div3.cpp:1251]   --->   Operation 31 'bitselect' 'tmp_7' <Predicate = true> <Delay = 0.00>
ST_1 : Operation 32 [1/1] (0.00ns)   --->   "%tmp_8 = call i1 @_ssdm_op_BitSelect.i1.i32.i32(i32 %in_V_read, i32 23)" [int_div3.cpp:1251]   --->   Operation 32 'bitselect' 'tmp_8' <Predicate = true> <Delay = 0.00>
ST_1 : Operation 33 [1/1] (0.00ns)   --->   "%tmp_9 = call i1 @_ssdm_op_BitSelect.i1.i32.i32(i32 %in_V_read, i32 22)" [int_div3.cpp:1251]   --->   Operation 33 'bitselect' 'tmp_9' <Predicate = true> <Delay = 0.00>
ST_1 : Operation 34 [1/1] (0.00ns)   --->   "%tmp_10 = call i1 @_ssdm_op_BitSelect.i1.i32.i32(i32 %in_V_read, i32 21)" [int_div3.cpp:1251]   --->   Operation 34 'bitselect' 'tmp_10' <Predicate = true> <Delay = 0.00>
ST_1 : Operation 35 [1/1] (0.00ns)   --->   "%tmp_11 = call i1 @_ssdm_op_BitSelect.i1.i32.i32(i32 %in_V_read, i32 20)" [int_div3.cpp:1251]   --->   Operation 35 'bitselect' 'tmp_11' <Predicate = true> <Delay = 0.00>
ST_1 : Operation 36 [1/1] (0.00ns)   --->   "%tmp_12 = call i1 @_ssdm_op_BitSelect.i1.i32.i32(i32 %in_V_read, i32 19)" [int_div3.cpp:1251]   --->   Operation 36 'bitselect' 'tmp_12' <Predicate = true> <Delay = 0.00>
ST_1 : Operation 37 [1/1] (0.00ns)   --->   "%tmp_13 = call i1 @_ssdm_op_BitSelect.i1.i32.i32(i32 %in_V_read, i32 18)" [int_div3.cpp:1251]   --->   Operation 37 'bitselect' 'tmp_13' <Predicate = true> <Delay = 0.00>
ST_1 : Operation 38 [1/1] (0.00ns)   --->   "%tmp_14 = call i1 @_ssdm_op_BitSelect.i1.i32.i32(i32 %in_V_read, i32 17)" [int_div3.cpp:1251]   --->   Operation 38 'bitselect' 'tmp_14' <Predicate = true> <Delay = 0.00>
ST_1 : Operation 39 [1/1] (0.00ns)   --->   "%tmp_15 = call i1 @_ssdm_op_BitSelect.i1.i32.i32(i32 %in_V_read, i32 16)" [int_div3.cpp:1251]   --->   Operation 39 'bitselect' 'tmp_15' <Predicate = true> <Delay = 0.00>
ST_1 : Operation 40 [1/1] (0.00ns)   --->   "%tmp_16 = call i1 @_ssdm_op_BitSelect.i1.i32.i32(i32 %in_V_read, i32 15)" [int_div3.cpp:1251]   --->   Operation 40 'bitselect' 'tmp_16' <Predicate = true> <Delay = 0.00>
ST_1 : Operation 41 [1/1] (0.00ns)   --->   "%tmp_17 = call i1 @_ssdm_op_BitSelect.i1.i32.i32(i32 %in_V_read, i32 14)" [int_div3.cpp:1251]   --->   Operation 41 'bitselect' 'tmp_17' <Predicate = true> <Delay = 0.00>
ST_1 : Operation 42 [1/1] (0.00ns)   --->   "%tmp_18 = call i1 @_ssdm_op_BitSelect.i1.i32.i32(i32 %in_V_read, i32 13)" [int_div3.cpp:1251]   --->   Operation 42 'bitselect' 'tmp_18' <Predicate = true> <Delay = 0.00>
ST_1 : Operation 43 [1/1] (0.00ns)   --->   "%tmp_19 = call i1 @_ssdm_op_BitSelect.i1.i32.i32(i32 %in_V_read, i32 12)" [int_div3.cpp:1251]   --->   Operation 43 'bitselect' 'tmp_19' <Predicate = true> <Delay = 0.00>
ST_1 : Operation 44 [1/1] (0.00ns)   --->   "%tmp_20 = call i1 @_ssdm_op_BitSelect.i1.i32.i32(i32 %in_V_read, i32 11)" [int_div3.cpp:1251]   --->   Operation 44 'bitselect' 'tmp_20' <Predicate = true> <Delay = 0.00>
ST_1 : Operation 45 [1/1] (0.00ns)   --->   "%tmp_21 = call i1 @_ssdm_op_BitSelect.i1.i32.i32(i32 %in_V_read, i32 10)" [int_div3.cpp:1251]   --->   Operation 45 'bitselect' 'tmp_21' <Predicate = true> <Delay = 0.00>
ST_1 : Operation 46 [1/1] (0.00ns)   --->   "%tmp_22 = call i1 @_ssdm_op_BitSelect.i1.i32.i32(i32 %in_V_read, i32 9)" [int_div3.cpp:1251]   --->   Operation 46 'bitselect' 'tmp_22' <Predicate = true> <Delay = 0.00>
ST_1 : Operation 47 [1/1] (0.00ns)   --->   "%tmp_23 = call i1 @_ssdm_op_BitSelect.i1.i32.i32(i32 %in_V_read, i32 8)" [int_div3.cpp:1251]   --->   Operation 47 'bitselect' 'tmp_23' <Predicate = true> <Delay = 0.00>
ST_1 : Operation 48 [1/1] (0.00ns)   --->   "%tmp_24 = call i1 @_ssdm_op_BitSelect.i1.i32.i32(i32 %in_V_read, i32 7)" [int_div3.cpp:1251]   --->   Operation 48 'bitselect' 'tmp_24' <Predicate = true> <Delay = 0.00>
ST_1 : Operation 49 [1/1] (0.00ns)   --->   "%tmp_25 = call i1 @_ssdm_op_BitSelect.i1.i32.i32(i32 %in_V_read, i32 6)" [int_div3.cpp:1251]   --->   Operation 49 'bitselect' 'tmp_25' <Predicate = true> <Delay = 0.00>
ST_1 : Operation 50 [1/1] (0.00ns)   --->   "%tmp_26 = call i1 @_ssdm_op_BitSelect.i1.i32.i32(i32 %in_V_read, i32 5)" [int_div3.cpp:1251]   --->   Operation 50 'bitselect' 'tmp_26' <Predicate = true> <Delay = 0.00>
ST_1 : Operation 51 [1/1] (0.00ns)   --->   "%tmp_27 = call i1 @_ssdm_op_BitSelect.i1.i32.i32(i32 %in_V_read, i32 4)" [int_div3.cpp:1251]   --->   Operation 51 'bitselect' 'tmp_27' <Predicate = true> <Delay = 0.00>
ST_1 : Operation 52 [1/1] (0.00ns)   --->   "%tmp_28 = call i1 @_ssdm_op_BitSelect.i1.i32.i32(i32 %in_V_read, i32 3)" [int_div3.cpp:1251]   --->   Operation 52 'bitselect' 'tmp_28' <Predicate = true> <Delay = 0.00>
ST_1 : Operation 53 [1/1] (0.00ns)   --->   "%tmp_29 = call i1 @_ssdm_op_BitSelect.i1.i32.i32(i32 %in_V_read, i32 2)" [int_div3.cpp:1251]   --->   Operation 53 'bitselect' 'tmp_29' <Predicate = true> <Delay = 0.00>
ST_1 : Operation 54 [1/1] (0.00ns)   --->   "%tmp_30 = call i1 @_ssdm_op_BitSelect.i1.i32.i32(i32 %in_V_read, i32 1)" [int_div3.cpp:1251]   --->   Operation 54 'bitselect' 'tmp_30' <Predicate = true> <Delay = 0.00>
ST_1 : Operation 55 [1/1] (0.00ns)   --->   "%tmp_31 = trunc i32 %in_V_read to i1" [int_div3.cpp:1251]   --->   Operation 55 'trunc' 'tmp_31' <Predicate = true> <Delay = 0.00>

State 2 <SV = 1> <Delay = 8.33>
ST_2 : Operation 56 [1/1] (4.16ns)   --->   "%call_ret4 = call fastcc { i5, i1 } @lut_div29_chunk(i1 %tmp_2, i5 %call_ret_1)" [int_div3.cpp:1252]   --->   Operation 56 'call' 'call_ret4' <Predicate = true> <Delay = 4.16> <CoreType = "Generic">   --->   Core 0 '' <Latency = 0> <II = 1> <Delay = 1.00> <Generic> <Opcode : >
ST_2 : Operation 57 [1/1] (0.00ns)   --->   "%call_ret_2 = extractvalue { i5, i1 } %call_ret4, 0" [int_div3.cpp:1252]   --->   Operation 57 'extractvalue' 'call_ret_2' <Predicate = true> <Delay = 0.00>
ST_2 : Operation 58 [1/1] (0.00ns)   --->   "%q_chunk_V_2 = extractvalue { i5, i1 } %call_ret4, 1" [int_div3.cpp:1252]   --->   Operation 58 'extractvalue' 'q_chunk_V_2' <Predicate = true> <Delay = 0.00>
ST_2 : Operation 59 [1/1] (4.16ns)   --->   "%call_ret5 = call fastcc { i5, i1 } @lut_div29_chunk(i1 %tmp_3, i5 %call_ret_2)" [int_div3.cpp:1252]   --->   Operation 59 'call' 'call_ret5' <Predicate = true> <Delay = 4.16> <CoreType = "Generic">   --->   Core 0 '' <Latency = 0> <II = 1> <Delay = 1.00> <Generic> <Opcode : >
ST_2 : Operation 60 [1/1] (0.00ns)   --->   "%call_ret_3 = extractvalue { i5, i1 } %call_ret5, 0" [int_div3.cpp:1252]   --->   Operation 60 'extractvalue' 'call_ret_3' <Predicate = true> <Delay = 0.00>
ST_2 : Operation 61 [1/1] (0.00ns)   --->   "%q_chunk_V_3 = extractvalue { i5, i1 } %call_ret5, 1" [int_div3.cpp:1252]   --->   Operation 61 'extractvalue' 'q_chunk_V_3' <Predicate = true> <Delay = 0.00>

State 3 <SV = 2> <Delay = 8.33>
ST_3 : Operation 62 [1/1] (4.16ns)   --->   "%call_ret6 = call fastcc { i5, i1 } @lut_div29_chunk(i1 %tmp_4, i5 %call_ret_3)" [int_div3.cpp:1252]   --->   Operation 62 'call' 'call_ret6' <Predicate = true> <Delay = 4.16> <CoreType = "Generic">   --->   Core 0 '' <Latency = 0> <II = 1> <Delay = 1.00> <Generic> <Opcode : >
ST_3 : Operation 63 [1/1] (0.00ns)   --->   "%call_ret_4 = extractvalue { i5, i1 } %call_ret6, 0" [int_div3.cpp:1252]   --->   Operation 63 'extractvalue' 'call_ret_4' <Predicate = true> <Delay = 0.00>
ST_3 : Operation 64 [1/1] (0.00ns)   --->   "%q_chunk_V_4 = extractvalue { i5, i1 } %call_ret6, 1" [int_div3.cpp:1252]   --->   Operation 64 'extractvalue' 'q_chunk_V_4' <Predicate = true> <Delay = 0.00>
ST_3 : Operation 65 [1/1] (4.16ns)   --->   "%call_ret7 = call fastcc { i5, i1 } @lut_div29_chunk(i1 %tmp_5, i5 %call_ret_4)" [int_div3.cpp:1252]   --->   Operation 65 'call' 'call_ret7' <Predicate = true> <Delay = 4.16> <CoreType = "Generic">   --->   Core 0 '' <Latency = 0> <II = 1> <Delay = 1.00> <Generic> <Opcode : >
ST_3 : Operation 66 [1/1] (0.00ns)   --->   "%call_ret_5 = extractvalue { i5, i1 } %call_ret7, 0" [int_div3.cpp:1252]   --->   Operation 66 'extractvalue' 'call_ret_5' <Predicate = true> <Delay = 0.00>
ST_3 : Operation 67 [1/1] (0.00ns)   --->   "%q_chunk_V_5 = extractvalue { i5, i1 } %call_ret7, 1" [int_div3.cpp:1252]   --->   Operation 67 'extractvalue' 'q_chunk_V_5' <Predicate = true> <Delay = 0.00>

State 4 <SV = 3> <Delay = 8.33>
ST_4 : Operation 68 [1/1] (4.16ns)   --->   "%call_ret8 = call fastcc { i5, i1 } @lut_div29_chunk(i1 %tmp_6, i5 %call_ret_5)" [int_div3.cpp:1252]   --->   Operation 68 'call' 'call_ret8' <Predicate = true> <Delay = 4.16> <CoreType = "Generic">   --->   Core 0 '' <Latency = 0> <II = 1> <Delay = 1.00> <Generic> <Opcode : >
ST_4 : Operation 69 [1/1] (0.00ns)   --->   "%call_ret_6 = extractvalue { i5, i1 } %call_ret8, 0" [int_div3.cpp:1252]   --->   Operation 69 'extractvalue' 'call_ret_6' <Predicate = true> <Delay = 0.00>
ST_4 : Operation 70 [1/1] (0.00ns)   --->   "%q_chunk_V_6 = extractvalue { i5, i1 } %call_ret8, 1" [int_div3.cpp:1252]   --->   Operation 70 'extractvalue' 'q_chunk_V_6' <Predicate = true> <Delay = 0.00>
ST_4 : Operation 71 [1/1] (4.16ns)   --->   "%call_ret9 = call fastcc { i5, i1 } @lut_div29_chunk(i1 %tmp_7, i5 %call_ret_6)" [int_div3.cpp:1252]   --->   Operation 71 'call' 'call_ret9' <Predicate = true> <Delay = 4.16> <CoreType = "Generic">   --->   Core 0 '' <Latency = 0> <II = 1> <Delay = 1.00> <Generic> <Opcode : >
ST_4 : Operation 72 [1/1] (0.00ns)   --->   "%call_ret_7 = extractvalue { i5, i1 } %call_ret9, 0" [int_div3.cpp:1252]   --->   Operation 72 'extractvalue' 'call_ret_7' <Predicate = true> <Delay = 0.00>
ST_4 : Operation 73 [1/1] (0.00ns)   --->   "%q_chunk_V_7 = extractvalue { i5, i1 } %call_ret9, 1" [int_div3.cpp:1252]   --->   Operation 73 'extractvalue' 'q_chunk_V_7' <Predicate = true> <Delay = 0.00>

State 5 <SV = 4> <Delay = 8.33>
ST_5 : Operation 74 [1/1] (4.16ns)   --->   "%call_ret10 = call fastcc { i5, i1 } @lut_div29_chunk(i1 %tmp_8, i5 %call_ret_7)" [int_div3.cpp:1252]   --->   Operation 74 'call' 'call_ret10' <Predicate = true> <Delay = 4.16> <CoreType = "Generic">   --->   Core 0 '' <Latency = 0> <II = 1> <Delay = 1.00> <Generic> <Opcode : >
ST_5 : Operation 75 [1/1] (0.00ns)   --->   "%call_ret_8 = extractvalue { i5, i1 } %call_ret10, 0" [int_div3.cpp:1252]   --->   Operation 75 'extractvalue' 'call_ret_8' <Predicate = true> <Delay = 0.00>
ST_5 : Operation 76 [1/1] (0.00ns)   --->   "%q_chunk_V_8 = extractvalue { i5, i1 } %call_ret10, 1" [int_div3.cpp:1252]   --->   Operation 76 'extractvalue' 'q_chunk_V_8' <Predicate = true> <Delay = 0.00>
ST_5 : Operation 77 [1/1] (4.16ns)   --->   "%call_ret11 = call fastcc { i5, i1 } @lut_div29_chunk(i1 %tmp_9, i5 %call_ret_8)" [int_div3.cpp:1252]   --->   Operation 77 'call' 'call_ret11' <Predicate = true> <Delay = 4.16> <CoreType = "Generic">   --->   Core 0 '' <Latency = 0> <II = 1> <Delay = 1.00> <Generic> <Opcode : >
ST_5 : Operation 78 [1/1] (0.00ns)   --->   "%call_ret_9 = extractvalue { i5, i1 } %call_ret11, 0" [int_div3.cpp:1252]   --->   Operation 78 'extractvalue' 'call_ret_9' <Predicate = true> <Delay = 0.00>
ST_5 : Operation 79 [1/1] (0.00ns)   --->   "%q_chunk_V_9 = extractvalue { i5, i1 } %call_ret11, 1" [int_div3.cpp:1252]   --->   Operation 79 'extractvalue' 'q_chunk_V_9' <Predicate = true> <Delay = 0.00>

State 6 <SV = 5> <Delay = 8.33>
ST_6 : Operation 80 [1/1] (4.16ns)   --->   "%call_ret12 = call fastcc { i5, i1 } @lut_div29_chunk(i1 %tmp_10, i5 %call_ret_9)" [int_div3.cpp:1252]   --->   Operation 80 'call' 'call_ret12' <Predicate = true> <Delay = 4.16> <CoreType = "Generic">   --->   Core 0 '' <Latency = 0> <II = 1> <Delay = 1.00> <Generic> <Opcode : >
ST_6 : Operation 81 [1/1] (0.00ns)   --->   "%call_ret_s = extractvalue { i5, i1 } %call_ret12, 0" [int_div3.cpp:1252]   --->   Operation 81 'extractvalue' 'call_ret_s' <Predicate = true> <Delay = 0.00>
ST_6 : Operation 82 [1/1] (0.00ns)   --->   "%q_chunk_V_10 = extractvalue { i5, i1 } %call_ret12, 1" [int_div3.cpp:1252]   --->   Operation 82 'extractvalue' 'q_chunk_V_10' <Predicate = true> <Delay = 0.00>
ST_6 : Operation 83 [1/1] (4.16ns)   --->   "%call_ret13 = call fastcc { i5, i1 } @lut_div29_chunk(i1 %tmp_11, i5 %call_ret_s)" [int_div3.cpp:1252]   --->   Operation 83 'call' 'call_ret13' <Predicate = true> <Delay = 4.16> <CoreType = "Generic">   --->   Core 0 '' <Latency = 0> <II = 1> <Delay = 1.00> <Generic> <Opcode : >
ST_6 : Operation 84 [1/1] (0.00ns)   --->   "%call_ret_10 = extractvalue { i5, i1 } %call_ret13, 0" [int_div3.cpp:1252]   --->   Operation 84 'extractvalue' 'call_ret_10' <Predicate = true> <Delay = 0.00>
ST_6 : Operation 85 [1/1] (0.00ns)   --->   "%q_chunk_V_11 = extractvalue { i5, i1 } %call_ret13, 1" [int_div3.cpp:1252]   --->   Operation 85 'extractvalue' 'q_chunk_V_11' <Predicate = true> <Delay = 0.00>

State 7 <SV = 6> <Delay = 8.33>
ST_7 : Operation 86 [1/1] (4.16ns)   --->   "%call_ret14 = call fastcc { i5, i1 } @lut_div29_chunk(i1 %tmp_12, i5 %call_ret_10)" [int_div3.cpp:1252]   --->   Operation 86 'call' 'call_ret14' <Predicate = true> <Delay = 4.16> <CoreType = "Generic">   --->   Core 0 '' <Latency = 0> <II = 1> <Delay = 1.00> <Generic> <Opcode : >
ST_7 : Operation 87 [1/1] (0.00ns)   --->   "%call_ret_11 = extractvalue { i5, i1 } %call_ret14, 0" [int_div3.cpp:1252]   --->   Operation 87 'extractvalue' 'call_ret_11' <Predicate = true> <Delay = 0.00>
ST_7 : Operation 88 [1/1] (0.00ns)   --->   "%q_chunk_V_12 = extractvalue { i5, i1 } %call_ret14, 1" [int_div3.cpp:1252]   --->   Operation 88 'extractvalue' 'q_chunk_V_12' <Predicate = true> <Delay = 0.00>
ST_7 : Operation 89 [1/1] (4.16ns)   --->   "%call_ret15 = call fastcc { i5, i1 } @lut_div29_chunk(i1 %tmp_13, i5 %call_ret_11)" [int_div3.cpp:1252]   --->   Operation 89 'call' 'call_ret15' <Predicate = true> <Delay = 4.16> <CoreType = "Generic">   --->   Core 0 '' <Latency = 0> <II = 1> <Delay = 1.00> <Generic> <Opcode : >
ST_7 : Operation 90 [1/1] (0.00ns)   --->   "%call_ret_12 = extractvalue { i5, i1 } %call_ret15, 0" [int_div3.cpp:1252]   --->   Operation 90 'extractvalue' 'call_ret_12' <Predicate = true> <Delay = 0.00>
ST_7 : Operation 91 [1/1] (0.00ns)   --->   "%q_chunk_V_13 = extractvalue { i5, i1 } %call_ret15, 1" [int_div3.cpp:1252]   --->   Operation 91 'extractvalue' 'q_chunk_V_13' <Predicate = true> <Delay = 0.00>

State 8 <SV = 7> <Delay = 8.33>
ST_8 : Operation 92 [1/1] (4.16ns)   --->   "%call_ret16 = call fastcc { i5, i1 } @lut_div29_chunk(i1 %tmp_14, i5 %call_ret_12)" [int_div3.cpp:1252]   --->   Operation 92 'call' 'call_ret16' <Predicate = true> <Delay = 4.16> <CoreType = "Generic">   --->   Core 0 '' <Latency = 0> <II = 1> <Delay = 1.00> <Generic> <Opcode : >
ST_8 : Operation 93 [1/1] (0.00ns)   --->   "%call_ret_13 = extractvalue { i5, i1 } %call_ret16, 0" [int_div3.cpp:1252]   --->   Operation 93 'extractvalue' 'call_ret_13' <Predicate = true> <Delay = 0.00>
ST_8 : Operation 94 [1/1] (0.00ns)   --->   "%q_chunk_V_14 = extractvalue { i5, i1 } %call_ret16, 1" [int_div3.cpp:1252]   --->   Operation 94 'extractvalue' 'q_chunk_V_14' <Predicate = true> <Delay = 0.00>
ST_8 : Operation 95 [1/1] (4.16ns)   --->   "%call_ret17 = call fastcc { i5, i1 } @lut_div29_chunk(i1 %tmp_15, i5 %call_ret_13)" [int_div3.cpp:1252]   --->   Operation 95 'call' 'call_ret17' <Predicate = true> <Delay = 4.16> <CoreType = "Generic">   --->   Core 0 '' <Latency = 0> <II = 1> <Delay = 1.00> <Generic> <Opcode : >
ST_8 : Operation 96 [1/1] (0.00ns)   --->   "%call_ret_14 = extractvalue { i5, i1 } %call_ret17, 0" [int_div3.cpp:1252]   --->   Operation 96 'extractvalue' 'call_ret_14' <Predicate = true> <Delay = 0.00>
ST_8 : Operation 97 [1/1] (0.00ns)   --->   "%q_chunk_V_15 = extractvalue { i5, i1 } %call_ret17, 1" [int_div3.cpp:1252]   --->   Operation 97 'extractvalue' 'q_chunk_V_15' <Predicate = true> <Delay = 0.00>

State 9 <SV = 8> <Delay = 8.33>
ST_9 : Operation 98 [1/1] (4.16ns)   --->   "%call_ret18 = call fastcc { i5, i1 } @lut_div29_chunk(i1 %tmp_16, i5 %call_ret_14)" [int_div3.cpp:1252]   --->   Operation 98 'call' 'call_ret18' <Predicate = true> <Delay = 4.16> <CoreType = "Generic">   --->   Core 0 '' <Latency = 0> <II = 1> <Delay = 1.00> <Generic> <Opcode : >
ST_9 : Operation 99 [1/1] (0.00ns)   --->   "%call_ret_15 = extractvalue { i5, i1 } %call_ret18, 0" [int_div3.cpp:1252]   --->   Operation 99 'extractvalue' 'call_ret_15' <Predicate = true> <Delay = 0.00>
ST_9 : Operation 100 [1/1] (0.00ns)   --->   "%q_chunk_V_16 = extractvalue { i5, i1 } %call_ret18, 1" [int_div3.cpp:1252]   --->   Operation 100 'extractvalue' 'q_chunk_V_16' <Predicate = true> <Delay = 0.00>
ST_9 : Operation 101 [1/1] (4.16ns)   --->   "%call_ret19 = call fastcc { i5, i1 } @lut_div29_chunk(i1 %tmp_17, i5 %call_ret_15)" [int_div3.cpp:1252]   --->   Operation 101 'call' 'call_ret19' <Predicate = true> <Delay = 4.16> <CoreType = "Generic">   --->   Core 0 '' <Latency = 0> <II = 1> <Delay = 1.00> <Generic> <Opcode : >
ST_9 : Operation 102 [1/1] (0.00ns)   --->   "%call_ret_16 = extractvalue { i5, i1 } %call_ret19, 0" [int_div3.cpp:1252]   --->   Operation 102 'extractvalue' 'call_ret_16' <Predicate = true> <Delay = 0.00>
ST_9 : Operation 103 [1/1] (0.00ns)   --->   "%q_chunk_V_17 = extractvalue { i5, i1 } %call_ret19, 1" [int_div3.cpp:1252]   --->   Operation 103 'extractvalue' 'q_chunk_V_17' <Predicate = true> <Delay = 0.00>

State 10 <SV = 9> <Delay = 8.33>
ST_10 : Operation 104 [1/1] (4.16ns)   --->   "%call_ret20 = call fastcc { i5, i1 } @lut_div29_chunk(i1 %tmp_18, i5 %call_ret_16)" [int_div3.cpp:1252]   --->   Operation 104 'call' 'call_ret20' <Predicate = true> <Delay = 4.16> <CoreType = "Generic">   --->   Core 0 '' <Latency = 0> <II = 1> <Delay = 1.00> <Generic> <Opcode : >
ST_10 : Operation 105 [1/1] (0.00ns)   --->   "%call_ret_17 = extractvalue { i5, i1 } %call_ret20, 0" [int_div3.cpp:1252]   --->   Operation 105 'extractvalue' 'call_ret_17' <Predicate = true> <Delay = 0.00>
ST_10 : Operation 106 [1/1] (0.00ns)   --->   "%q_chunk_V_18 = extractvalue { i5, i1 } %call_ret20, 1" [int_div3.cpp:1252]   --->   Operation 106 'extractvalue' 'q_chunk_V_18' <Predicate = true> <Delay = 0.00>
ST_10 : Operation 107 [1/1] (4.16ns)   --->   "%call_ret21 = call fastcc { i5, i1 } @lut_div29_chunk(i1 %tmp_19, i5 %call_ret_17)" [int_div3.cpp:1252]   --->   Operation 107 'call' 'call_ret21' <Predicate = true> <Delay = 4.16> <CoreType = "Generic">   --->   Core 0 '' <Latency = 0> <II = 1> <Delay = 1.00> <Generic> <Opcode : >
ST_10 : Operation 108 [1/1] (0.00ns)   --->   "%call_ret_18 = extractvalue { i5, i1 } %call_ret21, 0" [int_div3.cpp:1252]   --->   Operation 108 'extractvalue' 'call_ret_18' <Predicate = true> <Delay = 0.00>
ST_10 : Operation 109 [1/1] (0.00ns)   --->   "%q_chunk_V_19 = extractvalue { i5, i1 } %call_ret21, 1" [int_div3.cpp:1252]   --->   Operation 109 'extractvalue' 'q_chunk_V_19' <Predicate = true> <Delay = 0.00>

State 11 <SV = 10> <Delay = 8.33>
ST_11 : Operation 110 [1/1] (4.16ns)   --->   "%call_ret22 = call fastcc { i5, i1 } @lut_div29_chunk(i1 %tmp_20, i5 %call_ret_18)" [int_div3.cpp:1252]   --->   Operation 110 'call' 'call_ret22' <Predicate = true> <Delay = 4.16> <CoreType = "Generic">   --->   Core 0 '' <Latency = 0> <II = 1> <Delay = 1.00> <Generic> <Opcode : >
ST_11 : Operation 111 [1/1] (0.00ns)   --->   "%call_ret_19 = extractvalue { i5, i1 } %call_ret22, 0" [int_div3.cpp:1252]   --->   Operation 111 'extractvalue' 'call_ret_19' <Predicate = true> <Delay = 0.00>
ST_11 : Operation 112 [1/1] (0.00ns)   --->   "%q_chunk_V_20 = extractvalue { i5, i1 } %call_ret22, 1" [int_div3.cpp:1252]   --->   Operation 112 'extractvalue' 'q_chunk_V_20' <Predicate = true> <Delay = 0.00>
ST_11 : Operation 113 [1/1] (4.16ns)   --->   "%call_ret23 = call fastcc { i5, i1 } @lut_div29_chunk(i1 %tmp_21, i5 %call_ret_19)" [int_div3.cpp:1252]   --->   Operation 113 'call' 'call_ret23' <Predicate = true> <Delay = 4.16> <CoreType = "Generic">   --->   Core 0 '' <Latency = 0> <II = 1> <Delay = 1.00> <Generic> <Opcode : >
ST_11 : Operation 114 [1/1] (0.00ns)   --->   "%call_ret_20 = extractvalue { i5, i1 } %call_ret23, 0" [int_div3.cpp:1252]   --->   Operation 114 'extractvalue' 'call_ret_20' <Predicate = true> <Delay = 0.00>
ST_11 : Operation 115 [1/1] (0.00ns)   --->   "%q_chunk_V_21 = extractvalue { i5, i1 } %call_ret23, 1" [int_div3.cpp:1252]   --->   Operation 115 'extractvalue' 'q_chunk_V_21' <Predicate = true> <Delay = 0.00>

State 12 <SV = 11> <Delay = 8.33>
ST_12 : Operation 116 [1/1] (4.16ns)   --->   "%call_ret24 = call fastcc { i5, i1 } @lut_div29_chunk(i1 %tmp_22, i5 %call_ret_20)" [int_div3.cpp:1252]   --->   Operation 116 'call' 'call_ret24' <Predicate = true> <Delay = 4.16> <CoreType = "Generic">   --->   Core 0 '' <Latency = 0> <II = 1> <Delay = 1.00> <Generic> <Opcode : >
ST_12 : Operation 117 [1/1] (0.00ns)   --->   "%call_ret_21 = extractvalue { i5, i1 } %call_ret24, 0" [int_div3.cpp:1252]   --->   Operation 117 'extractvalue' 'call_ret_21' <Predicate = true> <Delay = 0.00>
ST_12 : Operation 118 [1/1] (0.00ns)   --->   "%q_chunk_V_22 = extractvalue { i5, i1 } %call_ret24, 1" [int_div3.cpp:1252]   --->   Operation 118 'extractvalue' 'q_chunk_V_22' <Predicate = true> <Delay = 0.00>
ST_12 : Operation 119 [1/1] (4.16ns)   --->   "%call_ret25 = call fastcc { i5, i1 } @lut_div29_chunk(i1 %tmp_23, i5 %call_ret_21)" [int_div3.cpp:1252]   --->   Operation 119 'call' 'call_ret25' <Predicate = true> <Delay = 4.16> <CoreType = "Generic">   --->   Core 0 '' <Latency = 0> <II = 1> <Delay = 1.00> <Generic> <Opcode : >
ST_12 : Operation 120 [1/1] (0.00ns)   --->   "%call_ret_22 = extractvalue { i5, i1 } %call_ret25, 0" [int_div3.cpp:1252]   --->   Operation 120 'extractvalue' 'call_ret_22' <Predicate = true> <Delay = 0.00>
ST_12 : Operation 121 [1/1] (0.00ns)   --->   "%q_chunk_V_23 = extractvalue { i5, i1 } %call_ret25, 1" [int_div3.cpp:1252]   --->   Operation 121 'extractvalue' 'q_chunk_V_23' <Predicate = true> <Delay = 0.00>

State 13 <SV = 12> <Delay = 8.33>
ST_13 : Operation 122 [1/1] (4.16ns)   --->   "%call_ret26 = call fastcc { i5, i1 } @lut_div29_chunk(i1 %tmp_24, i5 %call_ret_22)" [int_div3.cpp:1252]   --->   Operation 122 'call' 'call_ret26' <Predicate = true> <Delay = 4.16> <CoreType = "Generic">   --->   Core 0 '' <Latency = 0> <II = 1> <Delay = 1.00> <Generic> <Opcode : >
ST_13 : Operation 123 [1/1] (0.00ns)   --->   "%call_ret_23 = extractvalue { i5, i1 } %call_ret26, 0" [int_div3.cpp:1252]   --->   Operation 123 'extractvalue' 'call_ret_23' <Predicate = true> <Delay = 0.00>
ST_13 : Operation 124 [1/1] (0.00ns)   --->   "%q_chunk_V_24 = extractvalue { i5, i1 } %call_ret26, 1" [int_div3.cpp:1252]   --->   Operation 124 'extractvalue' 'q_chunk_V_24' <Predicate = true> <Delay = 0.00>
ST_13 : Operation 125 [1/1] (4.16ns)   --->   "%call_ret27 = call fastcc { i5, i1 } @lut_div29_chunk(i1 %tmp_25, i5 %call_ret_23)" [int_div3.cpp:1252]   --->   Operation 125 'call' 'call_ret27' <Predicate = true> <Delay = 4.16> <CoreType = "Generic">   --->   Core 0 '' <Latency = 0> <II = 1> <Delay = 1.00> <Generic> <Opcode : >
ST_13 : Operation 126 [1/1] (0.00ns)   --->   "%call_ret_24 = extractvalue { i5, i1 } %call_ret27, 0" [int_div3.cpp:1252]   --->   Operation 126 'extractvalue' 'call_ret_24' <Predicate = true> <Delay = 0.00>
ST_13 : Operation 127 [1/1] (0.00ns)   --->   "%q_chunk_V_25 = extractvalue { i5, i1 } %call_ret27, 1" [int_div3.cpp:1252]   --->   Operation 127 'extractvalue' 'q_chunk_V_25' <Predicate = true> <Delay = 0.00>

State 14 <SV = 13> <Delay = 8.33>
ST_14 : Operation 128 [1/1] (4.16ns)   --->   "%call_ret28 = call fastcc { i5, i1 } @lut_div29_chunk(i1 %tmp_26, i5 %call_ret_24)" [int_div3.cpp:1252]   --->   Operation 128 'call' 'call_ret28' <Predicate = true> <Delay = 4.16> <CoreType = "Generic">   --->   Core 0 '' <Latency = 0> <II = 1> <Delay = 1.00> <Generic> <Opcode : >
ST_14 : Operation 129 [1/1] (0.00ns)   --->   "%call_ret_25 = extractvalue { i5, i1 } %call_ret28, 0" [int_div3.cpp:1252]   --->   Operation 129 'extractvalue' 'call_ret_25' <Predicate = true> <Delay = 0.00>
ST_14 : Operation 130 [1/1] (0.00ns)   --->   "%q_chunk_V_26 = extractvalue { i5, i1 } %call_ret28, 1" [int_div3.cpp:1252]   --->   Operation 130 'extractvalue' 'q_chunk_V_26' <Predicate = true> <Delay = 0.00>
ST_14 : Operation 131 [1/1] (4.16ns)   --->   "%call_ret29 = call fastcc { i5, i1 } @lut_div29_chunk(i1 %tmp_27, i5 %call_ret_25)" [int_div3.cpp:1252]   --->   Operation 131 'call' 'call_ret29' <Predicate = true> <Delay = 4.16> <CoreType = "Generic">   --->   Core 0 '' <Latency = 0> <II = 1> <Delay = 1.00> <Generic> <Opcode : >
ST_14 : Operation 132 [1/1] (0.00ns)   --->   "%call_ret_26 = extractvalue { i5, i1 } %call_ret29, 0" [int_div3.cpp:1252]   --->   Operation 132 'extractvalue' 'call_ret_26' <Predicate = true> <Delay = 0.00>
ST_14 : Operation 133 [1/1] (0.00ns)   --->   "%q_chunk_V_27 = extractvalue { i5, i1 } %call_ret29, 1" [int_div3.cpp:1252]   --->   Operation 133 'extractvalue' 'q_chunk_V_27' <Predicate = true> <Delay = 0.00>

State 15 <SV = 14> <Delay = 8.33>
ST_15 : Operation 134 [1/1] (4.16ns)   --->   "%call_ret30 = call fastcc { i5, i1 } @lut_div29_chunk(i1 %tmp_28, i5 %call_ret_26)" [int_div3.cpp:1252]   --->   Operation 134 'call' 'call_ret30' <Predicate = true> <Delay = 4.16> <CoreType = "Generic">   --->   Core 0 '' <Latency = 0> <II = 1> <Delay = 1.00> <Generic> <Opcode : >
ST_15 : Operation 135 [1/1] (0.00ns)   --->   "%call_ret_27 = extractvalue { i5, i1 } %call_ret30, 0" [int_div3.cpp:1252]   --->   Operation 135 'extractvalue' 'call_ret_27' <Predicate = true> <Delay = 0.00>
ST_15 : Operation 136 [1/1] (0.00ns)   --->   "%q_chunk_V_28 = extractvalue { i5, i1 } %call_ret30, 1" [int_div3.cpp:1252]   --->   Operation 136 'extractvalue' 'q_chunk_V_28' <Predicate = true> <Delay = 0.00>
ST_15 : Operation 137 [1/1] (4.16ns)   --->   "%call_ret31 = call fastcc { i5, i1 } @lut_div29_chunk(i1 %tmp_29, i5 %call_ret_27)" [int_div3.cpp:1252]   --->   Operation 137 'call' 'call_ret31' <Predicate = true> <Delay = 4.16> <CoreType = "Generic">   --->   Core 0 '' <Latency = 0> <II = 1> <Delay = 1.00> <Generic> <Opcode : >
ST_15 : Operation 138 [1/1] (0.00ns)   --->   "%call_ret_28 = extractvalue { i5, i1 } %call_ret31, 0" [int_div3.cpp:1252]   --->   Operation 138 'extractvalue' 'call_ret_28' <Predicate = true> <Delay = 0.00>
ST_15 : Operation 139 [1/1] (0.00ns)   --->   "%q_chunk_V_29 = extractvalue { i5, i1 } %call_ret31, 1" [int_div3.cpp:1252]   --->   Operation 139 'extractvalue' 'q_chunk_V_29' <Predicate = true> <Delay = 0.00>

State 16 <SV = 15> <Delay = 8.33>
ST_16 : Operation 140 [1/1] (4.16ns)   --->   "%call_ret32 = call fastcc { i5, i1 } @lut_div29_chunk(i1 %tmp_30, i5 %call_ret_28)" [int_div3.cpp:1252]   --->   Operation 140 'call' 'call_ret32' <Predicate = true> <Delay = 4.16> <CoreType = "Generic">   --->   Core 0 '' <Latency = 0> <II = 1> <Delay = 1.00> <Generic> <Opcode : >
ST_16 : Operation 141 [1/1] (0.00ns)   --->   "%call_ret_29 = extractvalue { i5, i1 } %call_ret32, 0" [int_div3.cpp:1252]   --->   Operation 141 'extractvalue' 'call_ret_29' <Predicate = true> <Delay = 0.00>
ST_16 : Operation 142 [1/1] (0.00ns)   --->   "%q_chunk_V_30 = extractvalue { i5, i1 } %call_ret32, 1" [int_div3.cpp:1252]   --->   Operation 142 'extractvalue' 'q_chunk_V_30' <Predicate = true> <Delay = 0.00>
ST_16 : Operation 143 [1/1] (4.16ns)   --->   "%call_ret = call fastcc { i5, i1 } @lut_div29_chunk(i1 %tmp_31, i5 %call_ret_29)" [int_div3.cpp:1252]   --->   Operation 143 'call' 'call_ret' <Predicate = true> <Delay = 4.16> <CoreType = "Generic">   --->   Core 0 '' <Latency = 0> <II = 1> <Delay = 1.00> <Generic> <Opcode : >
ST_16 : Operation 144 [1/1] (0.00ns)   --->   "%q_chunk_V_31 = extractvalue { i5, i1 } %call_ret, 1" [int_div3.cpp:1252]   --->   Operation 144 'extractvalue' 'q_chunk_V_31' <Predicate = true> <Delay = 0.00>
ST_16 : Operation 145 [1/1] (0.00ns)   --->   "%agg_result_V_0_s = call i32 @_ssdm_op_BitConcatenate.i32.i1.i1.i1.i1.i1.i1.i1.i1.i1.i1.i1.i1.i1.i1.i1.i1.i1.i1.i1.i1.i1.i1.i1.i1.i1.i1.i1.i1.i1.i1.i1.i1(i1 %q_chunk_V, i1 %q_chunk_V_1, i1 %q_chunk_V_2, i1 %q_chunk_V_3, i1 %q_chunk_V_4, i1 %q_chunk_V_5, i1 %q_chunk_V_6, i1 %q_chunk_V_7, i1 %q_chunk_V_8, i1 %q_chunk_V_9, i1 %q_chunk_V_10, i1 %q_chunk_V_11, i1 %q_chunk_V_12, i1 %q_chunk_V_13, i1 %q_chunk_V_14, i1 %q_chunk_V_15, i1 %q_chunk_V_16, i1 %q_chunk_V_17, i1 %q_chunk_V_18, i1 %q_chunk_V_19, i1 %q_chunk_V_20, i1 %q_chunk_V_21, i1 %q_chunk_V_22, i1 %q_chunk_V_23, i1 %q_chunk_V_24, i1 %q_chunk_V_25, i1 %q_chunk_V_26, i1 %q_chunk_V_27, i1 %q_chunk_V_28, i1 %q_chunk_V_29, i1 %q_chunk_V_30, i1 %q_chunk_V_31)" [int_div3.cpp:1253]   --->   Operation 145 'bitconcatenate' 'agg_result_V_0_s' <Predicate = true> <Delay = 0.00>
ST_16 : Operation 146 [1/1] (0.00ns)   --->   "ret i32 %agg_result_V_0_s" [int_div3.cpp:1256]   --->   Operation 146 'ret' <Predicate = true> <Delay = 0.00>


============================================================
+ Verbose Summary: Timing violations
============================================================
Target clock period: 10ns, clock uncertainty: 1.25ns.

 <State 1>: 8.33ns
The critical path consists of the following:
	wire read on port 'in_V' [2]  (0 ns)
	'call' operation ('call_ret1', int_div3.cpp:1252) to 'lut_div29_chunk' [4]  (4.17 ns)
	'call' operation ('call_ret3', int_div3.cpp:1252) to 'lut_div29_chunk' [8]  (4.17 ns)

 <State 2>: 8.33ns
The critical path consists of the following:
	'call' operation ('call_ret4', int_div3.cpp:1252) to 'lut_div29_chunk' [12]  (4.17 ns)
	'call' operation ('call_ret5', int_div3.cpp:1252) to 'lut_div29_chunk' [16]  (4.17 ns)

 <State 3>: 8.33ns
The critical path consists of the following:
	'call' operation ('call_ret6', int_div3.cpp:1252) to 'lut_div29_chunk' [20]  (4.17 ns)
	'call' operation ('call_ret7', int_div3.cpp:1252) to 'lut_div29_chunk' [24]  (4.17 ns)

 <State 4>: 8.33ns
The critical path consists of the following:
	'call' operation ('call_ret8', int_div3.cpp:1252) to 'lut_div29_chunk' [28]  (4.17 ns)
	'call' operation ('call_ret9', int_div3.cpp:1252) to 'lut_div29_chunk' [32]  (4.17 ns)

 <State 5>: 8.33ns
The critical path consists of the following:
	'call' operation ('call_ret10', int_div3.cpp:1252) to 'lut_div29_chunk' [36]  (4.17 ns)
	'call' operation ('call_ret11', int_div3.cpp:1252) to 'lut_div29_chunk' [40]  (4.17 ns)

 <State 6>: 8.33ns
The critical path consists of the following:
	'call' operation ('call_ret12', int_div3.cpp:1252) to 'lut_div29_chunk' [44]  (4.17 ns)
	'call' operation ('call_ret13', int_div3.cpp:1252) to 'lut_div29_chunk' [48]  (4.17 ns)

 <State 7>: 8.33ns
The critical path consists of the following:
	'call' operation ('call_ret14', int_div3.cpp:1252) to 'lut_div29_chunk' [52]  (4.17 ns)
	'call' operation ('call_ret15', int_div3.cpp:1252) to 'lut_div29_chunk' [56]  (4.17 ns)

 <State 8>: 8.33ns
The critical path consists of the following:
	'call' operation ('call_ret16', int_div3.cpp:1252) to 'lut_div29_chunk' [60]  (4.17 ns)
	'call' operation ('call_ret17', int_div3.cpp:1252) to 'lut_div29_chunk' [64]  (4.17 ns)

 <State 9>: 8.33ns
The critical path consists of the following:
	'call' operation ('call_ret18', int_div3.cpp:1252) to 'lut_div29_chunk' [68]  (4.17 ns)
	'call' operation ('call_ret19', int_div3.cpp:1252) to 'lut_div29_chunk' [72]  (4.17 ns)

 <State 10>: 8.33ns
The critical path consists of the following:
	'call' operation ('call_ret20', int_div3.cpp:1252) to 'lut_div29_chunk' [76]  (4.17 ns)
	'call' operation ('call_ret21', int_div3.cpp:1252) to 'lut_div29_chunk' [80]  (4.17 ns)

 <State 11>: 8.33ns
The critical path consists of the following:
	'call' operation ('call_ret22', int_div3.cpp:1252) to 'lut_div29_chunk' [84]  (4.17 ns)
	'call' operation ('call_ret23', int_div3.cpp:1252) to 'lut_div29_chunk' [88]  (4.17 ns)

 <State 12>: 8.33ns
The critical path consists of the following:
	'call' operation ('call_ret24', int_div3.cpp:1252) to 'lut_div29_chunk' [92]  (4.17 ns)
	'call' operation ('call_ret25', int_div3.cpp:1252) to 'lut_div29_chunk' [96]  (4.17 ns)

 <State 13>: 8.33ns
The critical path consists of the following:
	'call' operation ('call_ret26', int_div3.cpp:1252) to 'lut_div29_chunk' [100]  (4.17 ns)
	'call' operation ('call_ret27', int_div3.cpp:1252) to 'lut_div29_chunk' [104]  (4.17 ns)

 <State 14>: 8.33ns
The critical path consists of the following:
	'call' operation ('call_ret28', int_div3.cpp:1252) to 'lut_div29_chunk' [108]  (4.17 ns)
	'call' operation ('call_ret29', int_div3.cpp:1252) to 'lut_div29_chunk' [112]  (4.17 ns)

 <State 15>: 8.33ns
The critical path consists of the following:
	'call' operation ('call_ret30', int_div3.cpp:1252) to 'lut_div29_chunk' [116]  (4.17 ns)
	'call' operation ('call_ret31', int_div3.cpp:1252) to 'lut_div29_chunk' [120]  (4.17 ns)

 <State 16>: 8.33ns
The critical path consists of the following:
	'call' operation ('call_ret32', int_div3.cpp:1252) to 'lut_div29_chunk' [124]  (4.17 ns)
	'call' operation ('call_ret', int_div3.cpp:1252) to 'lut_div29_chunk' [128]  (4.17 ns)


============================================================
+ Verbose Summary: Binding
============================================================
N/A
* FSMD analyzer results:
  - Output states:
 - Input state : 
  - Chain level:
	State 1
	State 2
	State 3
	State 4
	State 5
	State 6
	State 7
	State 8
	State 9
	State 10
	State 11
	State 12
	State 13
	State 14
	State 15
	State 16


============================================================
+ Verbose Summary: Datapath Resource usage 
============================================================
N/A
