

================================================================
== Vivado HLS Report for 'lut_div29_chunk'
================================================================
* Date:           Tue Jul 31 15:58:39 2018

* Version:        2018.2 (Build 2258646 on Thu Jun 14 20:25:20 MDT 2018)
* Project:        fir_prj
* Solution:       solution1
* Product family: kintex7
* Target device:  xc7k160tfbg484-1


================================================================
== Performance Estimates
================================================================
+ Timing (ns): 
    * Summary: 
    +--------+-------+----------+------------+
    |  Clock | Target| Estimated| Uncertainty|
    +--------+-------+----------+------------+
    |ap_clk  |  10.00|     1.958|        1.25|
    +--------+-------+----------+------------+

+ Latency (clock cycles): 
    * Summary: 
    +-----+-----+-----+-----+---------+
    |  Latency  |  Interval | Pipeline|
    | min | max | min | max |   Type  |
    +-----+-----+-----+-----+---------+
    |    0|    0|    0|    0|   none  |
    +-----+-----+-----+-----+---------+

    + Detail: 
        * Instance: 
        N/A

        * Loop: 
        N/A

============================================================
+ Verbose Summary: Synthesis Manager
============================================================
InlineROM: 1
ExposeGlobal: 0
============================================================
+ Verbose Summary: CDFG Model
============================================================
IsTopModel: 0
ResetActiveHigh: 1
IsCombinational: 0
IsDatapathOnly: 0
HasWiredReturn: 1
HasMFsm: 0
HasVarLatency: 0
IsPipeline: 0
IsRtlPipelined: 0
IsInstanceOverlapped: 0
IsDontTouch: 0
HasImplIP: 0
IsGatedGlobalClock: 0


============================================================
+ Verbose Summary: Schedule
============================================================
* Number of FSM states : 1
* Pipeline : 0
* Dataflow Pipeline: 0

* FSM state transitions: 
1 --> 

* FSM state operations: 

State 1 <SV = 0> <Delay = 1.95>
ST_1 : Operation 2 [1/1] (0.00ns)   --->   "%r_in_V_read = call i5 @_ssdm_op_Read.ap_auto.i5(i5 %r_in_V)"   --->   Operation 2 'read' 'r_in_V_read' <Predicate = true> <Delay = 0.00>
ST_1 : Operation 3 [1/1] (0.00ns)   --->   "%d_V_read = call i1 @_ssdm_op_Read.ap_auto.i1(i1 %d_V)"   --->   Operation 3 'read' 'd_V_read' <Predicate = true> <Delay = 0.00>
ST_1 : Operation 4 [1/1] (0.00ns)   --->   "%p_Result_8 = call i6 @_ssdm_op_BitConcatenate.i6.i5.i1(i5 %r_in_V_read, i1 %d_V_read)" [int_div3.cpp:21->int_div3.cpp:1230]   --->   Operation 4 'bitconcatenate' 'p_Result_8' <Predicate = true> <Delay = 0.00>
ST_1 : Operation 5 [1/1] (1.95ns)   --->   "%agg_result_V_i = call i1 @_ssdm_op_Mux.ap_auto.64i1.i6(i1 false, i1 true, i1 false, i1 true, i1 false, i1 true, i1 false, i1 true, i1 false, i1 true, i1 false, i1 true, i1 false, i1 true, i1 false, i1 true, i1 false, i1 true, i1 false, i1 true, i1 false, i1 true, i1 false, i1 true, i1 false, i1 true, i1 false, i1 true, i1 false, i1 false, i1 true, i1 false, i1 true, i1 false, i1 true, i1 false, i1 true, i1 false, i1 true, i1 false, i1 true, i1 false, i1 true, i1 false, i1 true, i1 false, i1 true, i1 false, i1 true, i1 false, i1 true, i1 false, i1 true, i1 false, i1 true, i1 false, i1 true, i1 false, i1 false, i1 true, i1 false, i1 true, i1 false, i1 true, i6 %p_Result_8)" [int_div3.cpp:21->int_div3.cpp:1230]   --->   Operation 5 'mux' 'agg_result_V_i' <Predicate = true> <Delay = 1.95> <Core = "MuxnS">   --->   Core 31 'MuxnS' <Latency = 0> <II = 1> <Delay = 1.95> <FuncUnit> <Opcode : 'mux'> <InPorts = 2> <OutPorts = 1>
ST_1 : Operation 6 [1/1] (1.95ns)   --->   "%agg_result_V_i2 = call i1 @_ssdm_op_Mux.ap_auto.64i1.i6(i1 false, i1 false, i1 true, i1 true, i1 false, i1 false, i1 true, i1 true, i1 false, i1 false, i1 true, i1 true, i1 false, i1 false, i1 true, i1 true, i1 false, i1 false, i1 true, i1 true, i1 false, i1 false, i1 true, i1 true, i1 false, i1 false, i1 true, i1 true, i1 false, i1 false, i1 false, i1 true, i1 true, i1 false, i1 false, i1 true, i1 true, i1 false, i1 false, i1 true, i1 true, i1 false, i1 false, i1 true, i1 true, i1 false, i1 false, i1 true, i1 true, i1 false, i1 false, i1 true, i1 true, i1 false, i1 false, i1 true, i1 true, i1 false, i1 false, i1 false, i1 true, i1 true, i1 false, i1 false, i6 %p_Result_8)" [int_div3.cpp:21->int_div3.cpp:1230]   --->   Operation 6 'mux' 'agg_result_V_i2' <Predicate = true> <Delay = 1.95> <Core = "MuxnS">   --->   Core 31 'MuxnS' <Latency = 0> <II = 1> <Delay = 1.95> <FuncUnit> <Opcode : 'mux'> <InPorts = 2> <OutPorts = 1>
ST_1 : Operation 7 [1/1] (1.95ns)   --->   "%agg_result_V_i4 = call i1 @_ssdm_op_Mux.ap_auto.64i1.i6(i1 false, i1 false, i1 false, i1 false, i1 true, i1 true, i1 true, i1 true, i1 false, i1 false, i1 false, i1 false, i1 true, i1 true, i1 true, i1 true, i1 false, i1 false, i1 false, i1 false, i1 true, i1 true, i1 true, i1 true, i1 false, i1 false, i1 false, i1 false, i1 true, i1 false, i1 false, i1 false, i1 false, i1 true, i1 true, i1 true, i1 true, i1 false, i1 false, i1 false, i1 false, i1 true, i1 true, i1 true, i1 true, i1 false, i1 false, i1 false, i1 false, i1 true, i1 true, i1 true, i1 true, i1 false, i1 false, i1 false, i1 false, i1 true, i1 false, i1 false, i1 false, i1 false, i1 true, i1 true, i6 %p_Result_8)" [int_div3.cpp:21->int_div3.cpp:1230]   --->   Operation 7 'mux' 'agg_result_V_i4' <Predicate = true> <Delay = 1.95> <Core = "MuxnS">   --->   Core 31 'MuxnS' <Latency = 0> <II = 1> <Delay = 1.95> <FuncUnit> <Opcode : 'mux'> <InPorts = 2> <OutPorts = 1>
ST_1 : Operation 8 [1/1] (1.95ns)   --->   "%agg_result_V_i6 = call i1 @_ssdm_op_Mux.ap_auto.64i1.i6(i1 false, i1 false, i1 false, i1 false, i1 false, i1 false, i1 false, i1 false, i1 true, i1 true, i1 true, i1 true, i1 true, i1 true, i1 true, i1 true, i1 false, i1 false, i1 false, i1 false, i1 false, i1 false, i1 false, i1 false, i1 true, i1 true, i1 true, i1 true, i1 true, i1 false, i1 false, i1 false, i1 false, i1 false, i1 false, i1 false, i1 false, i1 true, i1 true, i1 true, i1 true, i1 true, i1 true, i1 true, i1 true, i1 false, i1 false, i1 false, i1 false, i1 false, i1 false, i1 false, i1 false, i1 true, i1 true, i1 true, i1 true, i1 true, i1 false, i1 false, i1 false, i1 false, i1 false, i1 false, i6 %p_Result_8)" [int_div3.cpp:21->int_div3.cpp:1230]   --->   Operation 8 'mux' 'agg_result_V_i6' <Predicate = true> <Delay = 1.95> <Core = "MuxnS">   --->   Core 31 'MuxnS' <Latency = 0> <II = 1> <Delay = 1.95> <FuncUnit> <Opcode : 'mux'> <InPorts = 2> <OutPorts = 1>
ST_1 : Operation 9 [1/1] (1.95ns)   --->   "%agg_result_V_i8 = call i1 @_ssdm_op_Mux.ap_auto.64i1.i6(i1 false, i1 false, i1 false, i1 false, i1 false, i1 false, i1 false, i1 false, i1 false, i1 false, i1 false, i1 false, i1 false, i1 false, i1 false, i1 false, i1 true, i1 true, i1 true, i1 true, i1 true, i1 true, i1 true, i1 true, i1 true, i1 true, i1 true, i1 true, i1 true, i1 false, i1 false, i1 false, i1 false, i1 false, i1 false, i1 false, i1 false, i1 false, i1 false, i1 false, i1 false, i1 false, i1 false, i1 false, i1 false, i1 true, i1 true, i1 true, i1 true, i1 true, i1 true, i1 true, i1 true, i1 true, i1 true, i1 true, i1 true, i1 true, i1 false, i1 false, i1 false, i1 false, i1 false, i1 false, i6 %p_Result_8)" [int_div3.cpp:21->int_div3.cpp:1230]   --->   Operation 9 'mux' 'agg_result_V_i8' <Predicate = true> <Delay = 1.95> <Core = "MuxnS">   --->   Core 31 'MuxnS' <Latency = 0> <II = 1> <Delay = 1.95> <FuncUnit> <Opcode : 'mux'> <InPorts = 2> <OutPorts = 1>
ST_1 : Operation 10 [1/1] (0.00ns)   --->   "%p_Result_s = call i5 @_ssdm_op_BitConcatenate.i5.i1.i1.i1.i1.i1(i1 %agg_result_V_i8, i1 %agg_result_V_i6, i1 %agg_result_V_i4, i1 %agg_result_V_i2, i1 %agg_result_V_i)" [int_div3.cpp:1234]   --->   Operation 10 'bitconcatenate' 'p_Result_s' <Predicate = true> <Delay = 0.00>
ST_1 : Operation 11 [1/1] (1.95ns)   --->   "%p_Result_7 = call i1 @_ssdm_op_Mux.ap_auto.64i1.i6(i1 false, i1 false, i1 false, i1 false, i1 false, i1 false, i1 false, i1 false, i1 false, i1 false, i1 false, i1 false, i1 false, i1 false, i1 false, i1 false, i1 false, i1 false, i1 false, i1 false, i1 false, i1 false, i1 false, i1 false, i1 false, i1 false, i1 false, i1 false, i1 false, i1 true, i1 true, i1 true, i1 true, i1 true, i1 true, i1 true, i1 true, i1 true, i1 true, i1 true, i1 true, i1 true, i1 true, i1 true, i1 true, i1 true, i1 true, i1 true, i1 true, i1 true, i1 true, i1 true, i1 true, i1 true, i1 true, i1 true, i1 true, i1 true, i1 false, i1 false, i1 false, i1 false, i1 false, i1 false, i6 %p_Result_8)" [int_div3.cpp:21->int_div3.cpp:1230]   --->   Operation 11 'mux' 'p_Result_7' <Predicate = true> <Delay = 1.95> <Core = "MuxnS">   --->   Core 31 'MuxnS' <Latency = 0> <II = 1> <Delay = 1.95> <FuncUnit> <Opcode : 'mux'> <InPorts = 2> <OutPorts = 1>
ST_1 : Operation 12 [1/1] (0.00ns)   --->   "%mrv = insertvalue { i5, i1 } undef, i5 %p_Result_s, 0" [int_div3.cpp:1236]   --->   Operation 12 'insertvalue' 'mrv' <Predicate = true> <Delay = 0.00>
ST_1 : Operation 13 [1/1] (0.00ns)   --->   "%mrv_1 = insertvalue { i5, i1 } %mrv, i1 %p_Result_7, 1" [int_div3.cpp:1236]   --->   Operation 13 'insertvalue' 'mrv_1' <Predicate = true> <Delay = 0.00>
ST_1 : Operation 14 [1/1] (0.00ns)   --->   "ret { i5, i1 } %mrv_1" [int_div3.cpp:1236]   --->   Operation 14 'ret' <Predicate = true> <Delay = 0.00>


============================================================
+ Verbose Summary: Timing violations
============================================================
Target clock period: 10ns, clock uncertainty: 1.25ns.

 <State 1>: 1.96ns
The critical path consists of the following:
	wire read on port 'r_in_V' [3]  (0 ns)
	'mux' operation ('agg_result_V_i6', int_div3.cpp:21->int_div3.cpp:1230) [9]  (1.96 ns)


============================================================
+ Verbose Summary: Binding
============================================================
N/A
* FSMD analyzer results:
  - Output states:
 - Input state : 
  - Chain level:
	State 1


============================================================
+ Verbose Summary: Datapath Resource usage 
============================================================
N/A
