

================================================================
== Vivado HLS Report for 'operator_int_div29'
================================================================
* Date:           Tue Jul 31 15:58:39 2018

* Version:        2018.2 (Build 2258646 on Thu Jun 14 20:25:20 MDT 2018)
* Project:        fir_prj
* Solution:       solution1
* Product family: kintex7
* Target device:  xc7k160tfbg484-1


================================================================
== Performance Estimates
================================================================
+ Timing (ns): 
    * Summary: 
    +--------+-------+----------+------------+
    |  Clock | Target| Estimated| Uncertainty|
    +--------+-------+----------+------------+
    |ap_clk  |  10.00|     8.334|        1.25|
    +--------+-------+----------+------------+

+ Latency (clock cycles): 
    * Summary: 
    +-----+-----+-----+-----+---------+
    |  Latency  |  Interval | Pipeline|
    | min | max | min | max |   Type  |
    +-----+-----+-----+-----+---------+
    |   16|   16|   16|   16|   none  |
    +-----+-----+-----+-----+---------+

    + Detail: 
        * Instance: 
        N/A

        * Loop: 
        N/A

============================================================
+ Verbose Summary: Synthesis Manager
============================================================
InlineROM: 1
ExposeGlobal: 0
============================================================
+ Verbose Summary: CDFG Model
============================================================
IsTopModel: 1
ResetActiveHigh: 1
IsCombinational: 0
IsDatapathOnly: 0
HasWiredReturn: 1
HasMFsm: 0
HasVarLatency: 1
IsPipeline: 0
IsRtlPipelined: 0
IsInstanceOverlapped: 0
IsDontTouch: 0
HasImplIP: 0
IsGatedGlobalClock: 0


============================================================
+ Verbose Summary: Schedule
============================================================
* Number of FSM states : 2
* Pipeline : 0
* Dataflow Pipeline: 0

* FSM state transitions: 
1 --> 
	2  / true
2 --> 

* FSM state operations: 

State 1 <SV = 0> <Delay = 3.91>
ST_1 : Operation 3 [1/1] (0.00ns)   --->   "%in_read = call i32 @_ssdm_op_Read.ap_auto.i32(i32 %in_r) nounwind"   --->   Operation 3 'read' 'in_read' <Predicate = true> <Delay = 0.00>
ST_1 : Operation 4 [2/2] (3.91ns)   --->   "%agg_result_V_i = call fastcc i32 @int_32_div29(i32 %in_read) nounwind" [int_div3.cpp:1260->int_div3.cpp:1264]   --->   Operation 4 'call' 'agg_result_V_i' <Predicate = true> <Delay = 3.91> <CoreType = "Generic">   --->   Core 0 '' <Latency = 0> <II = 1> <Delay = 1.00> <Generic> <Opcode : >

State 2 <SV = 1> <Delay = 6.12>
ST_2 : Operation 5 [1/1] (0.00ns)   --->   "call void (...)* @_ssdm_op_SpecBitsMap(i32 %in_r) nounwind, !map !80"   --->   Operation 5 'specbitsmap' <Predicate = true> <Delay = 0.00>
ST_2 : Operation 6 [1/1] (0.00ns)   --->   "call void (...)* @_ssdm_op_SpecBitsMap(i32 0) nounwind, !map !86"   --->   Operation 6 'specbitsmap' <Predicate = true> <Delay = 0.00>
ST_2 : Operation 7 [1/1] (0.00ns)   --->   "call void (...)* @_ssdm_op_SpecTopModule([19 x i8]* @operator_int_div29_s) nounwind"   --->   Operation 7 'spectopmodule' <Predicate = true> <Delay = 0.00>
ST_2 : Operation 8 [1/2] (6.12ns)   --->   "%agg_result_V_i = call fastcc i32 @int_32_div29(i32 %in_read) nounwind" [int_div3.cpp:1260->int_div3.cpp:1264]   --->   Operation 8 'call' 'agg_result_V_i' <Predicate = true> <Delay = 6.12> <CoreType = "Generic">   --->   Core 0 '' <Latency = 0> <II = 1> <Delay = 1.00> <Generic> <Opcode : >
ST_2 : Operation 9 [1/1] (0.00ns)   --->   "ret i32 %agg_result_V_i" [int_div3.cpp:1264]   --->   Operation 9 'ret' <Predicate = true> <Delay = 0.00>


============================================================
+ Verbose Summary: Timing violations
============================================================
Target clock period: 10ns, clock uncertainty: 1.25ns.

 <State 1>: 3.92ns
The critical path consists of the following:
	wire read on port 'in_r' [5]  (0 ns)
	'call' operation ('agg_result_V_i', int_div3.cpp:1260->int_div3.cpp:1264) to 'int_32_div29' [6]  (3.92 ns)

 <State 2>: 6.12ns
The critical path consists of the following:
	'call' operation ('agg_result_V_i', int_div3.cpp:1260->int_div3.cpp:1264) to 'int_32_div29' [6]  (6.12 ns)


============================================================
+ Verbose Summary: Binding
============================================================
N/A
* FSMD analyzer results:
  - Output states:
 - Input state : 
  - Chain level:
	State 1
	State 2


============================================================
+ Verbose Summary: Datapath Resource usage 
============================================================
N/A
