

================================================================
== Vivado HLS Report for 'float_div3'
================================================================
* Date:           Mon Jul 30 12:00:11 2018

* Version:        2018.2 (Build 2258646 on Thu Jun 14 20:25:20 MDT 2018)
* Project:        fir_prj
* Solution:       solution1
* Product family: kintex7
* Target device:  xc7k160tfbg484-1


================================================================
== Performance Estimates
================================================================
+ Timing (ns): 
    * Summary: 
    +--------+-------+----------+------------+
    |  Clock | Target| Estimated| Uncertainty|
    +--------+-------+----------+------------+
    |ap_clk  |  10.00|     8.063|        1.25|
    +--------+-------+----------+------------+

+ Latency (clock cycles): 
    * Summary: 
    +-----+-----+-----+-----+---------+
    |  Latency  |  Interval | Pipeline|
    | min | max | min | max |   Type  |
    +-----+-----+-----+-----+---------+
    |    1|    7|    1|    7|   none  |
    +-----+-----+-----+-----+---------+

    + Detail: 
        * Instance: 
        +---------------------------+----------------+-----+-----+-----+-----+---------+
        |                           |                |  Latency  |  Interval | Pipeline|
        |          Instance         |     Module     | min | max | min | max |   Type  |
        +---------------------------+----------------+-----+-----+-----+-----+---------+
        |grp_lut_div9_chunk_fu_121  |lut_div9_chunk  |    0|    0|    0|    0|   none  |
        |grp_lut_div9_chunk_fu_128  |lut_div9_chunk  |    0|    0|    0|    0|   none  |
        +---------------------------+----------------+-----+-----+-----+-----+---------+

        * Loop: 
        N/A



================================================================
== Utilization Estimates
================================================================
* Summary: 
+-----------------+---------+-------+--------+--------+
|       Name      | BRAM_18K| DSP48E|   FF   |   LUT  |
+-----------------+---------+-------+--------+--------+
|DSP              |        -|      -|       -|       -|
|Expression       |        -|      -|       0|     418|
|FIFO             |        -|      -|       -|       -|
|Instance         |        -|      -|       0|    3276|
|Memory           |        -|      -|       -|       -|
|Multiplexer      |        -|      -|       -|     159|
|Register         |        -|      -|      92|       -|
+-----------------+---------+-------+--------+--------+
|Total            |        0|      0|      92|    3853|
+-----------------+---------+-------+--------+--------+
|Available        |      650|    600|  202800|  101400|
+-----------------+---------+-------+--------+--------+
|Utilization (%)  |        0|      0|   ~0   |       3|
+-----------------+---------+-------+--------+--------+

+ Detail: 
    * Instance: 
    +---------------------------+----------------+---------+-------+---+------+
    |          Instance         |     Module     | BRAM_18K| DSP48E| FF|  LUT |
    +---------------------------+----------------+---------+-------+---+------+
    |grp_lut_div9_chunk_fu_121  |lut_div9_chunk  |        0|      0|  0|  1638|
    |grp_lut_div9_chunk_fu_128  |lut_div9_chunk  |        0|      0|  0|  1638|
    +---------------------------+----------------+---------+-------+---+------+
    |Total                      |                |        0|      0|  0|  3276|
    +---------------------------+----------------+---------+-------+---+------+

    * DSP48: 
    N/A

    * Memory: 
    N/A

    * FIFO: 
    N/A

    * Expression: 
    +-----------------------------+----------+-------+---+----+------------+------------+
    |        Variable Name        | Operation| DSP48E| FF| LUT| Bitwidth P0| Bitwidth P1|
    +-----------------------------+----------+-------+---+----+------------+------------+
    |shift_V_1_fu_284_p2          |     +    |      0|  0|  15|           2|           8|
    |xf_V_fu_400_p2               |     +    |      0|  0|  35|           3|          28|
    |new_exp_V_1_fu_222_p2        |     -    |      0|  0|  15|           8|           8|
    |shift_V_fu_278_p2            |     -    |      0|  0|  15|           1|           8|
    |sel_tmp4_fu_302_p2           |    and   |      0|  0|   6|           1|           1|
    |sel_tmp8_fu_330_p2           |    and   |      0|  0|   6|           1|           1|
    |icmp4_fu_272_p2              |   icmp   |      0|  0|  11|           7|           1|
    |icmp_fu_196_p2               |   icmp   |      0|  0|   9|           3|           1|
    |tmp_5_fu_210_p2              |   icmp   |      0|  0|  11|           8|           2|
    |tmp_6_fu_216_p2              |   icmp   |      0|  0|  11|           8|           8|
    |tmp_8_fu_250_p2              |   icmp   |      0|  0|  11|           8|           1|
    |tmp_9_fu_256_p2              |   icmp   |      0|  0|  11|           8|           8|
    |tmp_4_fu_372_p2              |   lshr   |      0|  0|  64|          24|          24|
    |sel_tmp3_demorgan_fu_290_p2  |    or    |      0|  0|   6|           1|           1|
    |tmp_1_fu_236_p2              |    or    |      0|  0|   6|           1|           1|
    |p_Repl2_1_fu_242_p3          |  select  |      0|  0|   8|           1|           8|
    |p_new_exp_V_1_fu_228_p3      |  select  |      0|  0|   2|           1|           2|
    |shift_V_2_fu_308_p3          |  select  |      0|  0|   8|           1|           8|
    |shift_V_3_fu_316_p3          |  select  |      0|  0|   8|           1|           1|
    |shift_V_4_fu_336_p3          |  select  |      0|  0|   8|           1|           8|
    |shift_V_cast_cast_fu_202_p3  |  select  |      0|  0|   3|           1|           3|
    |xf_V_1_fu_352_p3             |  select  |      0|  0|  24|           1|          24|
    |xf_V_2_fu_392_p3             |  select  |      0|  0|  28|           1|          28|
    |tmp_s_fu_378_p2              |    shl   |      0|  0|  85|          32|          32|
    |sel_tmp3_fu_296_p2           |    xor   |      0|  0|   6|           1|           2|
    |sel_tmp7_fu_324_p2           |    xor   |      0|  0|   6|           1|           2|
    +-----------------------------+----------+-------+---+----+------------+------------+
    |Total                        |          |      0|  0| 418|         126|         219|
    +-----------------------------+----------+-------+---+----+------------+------------+

    * Multiplexer: 
    +------------------------------------+----+-----------+-----+-----------+
    |                Name                | LUT| Input Size| Bits| Total Bits|
    +------------------------------------+----+-----------+-----+-----------+
    |ap_NS_fsm                           |  44|          9|    1|          9|
    |ap_phi_mux_p_Repl2_s_phi_fu_115_p4  |   9|          2|   23|         46|
    |grp_lut_div9_chunk_fu_121_d_V       |  41|          8|    2|         16|
    |grp_lut_div9_chunk_fu_121_r_in_V    |  15|          3|    4|         12|
    |grp_lut_div9_chunk_fu_128_d_V       |  41|          8|    2|         16|
    |p_Repl2_s_reg_112                   |   9|          2|   23|         46|
    +------------------------------------+----+-----------+-----+-----------+
    |Total                               | 159|         32|   55|        145|
    +------------------------------------+----+-----------+-----+-----------+

    * Register: 
    +----------------------------+----+----+-----+-----------+
    |            Name            | FF | LUT| Bits| Const Bits|
    +----------------------------+----+----+-----+-----------+
    |ap_CS_fsm                   |   8|   0|    8|          0|
    |p_Repl2_1_reg_589           |   8|   0|    8|          0|
    |p_Repl2_2_reg_575           |   1|   0|    1|          0|
    |p_Repl2_s_reg_112           |  23|   0|   23|          0|
    |p_Result_16_10_i_i_reg_649  |   2|   0|    2|          0|
    |p_Result_16_11_i_i_reg_654  |   2|   0|    2|          0|
    |p_Result_16_1_i_i_reg_599   |   2|   0|    2|          0|
    |p_Result_16_2_i_i_reg_604   |   2|   0|    2|          0|
    |p_Result_16_3_i_i_reg_609   |   2|   0|    2|          0|
    |p_Result_16_4_i_i_reg_614   |   2|   0|    2|          0|
    |p_Result_16_5_i_i_reg_619   |   2|   0|    2|          0|
    |p_Result_16_6_i_i_reg_624   |   2|   0|    2|          0|
    |p_Result_16_7_i_i_reg_629   |   2|   0|    2|          0|
    |p_Result_16_8_i_i_reg_634   |   2|   0|    2|          0|
    |p_Result_16_9_i_i_reg_639   |   2|   0|    2|          0|
    |p_Result_16_i_i_10_reg_644  |   2|   0|    2|          0|
    |p_Result_16_i_i_reg_594     |   2|   0|    2|          0|
    |q_chunk_V_0_10_i_i_reg_709  |   2|   0|    2|          0|
    |q_chunk_V_0_3_i_i_reg_664   |   2|   0|    2|          0|
    |q_chunk_V_0_4_i_i_reg_674   |   2|   0|    2|          0|
    |q_chunk_V_0_5_i_i_reg_679   |   2|   0|    2|          0|
    |q_chunk_V_0_6_i_i_reg_684   |   2|   0|    2|          0|
    |q_chunk_V_0_7_i_i_reg_689   |   2|   0|    2|          0|
    |q_chunk_V_0_8_i_i_reg_694   |   2|   0|    2|          0|
    |q_chunk_V_0_9_i_i_reg_699   |   2|   0|    2|          0|
    |q_chunk_V_0_i_i_reg_704     |   2|   0|    2|          0|
    |reg_151                     |   4|   0|    4|          0|
    |tmp_15_reg_659              |   2|   0|    2|          0|
    |tmp_16_reg_669              |   1|   0|    1|          0|
    |tmp_5_reg_585               |   1|   0|    1|          0|
    +----------------------------+----+----+-----+-----------+
    |Total                       |  92|   0|   92|          0|
    +----------------------------+----+----+-----+-----------+



================================================================
== Interface
================================================================
* Summary: 
+-----------+-----+-----+------------+--------------+--------------+
| RTL Ports | Dir | Bits|  Protocol  | Source Object|    C Type    |
+-----------+-----+-----+------------+--------------+--------------+
|ap_clk     |  in |    1| ap_ctrl_hs |  float_div3  | return value |
|ap_rst     |  in |    1| ap_ctrl_hs |  float_div3  | return value |
|ap_start   |  in |    1| ap_ctrl_hs |  float_div3  | return value |
|ap_done    | out |    1| ap_ctrl_hs |  float_div3  | return value |
|ap_idle    | out |    1| ap_ctrl_hs |  float_div3  | return value |
|ap_ready   | out |    1| ap_ctrl_hs |  float_div3  | return value |
|ap_return  | out |   32| ap_ctrl_hs |  float_div3  | return value |
|in_r       |  in |   32|   ap_none  |     in_r     |    scalar    |
+-----------+-----+-----+------------+--------------+--------------+

