INFO: [COSIM-47] Using XSIM for RTL simulation.
INFO: [COSIM-14] Instrumenting C test bench ...
   Build using "/opt/Xilinx/Vivado/2018.2/tps/lnx64/gcc-6.2.0/bin/g++"
   Compiling test_int_div5.cpp_pre.cpp.tb.cpp
   Compiling apatb_int_div5.cpp
   Compiling int_div5.cpp_pre.cpp.tb.cpp
   Generating cosim.tv.exe
INFO: [COSIM-302] Starting C TB testing ... 
INFO: [COSIM-333] Generating C post check test bench ...
INFO: [COSIM-12] Generating RTL test bench ...
INFO: [COSIM-322] Starting VHDL simulation. 
INFO: [COSIM-15] Starting XSIM ...
INFO: [COSIM-316] Starting C post checking ...
-------- PROBLEME --------
D = 0
Résultat attendu :
    q = 0
    r_out = 0
Résultat obtenu :
    q = 3221225472
    r_out = 0
-------- FIN --------


-------- PROBLEME --------
D = 1
Résultat attendu :
    q = 0
    r_out = 0
Résultat obtenu :
    q = 1073741824
    r_out = 0
-------- FIN --------


-------- PROBLEME --------
D = 2
Résultat attendu :
    q = 0
    r_out = 0
Résultat obtenu :
    q = 1073741824
    r_out = 0
-------- FIN --------


-------- PROBLEME --------
D = 3
Résultat attendu :
    q = 0
    r_out = 0
Résultat obtenu :
    q = 1073741824
    r_out = 0
-------- FIN --------


-------- PROBLEME --------
D = 4
Résultat attendu :
    q = 0
    r_out = 0
Résultat obtenu :
    q = 1073741824
    r_out = 0
-------- FIN --------


-------- PROBLEME --------
D = 5
Résultat attendu :
    q = 1
    r_out = 0
Résultat obtenu :
    q = 1073741825
    r_out = 0
-------- FIN --------


-------- PROBLEME --------
D = 6
Résultat attendu :
    q = 1
    r_out = 0
Résultat obtenu :
    q = 1073741825
    r_out = 0
-------- FIN --------


-------- PROBLEME --------
D = 7
Résultat attendu :
    q = 1
    r_out = 0
Résultat obtenu :
    q = 1073741825
    r_out = 0
-------- FIN --------


-------- PROBLEME --------
D = 8
Résultat attendu :
    q = 1
    r_out = 0
Résultat obtenu :
    q = 1073741825
    r_out = 0
-------- FIN --------


-------- PROBLEME --------
D = 9
Résultat attendu :
    q = 1
    r_out = 0
Résultat obtenu :
    q = 1073741825
    r_out = 0
-------- FIN --------


INFO: [XSIM 43-3496] Using init file passed via -initfile option "/opt/Xilinx/Vivado/2018.2/data/xsim/ip/xsim_ip.ini".
Vivado Simulator 2018.2
Copyright 1986-1999, 2001-2018 Xilinx, Inc. All Rights Reserved.
Running: /opt/Xilinx/Vivado/2018.2/bin/unwrapped/lnx64.o/xelab xil_defaultlib.apatb_int_div5_top glbl -prj int_div5.prj -L smartconnect_v1_0 -L axi_protocol_checker_v1_1_12 -L axi_protocol_checker_v1_1_13 -L axis_protocol_checker_v1_1_11 -L axis_protocol_checker_v1_1_12 -L xil_defaultlib -L unisims -L xpm --initfile /opt/Xilinx/Vivado/2018.2/data/xsim/ip/xsim_ip.ini --lib ieee_proposed=./ieee_proposed -s int_div5 
Multi-threading is on. Using 2 slave threads.
Determining compilation order of HDL files.
WARNING: [XSIM 43-3431] One or more environment variables have been detected which affect the operation of the C compiler. These are typically not set in standard installations and are not tested by Xilinx, however they may be appropriate for your system, so the flow will attempt to continue.  If errors occur, try running xelab with the "-mt off -v 1" switches to see more information from the C compiler. The following environment variables have been detected:
    CPATH
    LIBRARY_PATH
INFO: [VRFC 10-2263] Analyzing SystemVerilog file "/home/duazel/Documents/stage3IF/High_Level_Synthesis_Trainee/operator_Vivado/int_div5/fir_prj/solution1/sim/vhdl/glbl.v" into library work
INFO: [VRFC 10-311] analyzing module glbl
INFO: [VRFC 10-163] Analyzing VHDL file "/home/duazel/Documents/stage3IF/High_Level_Synthesis_Trainee/operator_Vivado/int_div5/fir_prj/solution1/sim/vhdl/AESL_sim_pkg.vhd" into library xil_defaultlib
INFO: [VRFC 10-163] Analyzing VHDL file "/home/duazel/Documents/stage3IF/High_Level_Synthesis_Trainee/operator_Vivado/int_div5/fir_prj/solution1/sim/vhdl/int_div5.vhd" into library xil_defaultlib
INFO: [VRFC 10-307] analyzing entity int_div5
INFO: [VRFC 10-163] Analyzing VHDL file "/home/duazel/Documents/stage3IF/High_Level_Synthesis_Trainee/operator_Vivado/int_div5/fir_prj/solution1/sim/vhdl/int_div5_mux_646_bkb.vhd" into library xil_defaultlib
INFO: [VRFC 10-307] analyzing entity int_div5_mux_646_bkb
INFO: [VRFC 10-163] Analyzing VHDL file "/home/duazel/Documents/stage3IF/High_Level_Synthesis_Trainee/operator_Vivado/int_div5/fir_prj/solution1/sim/vhdl/int_div5.autotb.vhd" into library xil_defaultlib
INFO: [VRFC 10-307] analyzing entity apatb_int_div5_top
INFO: [VRFC 10-163] Analyzing VHDL file "/home/duazel/Documents/stage3IF/High_Level_Synthesis_Trainee/operator_Vivado/int_div5/fir_prj/solution1/sim/vhdl/lut_div5_chunk.vhd" into library xil_defaultlib
INFO: [VRFC 10-307] analyzing entity lut_div5_chunk
Starting static elaboration
Completed static elaboration
Starting simulation data flow analysis
Completed simulation data flow analysis
Time Resolution for simulation is 1ps
Compiling package std.standard
Compiling package std.textio
Compiling package ieee.std_logic_1164
Compiling package ieee.std_logic_arith
Compiling package ieee.std_logic_unsigned
Compiling package ieee.numeric_std
Compiling package ieee.std_logic_textio
Compiling module work.glbl
Compiling architecture rtl of entity xil_defaultlib.int_div5_mux_646_bkb [\int_div5_mux_646_bkb(id=1,din0_...]
Compiling architecture behav of entity xil_defaultlib.lut_div5_chunk [lut_div5_chunk_default]
Compiling architecture behav of entity xil_defaultlib.int_div5 [int_div5_default]
Compiling architecture behav of entity xil_defaultlib.apatb_int_div5_top
Built simulation snapshot int_div5

****** Webtalk v2018.2 (64-bit)
  **** SW Build 2258646 on Thu Jun 14 20:02:38 MDT 2018
  **** IP Build 2256618 on Thu Jun 14 22:10:49 MDT 2018
    ** Copyright 1986-2018 Xilinx, Inc. All Rights Reserved.

source /home/duazel/Documents/stage3IF/High_Level_Synthesis_Trainee/operator_Vivado/int_div5/fir_prj/solution1/sim/vhdl/xsim.dir/int_div5/webtalk/xsim_webtalk.tcl -notrace
INFO: [Common 17-186] '/home/duazel/Documents/stage3IF/High_Level_Synthesis_Trainee/operator_Vivado/int_div5/fir_prj/solution1/sim/vhdl/xsim.dir/int_div5/webtalk/usage_statistics_ext_xsim.xml' has been successfully sent to Xilinx on Mon Jul 23 16:32:18 2018. For additional details about this file, please refer to the WebTalk help file at /opt/Xilinx/Vivado/2018.2/doc/webtalk_introduction.html.
INFO: [Common 17-206] Exiting Webtalk at Mon Jul 23 16:32:18 2018...

****** xsim v2018.2 (64-bit)
  **** SW Build 2258646 on Thu Jun 14 20:02:38 MDT 2018
  **** IP Build 2256618 on Thu Jun 14 22:10:49 MDT 2018
    ** Copyright 1986-2018 Xilinx, Inc. All Rights Reserved.

source xsim.dir/int_div5/xsim_script.tcl
# xsim {int_div5} -autoloadwcfg -tclbatch {int_div5.tcl}
Vivado Simulator 2018.2
Time resolution is 1 ps
source int_div5.tcl
## run all
Note: simulation done!
Time: 775 ns  Iteration: 1  Process: /apatb_int_div5_top/generate_sim_done_proc  File: /home/duazel/Documents/stage3IF/High_Level_Synthesis_Trainee/operator_Vivado/int_div5/fir_prj/solution1/sim/vhdl/int_div5.autotb.vhd
Failure: NORMAL EXIT (note: failure is to force the simulator to stop)
Time: 775 ns  Iteration: 1  Process: /apatb_int_div5_top/generate_sim_done_proc  File: /home/duazel/Documents/stage3IF/High_Level_Synthesis_Trainee/operator_Vivado/int_div5/fir_prj/solution1/sim/vhdl/int_div5.autotb.vhd
$finish called at time : 775 ns
## quit
INFO: [Common 17-206] Exiting xsim at Mon Jul 23 16:32:34 2018...
INFO: [COSIM-1000] *** C/RTL co-simulation finished: PASS ***
