#-----------------------------------------------------------
# xsim v2018.2 (64-bit)
# SW Build 2258646 on Thu Jun 14 20:02:38 MDT 2018
# IP Build 2256618 on Thu Jun 14 22:10:49 MDT 2018
# Start of session at: Mon Jul 23 16:32:19 2018
# Process ID: 5449
# Current directory: /home/duazel/Documents/stage3IF/High_Level_Synthesis_Trainee/operator_Vivado/int_div5/fir_prj/solution1/sim/vhdl
# Command line: xsim -mode tcl -source {xsim.dir/int_div5/xsim_script.tcl}
# Log file: /home/duazel/Documents/stage3IF/High_Level_Synthesis_Trainee/operator_Vivado/int_div5/fir_prj/solution1/sim/vhdl/xsim.log
# Journal file: /home/duazel/Documents/stage3IF/High_Level_Synthesis_Trainee/operator_Vivado/int_div5/fir_prj/solution1/sim/vhdl/xsim.jou
#-----------------------------------------------------------
source xsim.dir/int_div5/xsim_script.tcl
# xsim {int_div5} -autoloadwcfg -tclbatch {int_div5.tcl}
Vivado Simulator 2018.2
Time resolution is 1 ps
source int_div5.tcl
## run all
Note: simulation done!
Time: 775 ns  Iteration: 1  Process: /apatb_int_div5_top/generate_sim_done_proc  File: /home/duazel/Documents/stage3IF/High_Level_Synthesis_Trainee/operator_Vivado/int_div5/fir_prj/solution1/sim/vhdl/int_div5.autotb.vhd
Failure: NORMAL EXIT (note: failure is to force the simulator to stop)
Time: 775 ns  Iteration: 1  Process: /apatb_int_div5_top/generate_sim_done_proc  File: /home/duazel/Documents/stage3IF/High_Level_Synthesis_Trainee/operator_Vivado/int_div5/fir_prj/solution1/sim/vhdl/int_div5.autotb.vhd
$finish called at time : 775 ns
## quit
INFO: [Common 17-206] Exiting xsim at Mon Jul 23 16:32:34 2018...
