Copyright 1986-2018 Xilinx, Inc. All Rights Reserved.
-------------------------------------------------------------------------------------
| Tool Version : Vivado v.2018.2 (lin64) Build 2258646 Thu Jun 14 20:02:38 MDT 2018
| Date         : Mon Jul 23 16:35:21 2018
| Host         : duazel-portable running 64-bit Ubuntu 16.04.5 LTS
| Command      : report_control_sets -verbose -file int_div5_control_sets_placed.rpt
| Design       : int_div5
| Device       : xc7k160t
-------------------------------------------------------------------------------------

Control Set Information

Table of Contents
-----------------
1. Summary
2. Histogram
3. Flip-Flop Distribution
4. Detailed Control Set Information

1. Summary
----------

+----------------------------------------------------------+-------+
|                          Status                          | Count |
+----------------------------------------------------------+-------+
| Number of unique control sets                            |     7 |
| Unused register locations in slices containing registers |    28 |
+----------------------------------------------------------+-------+


2. Histogram
------------

+--------+--------------+
| Fanout | Control Sets |
+--------+--------------+
|      6 |            1 |
|     12 |            5 |
|    16+ |            1 |
+--------+--------------+


3. Flip-Flop Distribution
-------------------------

+--------------+-----------------------+------------------------+-----------------+--------------+
| Clock Enable | Synchronous Set/Reset | Asynchronous Set/Reset | Total Registers | Total Slices |
+--------------+-----------------------+------------------------+-----------------+--------------+
| No           | No                    | No                     |               6 |            3 |
| No           | No                    | Yes                    |               0 |            0 |
| No           | Yes                   | No                     |              12 |            2 |
| Yes          | No                    | No                     |             114 |           15 |
| Yes          | No                    | Yes                    |               0 |            0 |
| Yes          | Yes                   | No                     |               0 |            0 |
+--------------+-----------------------+------------------------+-----------------+--------------+


4. Detailed Control Set Information
-----------------------------------

+--------------+------------------+------------------+------------------+----------------+
| Clock Signal |   Enable Signal  | Set/Reset Signal | Slice Load Count | Bel Load Count |
+--------------+------------------+------------------+------------------+----------------+
|  ap_clk      |                  |                  |                3 |              6 |
|  ap_clk      |                  | ap_rst           |                2 |             12 |
|  ap_clk      | ap_CS_fsm_state2 |                  |                1 |             12 |
|  ap_clk      | ap_CS_fsm_state4 |                  |                1 |             12 |
|  ap_clk      | ap_CS_fsm_state3 |                  |                3 |             12 |
|  ap_clk      | ap_CS_fsm_state5 |                  |                1 |             12 |
|  ap_clk      | ap_NS_fsm1       |                  |                9 |             66 |
+--------------+------------------+------------------+------------------+----------------+


