

================================================================
== Vivado HLS Report for 'lut_mul3_chunk'
================================================================
* Date:           Thu Aug 23 12:23:50 2018

* Version:        2018.2 (Build 2258646 on Thu Jun 14 20:25:20 MDT 2018)
* Project:        result
* Solution:       solution1
* Product family: kintex7
* Target device:  xc7k160tfbg484-1


================================================================
== Performance Estimates
================================================================
+ Timing (ns): 
    * Summary: 
    +--------+-------+----------+------------+
    |  Clock | Target| Estimated| Uncertainty|
    +--------+-------+----------+------------+
    |ap_clk  |  10.00|     2.664|        1.25|
    +--------+-------+----------+------------+

+ Latency (clock cycles): 
    * Summary: 
    +-----+-----+-----+-----+---------+
    |  Latency  |  Interval | Pipeline|
    | min | max | min | max |   Type  |
    +-----+-----+-----+-----+---------+
    |    1|    1|    1|    1|   none  |
    +-----+-----+-----+-----+---------+

    + Detail: 
        * Instance: 
        N/A

        * Loop: 
        N/A



================================================================
== Utilization Estimates
================================================================
* Summary: 
+-----------------+---------+-------+--------+--------+
|       Name      | BRAM_18K| DSP48E|   FF   |   LUT  |
+-----------------+---------+-------+--------+--------+
|DSP              |        -|      -|       -|       -|
|Expression       |        -|      -|       -|       -|
|FIFO             |        -|      -|       -|       -|
|Instance         |        -|      -|       -|       -|
|Memory           |        0|      -|       8|       8|
|Multiplexer      |        -|      -|       -|      24|
|Register         |        -|      -|      10|       -|
+-----------------+---------+-------+--------+--------+
|Total            |        0|      0|      18|      32|
+-----------------+---------+-------+--------+--------+
|Available        |      650|    600|  202800|  101400|
+-----------------+---------+-------+--------+--------+
|Utilization (%)  |        0|      0|   ~0   |   ~0   |
+-----------------+---------+-------+--------+--------+

+ Detail: 
    * Instance: 
    N/A

    * DSP48: 
    N/A

    * Memory: 
    +---------+----------------------+---------+---+----+------+-----+------+-------------+
    |  Memory |        Module        | BRAM_18K| FF| LUT| Words| Bits| Banks| W*Bits*Banks|
    +---------+----------------------+---------+---+----+------+-----+------+-------------+
    |mem_0_U  |lut_mul3_chunk_mebkb  |        0|  1|   1|    64|    1|     1|           64|
    |mem_1_U  |lut_mul3_chunk_mecud  |        0|  1|   1|    64|    1|     1|           64|
    |mem_2_U  |lut_mul3_chunk_medEe  |        0|  1|   1|    64|    1|     1|           64|
    |mem_3_U  |lut_mul3_chunk_meeOg  |        0|  1|   1|    64|    1|     1|           64|
    |mem_4_U  |lut_mul3_chunk_mefYi  |        0|  1|   1|    64|    1|     1|           64|
    |mem_5_U  |lut_mul3_chunk_meg8j  |        0|  1|   1|    64|    1|     1|           64|
    |mem_6_U  |lut_mul3_chunk_mehbi  |        0|  1|   1|    64|    1|     1|           64|
    |mem_7_U  |lut_mul3_chunk_meibs  |        0|  1|   1|    64|    1|     1|           64|
    +---------+----------------------+---------+---+----+------+-----+------+-------------+
    |Total    |                      |        0|  8|   8|   512|    8|     8|          512|
    +---------+----------------------+---------+---+----+------+-----+------+-------------+

    * FIFO: 
    N/A

    * Expression: 
    N/A

    * Multiplexer: 
    +-----------+----+-----------+-----+-----------+
    |    Name   | LUT| Input Size| Bits| Total Bits|
    +-----------+----+-----------+-----+-----------+
    |ap_NS_fsm  |  15|          3|    1|          3|
    |ap_return  |   9|          2|    8|         16|
    +-----------+----+-----------+-----+-----------+
    |Total      |  24|          5|    9|         19|
    +-----------+----+-----------+-----+-----------+

    * Register: 
    +----------------+---+----+-----+-----------+
    |      Name      | FF| LUT| Bits| Const Bits|
    +----------------+---+----+-----+-----------+
    |ap_CS_fsm       |  2|   0|    2|          0|
    |ap_return_preg  |  8|   0|    8|          0|
    +----------------+---+----+-----+-----------+
    |Total           | 10|   0|   10|          0|
    +----------------+---+----+-----+-----------+



================================================================
== Interface
================================================================
* Summary: 
+-----------+-----+-----+------------+----------------+--------------+
| RTL Ports | Dir | Bits|  Protocol  |  Source Object |    C Type    |
+-----------+-----+-----+------------+----------------+--------------+
|ap_clk     |  in |    1| ap_ctrl_hs | lut_mul3_chunk | return value |
|ap_rst     |  in |    1| ap_ctrl_hs | lut_mul3_chunk | return value |
|ap_start   |  in |    1| ap_ctrl_hs | lut_mul3_chunk | return value |
|ap_done    | out |    1| ap_ctrl_hs | lut_mul3_chunk | return value |
|ap_idle    | out |    1| ap_ctrl_hs | lut_mul3_chunk | return value |
|ap_ready   | out |    1| ap_ctrl_hs | lut_mul3_chunk | return value |
|ap_return  | out |    8| ap_ctrl_hs | lut_mul3_chunk | return value |
|in_V       |  in |    6|   ap_none  |      in_V      |    scalar    |
+-----------+-----+-----+------------+----------------+--------------+

