#-----------------------------------------------------------
# xsim v2018.2 (64-bit)
# SW Build 2258646 on Thu Jun 14 20:02:38 MDT 2018
# IP Build 2256618 on Thu Jun 14 22:10:49 MDT 2018
# Start of session at: Tue Jul 24 11:51:17 2018
# Process ID: 29671
# Current directory: /home/duazel/Documents/stage3IF/High_Level_Synthesis_Trainee/operator_Vivado/int_13_div3/fir_prj/solution1/sim/vhdl
# Command line: xsim -mode tcl -source {xsim.dir/int_13_div3/xsim_script.tcl}
# Log file: /home/duazel/Documents/stage3IF/High_Level_Synthesis_Trainee/operator_Vivado/int_13_div3/fir_prj/solution1/sim/vhdl/xsim.log
# Journal file: /home/duazel/Documents/stage3IF/High_Level_Synthesis_Trainee/operator_Vivado/int_13_div3/fir_prj/solution1/sim/vhdl/xsim.jou
#-----------------------------------------------------------
source xsim.dir/int_13_div3/xsim_script.tcl
# xsim {int_13_div3} -autoloadwcfg -tclbatch {int_13_div3.tcl}
Vivado Simulator 2018.2
Time resolution is 1 ps
source int_13_div3.tcl
## run all
Note: simulation done!
Time: 275 ns  Iteration: 1  Process: /apatb_int_13_div3_top/generate_sim_done_proc  File: /home/duazel/Documents/stage3IF/High_Level_Synthesis_Trainee/operator_Vivado/int_13_div3/fir_prj/solution1/sim/vhdl/int_13_div3.autotb.vhd
Failure: NORMAL EXIT (note: failure is to force the simulator to stop)
Time: 275 ns  Iteration: 1  Process: /apatb_int_13_div3_top/generate_sim_done_proc  File: /home/duazel/Documents/stage3IF/High_Level_Synthesis_Trainee/operator_Vivado/int_13_div3/fir_prj/solution1/sim/vhdl/int_13_div3.autotb.vhd
$finish called at time : 275 ns
## quit
INFO: [Common 17-206] Exiting xsim at Tue Jul 24 11:51:28 2018...
